2019-08-29 16:58:50,159 - root - INFO - 18768278576用户开始登录，返回登录信息b5f99e28-e29d-4bc6-9fb9-fa09eb935667
2019-08-29 16:58:50,631 - root - INFO - 18768278576登录成功，返回token<05811e68-75aa-4c8c-a23b-5ee5640fb860>
2019-08-29 16:58:50,811 - root - INFO - 海妖后台登陆成功，返回token<eyJhbGciOiJIUzI1NiIsInR5cCI6IkpXVCJ9.eyJ1c2VySW5mbyI6eyJlbWFpbCI6IiIsImdtdENyZWF0ZSI6MTQ2MTA4MTE0MDAwMCwiZ210TW9kaWZpZWQiOjE1NDcwNzA4MDEwMDAsImlkIjo5MTQwMTM2LCJpbWFnZSI6Ii8vY2RuMS5zaG93am95LmNvbS9zaG9wL3VzZXJfaGVhZC8yMDE4MDUxNC9YUjhRRkFIOVlSQUVZVkRVVFozQjE1MjYyODM5MzExODAuanBnIiwiaXNFbmFibGUiOnRydWUsImlzRmFrZSI6MCwibmljayI6Iua1t-WmliIsInNleFR5cGUiOiJtIiwidGVsIjoiMTM1NjcxMzY2NTQiLCJ1c2VybmFtZSI6Iua1t-WmliIsImFjY291bnRfdHlwZSI6MSwiYnluYW1lIjoi5rW35aaWIiwicmVhbE5hbWUiOiLmtbflppYiLCJzdXBwbGllcklkIjpbMF19LCJpYXQiOjE1NjcwNjkxMzAsImV4cCI6MTU2NzY3MzkzMH0.4xxFc3Gg-RPsOxrfbDm-diTgYgvD91N_7Cw2ON32TEo>
2019-08-29 16:58:50,887 - root - INFO - 18069425303用户开始登录，返回登录信息f809fa34-1ac1-45fd-881a-f0fa327cfc04
2019-08-29 16:58:51,800 - root - INFO - 18069425303登录成功，返回token<80a670da-361d-40d5-995b-0f3f2c873f32>
2019-08-29 16:58:51,806 - root - INFO - 测试用例开始执行
2019-08-29 16:58:51,844 - root - INFO - 获取用例数据:{'id': 1.0, 'module': '达人圈', 'url': '/api/community/publishNote', 'name': '发起直播', 'key': 'app接口', 'param': '{"images":"https://git-cdn.oss-cn-hangzhou.aliyuncs.com/shop/community/20190827/NCHPE3E5755S82V5A6J41566871150340-640x427.jpg","watermark":"false","noteType":"1","content":"哈哈哈哈哈","viewerType":"0"}', 'place': '', 'way': 'POST', 'expect1': 'isSuccess=1', 'expect2': 'msg=发布成功', 'expect3': '', 'expect4': ''}
2019-08-29 16:58:52,389 - root - INFO - 成功发起POST请求(app接口)，请求结果code为：200, 请求结果字段为：{"count":0,"data":{"noteId":1260,"noteUserName":"店主盛夏","pushLiveUrl":"rtmp://pushlive.showjoy.com/live/88872881567069132?txSecret=8c78f1828254bb0b0375ec245509af39&txTime=5D68E54C"},"isRedirect":0,"isSuccess":1,"login":0,"msg":"发布成功"}
2019-08-29 16:58:52,391 - root - INFO - 请求传入数据：url:/api/community/publishNote,key:app接口,参数:{"images":"https://git-cdn.oss-cn-hangzhou.aliyuncs.com/shop/community/20190827/NCHPE3E5755S82V5A6J41566871150340-640x427.jpg","watermark":"false","noteType":"1","content":"哈哈哈哈哈","viewerType":"0"},请求方式：POST
2019-08-29 16:58:52,392 - root - INFO - 对【isSuccess】断言,断言结果--预期值1 == 实际值1
2019-08-29 16:58:52,393 - root - INFO - 对【发布结果】断言,断言结果--预期值发布成功 == 实际值发布成功
2019-08-29 16:58:52,393 - root - INFO - 测试用例执行完毕
2019-08-29 16:58:52,394 - root - INFO - ----------------------------------
2019-08-29 16:58:52,395 - root - INFO - 测试用例开始执行
2019-08-29 16:58:52,405 - root - INFO - 获取用例数据：{'id': 2.0, 'module': '达人圈', 'url': '/api/community/startLive', 'name': '推流成功', 'key': 'app接口', 'param': '{"noteId":{0}}', 'place': "sit;talent_circle;SELECT b.live_status from talent_circle.note_info a,talent_circle.note_live_info b where a.user_id='8887288'  ORDER BY b.gmt_create desc LIMIT 1;", 'way': 'POST', 'expect1': 'isSuccess=1', 'expect2': 'live_status=1', 'expect3': '', 'expect4': ''}
2019-08-29 16:58:52,458 - root - INFO - 成功发起POST请求(app接口)，请求结果code为：200, 请求结果字段为：{"count":0,"isRedirect":0,"isSuccess":1,"login":0}
2019-08-29 16:58:52,460 - root - INFO - 请求传入数据：url:/api/community/startLive,key:app接口,参数:{"noteId":{0}},请求方式：POST
2019-08-29 16:58:53,696 - root - INFO - 连接数据库成功
2019-08-29 16:58:53,705 - root - INFO - 成功登录sit环境数据库：talent_circle，版本为：5.7.25-log，执行SQL：SELECT b.live_status from talent_circle.note_info a,talent_circle.note_live_info b where a.user_id='8887288'  ORDER BY b.gmt_create desc LIMIT 1
2019-08-29 16:58:53,727 - root - INFO - 查询结果：1
2019-08-29 16:58:53,728 - root - INFO - 推流成功，对【isSuccess】断言,断言结果--预期值1 == 实际值1
2019-08-29 16:58:53,729 - root - INFO - 对【直播状态】断言,断言结果--预期值1 == 实际值1
2019-08-29 16:58:53,729 - root - INFO - 测试用例执行完毕
2019-08-29 16:58:53,729 - root - INFO - ----------------------------------
2019-08-29 16:58:53,730 - root - INFO - 测试用例开始执行
2019-08-29 16:58:53,737 - root - INFO - 获取用例数据：{'id': 3.0, 'module': '达人圈', 'url': '/api/community/getViewers?noteId={0}', 'name': '观看直播人数', 'key': 'app接口', 'param': 'not argument', 'place': "sit;talent_circle;SELECT live_status from talent_circle.note_live_info  where note_id = '{0}';", 'way': 'GET', 'expect1': 'isSuccess=1', 'expect2': 'live_status=1', 'expect3': '', 'expect4': ''}
2019-08-29 16:58:53,794 - root - INFO - 成功发起GET请求(http://shop.m.showjoy.com.cn/api/community/getViewers?noteId=1260)，请求url为：app接口，请求结果code为：200, 请求结果字段为：{"count":0,"data":0,"isRedirect":0,"isSuccess":1,"login":0}
2019-08-29 16:58:53,795 - root - INFO - 请求传入数据：url:/api/community/getViewers?noteId={0},key:app接口,参数:not argument,请求方式：GET
2019-08-29 16:58:54,914 - root - INFO - 连接数据库成功
2019-08-29 16:58:54,923 - root - INFO - 成功登录sit环境数据库：talent_circle，版本为：5.7.25-log，执行SQL：SELECT live_status from talent_circle.note_live_info  where note_id = '1260'
2019-08-29 16:58:54,938 - root - INFO - 查询结果：1
2019-08-29 16:58:54,939 - root - INFO - 有人数观看，对【isSuccess】断言,断言结果--预期值1 == 实际值1
2019-08-29 16:58:54,940 - root - INFO - 对观看人数断言,断言结果--预期值1 == 实际值1
2019-08-29 16:58:54,942 - root - INFO - 测试用例执行完毕
2019-08-29 16:58:54,942 - root - INFO - ----------------------------------
2019-08-29 16:58:54,944 - root - INFO - 测试用例开始执行
2019-08-29 16:58:54,961 - root - INFO - 获取用例数据：{'id': 4.0, 'module': '达人圈', 'url': '/api/community/viewLive?noteId={0}', 'name': '观众加入直播', 'key': '直播观众', 'param': 'not argument', 'place': "sit;talent_circle;SELECT pull_url from talent_circle.note_live_info  where note_id = '{0}';", 'way': 'GET', 'expect1': 'isSuccess=1', 'expect2': '【比较接口返回的pullUrl和数据库中的pullUrl】', 'expect3': '', 'expect4': ''}
2019-08-29 16:58:55,036 - root - INFO - 成功发起GET请求(http://shop.m.showjoy.com.cn/api/community/viewLive?noteId=1260)，请求url为：直播观众，请求结果code为：200, 请求结果字段为：{"count":0,"data":{"followStatus":0,"headImage":"https://cdn1.showjoy.com/images/8b/8b957c862d3249f6938e27d8e9a6c219.png","imageList":["https://git-cdn.oss-cn-hangzhou.aliyuncs.com/shop/community/20190827/NCHPE3E5755S82V5A6J41566871150340-640x427.jpg"],"likeNumber":0,"liveStatus":1,"needBuyVip":0,"pullUrl":"rtmp://playlive.showjoy.com/live/88872881567069132?txSecret=af10d4e31f78a26db9ba6afdd8314c62&txTime=5D68E54C","shopId":544655,"userId":8887288,"userName":"盛夏名字有点长哈哈哈哈","viewerUserName":"你说呢哈哈哈","viewers":1},"isRedirect":0,"isSuccess":1,"login":0}
2019-08-29 16:58:55,037 - root - INFO - 请求传入数据：url:/api/community/viewLive?noteId={0},key:直播观众,参数:not argument,请求方式：GET
2019-08-29 16:58:55,150 - root - INFO - 连接数据库成功
2019-08-29 16:58:55,159 - root - INFO - 成功登录sit环境数据库：talent_circle，版本为：5.7.25-log，执行SQL：SELECT pull_url from talent_circle.note_live_info  where note_id = '1260'
2019-08-29 16:58:55,185 - root - INFO - 查询结果：rtmp://playlive.showjoy.com/live/88872881567069132?txSecret=af10d4e31f78a26db9ba6afdd8314c62&txTime=5D68E54C
2019-08-29 16:58:56,191 - root - INFO - 加入成功，对【isSuccess】断言,断言结果--预期值1 == 实际值1
2019-08-29 16:58:56,192 - root - INFO - 对【加入状态】断言,断言结果--预期值rtmp://playlive.showjoy.com/live/88872881567069132?txSecret=af10d4e31f78a26db9ba6afdd8314c62&txTime=5D68E54C == 实际值rtmp://playlive.showjoy.com/live/88872881567069132?txSecret=af10d4e31f78a26db9ba6afdd8314c62&txTime=5D68E54C
2019-08-29 16:58:56,193 - root - INFO - 测试用例执行完毕
2019-08-29 16:58:56,194 - root - INFO - ----------------------------------
2019-08-29 16:58:56,195 - root - INFO - 测试用例开始执行
2019-08-29 16:58:56,206 - root - INFO - 获取测试用例：{'id': 5.0, 'module': '达人圈', 'url': '/api/community/likeLive', 'name': '观众对直播进行点赞', 'key': '直播观众', 'param': '{"noteId":{0}}', 'place': "sit;talent_circle;SELECT live_status from talent_circle.note_live_info  where note_id = '{0}';", 'way': 'POST', 'expect1': 'isSuccess=1', 'expect2': 'live_status=1', 'expect3': '', 'expect4': ''}
2019-08-29 16:58:56,260 - root - INFO - 成功发起POST请求(直播观众)，请求结果code为：200, 请求结果字段为：{"count":0,"isRedirect":0,"isSuccess":1,"login":0}
2019-08-29 16:58:56,261 - root - INFO - 请求传入的数据：url:/api/community/likeLive,way:POST,param:{"noteId":{0}},key:直播观众
2019-08-29 16:58:57,390 - root - INFO - 连接数据库成功
2019-08-29 16:58:57,398 - root - INFO - 成功登录sit环境数据库：talent_circle，版本为：5.7.25-log，执行SQL：SELECT live_status from talent_circle.note_live_info  where note_id = '1260'
2019-08-29 16:58:57,421 - root - INFO - 查询结果：1
2019-08-29 16:58:57,422 - root - INFO - 点赞成功，对【isSuccess】断言，断言结果--预期值1==实际值1
2019-08-29 16:58:57,423 - root - INFO - 对【直播状态】断言,断言结果--预期值1 == 实际值1
2019-08-29 16:58:57,424 - root - INFO - 测试用例执行完毕
2019-08-29 16:58:57,424 - root - INFO - ----------------------------------
2019-08-29 16:58:57,425 - root - INFO - 测试用例开始执行
2019-08-29 16:58:57,436 - root - INFO - 开始执行测试用例:{'id': 6.0, 'module': '达人圈', 'url': '/api/community/follow?userId=8887288', 'name': '观众对主播关注状态的变化', 'key': '直播观众', 'param': 'not argument', 'place': "sit;talent_circle;SELECT live_status from talent_circle.note_live_info  where note_id = '{0}';", 'way': 'GET', 'expect1': 'isSuccess=1', 'expect2': 'live_status=1', 'expect3': '', 'expect4': ''}
2019-08-29 16:58:57,493 - root - INFO - 成功发起GET请求(http://shop.m.showjoy.com.cn/api/community/follow?userId=8887288)，请求url为：直播观众，请求结果code为：200, 请求结果字段为：{"count":0,"data":2,"isRedirect":0,"isSuccess":1,"login":0}
2019-08-29 16:58:57,495 - root - INFO - 请求传入的数据：url：/api/community/follow?userId=8887288,param：not argument，key：直播观众，way：GET
2019-08-29 16:58:58,611 - root - INFO - 连接数据库成功
2019-08-29 16:58:58,620 - root - INFO - 成功登录sit环境数据库：talent_circle，版本为：5.7.25-log，执行SQL：SELECT live_status from talent_circle.note_live_info  where note_id = '1260'
2019-08-29 16:58:58,636 - root - INFO - 查询结果：1
2019-08-29 16:58:58,638 - root - INFO - 关注/取关/互关成功，对【isSuccess】断言，断言结果--预期值1==实际值1
2019-08-29 16:58:58,639 - root - INFO - 对【直播状态】断言,断言结果--预期值1 == 实际值1
2019-08-29 16:58:58,640 - root - INFO - 测试用例执行完毕
2019-08-29 16:58:58,640 - root - INFO - ----------------------------------
