2019-08-29 17:59:30,895 - root - INFO - 18768278576用户开始登录，返回登录信息b5f99e28-e29d-4bc6-9fb9-fa09eb935667
2019-08-29 17:59:31,243 - root - INFO - 18768278576登录成功，返回token<d9980c9a-4092-488a-a59c-87d9fd20df95>
2019-08-29 17:59:31,374 - root - INFO - 海妖后台登陆成功，返回token<eyJhbGciOiJIUzI1NiIsInR5cCI6IkpXVCJ9.eyJ1c2VySW5mbyI6eyJlbWFpbCI6IiIsImdtdENyZWF0ZSI6MTQ2MTA4MTE0MDAwMCwiZ210TW9kaWZpZWQiOjE1NDcwNzA4MDEwMDAsImlkIjo5MTQwMTM2LCJpbWFnZSI6Ii8vY2RuMS5zaG93am95LmNvbS9zaG9wL3VzZXJfaGVhZC8yMDE4MDUxNC9YUjhRRkFIOVlSQUVZVkRVVFozQjE1MjYyODM5MzExODAuanBnIiwiaXNFbmFibGUiOnRydWUsImlzRmFrZSI6MCwibmljayI6Iua1t-WmliIsInNleFR5cGUiOiJtIiwidGVsIjoiMTM1NjcxMzY2NTQiLCJ1c2VybmFtZSI6Iua1t-WmliIsImFjY291bnRfdHlwZSI6MSwiYnluYW1lIjoi5rW35aaWIiwicmVhbE5hbWUiOiLmtbflppYiLCJzdXBwbGllcklkIjpbMF19LCJpYXQiOjE1NjcwNzI3NzEsImV4cCI6MTU2NzY3NzU3MX0.UzYhKMo0c47gk655euvTHTl3scVipwcngWdV8ZVqrvc>
2019-08-29 17:59:31,449 - root - INFO - 18069425303用户开始登录，返回登录信息f809fa34-1ac1-45fd-881a-f0fa327cfc04
2019-08-29 17:59:31,759 - root - INFO - 18069425303登录成功，返回token<77a60bdb-31f6-4991-9d15-ef9840a0799f>
2019-08-29 17:59:31,766 - root - INFO - 测试用例开始执行
2019-08-29 17:59:31,807 - root - INFO - 获取用例数据:{'id': 1.0, 'module': '达人圈', 'url': '/api/community/publishNote', 'name': '发起直播', 'key': 'app接口', 'param': '{"images":"https://git-cdn.oss-cn-hangzhou.aliyuncs.com/shop/community/20190827/NCHPE3E5755S82V5A6J41566871150340-640x427.jpg","watermark":"false","noteType":"1","content":"哈哈哈哈哈","viewerType":"0"}', 'place': '', 'way': 'POST', 'expect1': 'isSuccess=1', 'expect2': 'msg=发布成功', 'expect3': '', 'expect4': ''}
2019-08-29 17:59:32,160 - root - INFO - 成功发起POST请求(app接口)，请求结果code为：200, 请求结果字段为：{"count":0,"data":{"noteId":1265,"noteUserName":"店主盛夏","pushLiveUrl":"rtmp://pushlive.showjoy.com/live/88872881567072772?txSecret=20b788ccfdf7363a3453910952e6620c&txTime=5D68F384"},"isRedirect":0,"isSuccess":1,"login":0,"msg":"发布成功"}
2019-08-29 17:59:32,161 - root - INFO - 请求传入数据：url:/api/community/publishNote,key:app接口,参数:{"images":"https://git-cdn.oss-cn-hangzhou.aliyuncs.com/shop/community/20190827/NCHPE3E5755S82V5A6J41566871150340-640x427.jpg","watermark":"false","noteType":"1","content":"哈哈哈哈哈","viewerType":"0"},请求方式：POST
2019-08-29 17:59:32,162 - root - INFO - 对【isSuccess】断言,断言结果--预期值1 == 实际值1
2019-08-29 17:59:32,163 - root - INFO - 对【发布结果】断言,断言结果--预期值发布成功 == 实际值发布成功
2019-08-29 17:59:32,163 - root - INFO - 测试用例执行完毕
2019-08-29 17:59:32,164 - root - INFO - ----------------------------------
2019-08-29 17:59:32,165 - root - INFO - 测试用例开始执行
2019-08-29 17:59:32,175 - root - INFO - 获取用例数据：{'id': 2.0, 'module': '达人圈', 'url': '/api/community/startLive', 'name': '推流成功', 'key': 'app接口', 'param': '{"noteId":{0}}', 'place': "sit;talent_circle;SELECT b.live_status from talent_circle.note_info a,talent_circle.note_live_info b where a.user_id='8887288'  ORDER BY b.gmt_create desc LIMIT 1;", 'way': 'POST', 'expect1': 'isSuccess=1', 'expect2': 'live_status=1', 'expect3': '', 'expect4': ''}
2019-08-29 17:59:32,233 - root - INFO - 成功发起POST请求(app接口)，请求结果code为：200, 请求结果字段为：{"count":0,"isRedirect":0,"isSuccess":1,"login":0}
2019-08-29 17:59:32,234 - root - INFO - 请求传入数据：url:/api/community/startLive,key:app接口,参数:{"noteId":{0}},请求方式：POST
2019-08-29 17:59:33,469 - root - INFO - 连接数据库成功
2019-08-29 17:59:33,479 - root - INFO - 成功登录sit环境数据库：talent_circle，版本为：5.7.25-log，执行SQL：SELECT b.live_status from talent_circle.note_info a,talent_circle.note_live_info b where a.user_id='8887288'  ORDER BY b.gmt_create desc LIMIT 1
2019-08-29 17:59:33,495 - root - INFO - 查询结果：1
2019-08-29 17:59:33,498 - root - INFO - 推流成功，对【isSuccess】断言,断言结果--预期值1 == 实际值1
2019-08-29 17:59:33,499 - root - INFO - 对【直播状态】断言,断言结果--预期值1 == 实际值1
2019-08-29 17:59:33,500 - root - INFO - 测试用例执行完毕
2019-08-29 17:59:33,501 - root - INFO - ----------------------------------
2019-08-29 17:59:33,502 - root - INFO - 测试用例开始执行
2019-08-29 17:59:33,518 - root - INFO - 获取用例数据：{'id': 3.0, 'module': '达人圈', 'url': '/api/community/getViewers?noteId={0}', 'name': '观看直播人数', 'key': 'app接口', 'param': 'not argument', 'place': "sit;talent_circle;SELECT live_status from talent_circle.note_live_info  where note_id = '{0}';", 'way': 'GET', 'expect1': 'isSuccess=1', 'expect2': 'live_status=1', 'expect3': '', 'expect4': ''}
2019-08-29 17:59:33,576 - root - INFO - 成功发起GET请求(http://shop.m.showjoy.com.cn/api/community/getViewers?noteId=1265)，请求url为：app接口，请求结果code为：200, 请求结果字段为：{"count":0,"data":0,"isRedirect":0,"isSuccess":1,"login":0}
2019-08-29 17:59:33,576 - root - INFO - 请求传入数据：url:/api/community/getViewers?noteId={0},key:app接口,参数:not argument,请求方式：GET
2019-08-29 17:59:34,686 - root - INFO - 连接数据库成功
2019-08-29 17:59:34,696 - root - INFO - 成功登录sit环境数据库：talent_circle，版本为：5.7.25-log，执行SQL：SELECT live_status from talent_circle.note_live_info  where note_id = '1265'
2019-08-29 17:59:34,715 - root - INFO - 查询结果：1
2019-08-29 17:59:34,716 - root - INFO - 有人数观看，对【isSuccess】断言,断言结果--预期值1 == 实际值1
2019-08-29 17:59:34,717 - root - INFO - 对观看人数断言,断言结果--预期值1 == 实际值1
2019-08-29 17:59:34,718 - root - INFO - 测试用例执行完毕
2019-08-29 17:59:34,719 - root - INFO - ----------------------------------
2019-08-29 17:59:34,720 - root - INFO - 测试用例开始执行
2019-08-29 17:59:34,734 - root - INFO - 获取用例数据：{'id': 4.0, 'module': '达人圈', 'url': '/api/community/viewLive?noteId={0}', 'name': '观众加入直播', 'key': '直播观众', 'param': 'not argument', 'place': "sit;talent_circle;SELECT pull_url from talent_circle.note_live_info  where note_id = '{0}';", 'way': 'GET', 'expect1': 'isSuccess=1', 'expect2': '【比较接口返回的pullUrl和数据库中的pullUrl】', 'expect3': '', 'expect4': ''}
2019-08-29 17:59:34,798 - root - INFO - 成功发起GET请求(http://shop.m.showjoy.com.cn/api/community/viewLive?noteId=1265)，请求url为：直播观众，请求结果code为：200, 请求结果字段为：{"count":0,"data":{"followStatus":0,"headImage":"https://cdn1.showjoy.com/images/8b/8b957c862d3249f6938e27d8e9a6c219.png","imageList":["https://git-cdn.oss-cn-hangzhou.aliyuncs.com/shop/community/20190827/NCHPE3E5755S82V5A6J41566871150340-640x427.jpg"],"likeNumber":0,"liveStatus":1,"needBuyVip":0,"pullUrl":"rtmp://playlive.showjoy.com/live/88872881567072772?txSecret=e860d00f97e76cd02d1ab28385588c13&txTime=5D68F384","shopId":544655,"userId":8887288,"userName":"盛夏名字有点长哈哈哈哈","viewerUserName":"你说呢哈哈哈","viewers":1},"isRedirect":0,"isSuccess":1,"login":0}
2019-08-29 17:59:34,799 - root - INFO - 请求传入数据：url:/api/community/viewLive?noteId={0},key:直播观众,参数:not argument,请求方式：GET
2019-08-29 17:59:34,908 - root - INFO - 连接数据库成功
2019-08-29 17:59:34,924 - root - INFO - 成功登录sit环境数据库：talent_circle，版本为：5.7.25-log，执行SQL：SELECT pull_url from talent_circle.note_live_info  where note_id = '1265'
2019-08-29 17:59:34,939 - root - INFO - 查询结果：rtmp://playlive.showjoy.com/live/88872881567072772?txSecret=e860d00f97e76cd02d1ab28385588c13&txTime=5D68F384
2019-08-29 17:59:35,946 - root - INFO - 加入成功，对【isSuccess】断言,断言结果--预期值1 == 实际值1
2019-08-29 17:59:35,947 - root - INFO - 对【加入状态】断言,断言结果--预期值rtmp://playlive.showjoy.com/live/88872881567072772?txSecret=e860d00f97e76cd02d1ab28385588c13&txTime=5D68F384 == 实际值rtmp://playlive.showjoy.com/live/88872881567072772?txSecret=e860d00f97e76cd02d1ab28385588c13&txTime=5D68F384
2019-08-29 17:59:35,950 - root - INFO - 测试用例执行完毕
2019-08-29 17:59:35,951 - root - INFO - ----------------------------------
2019-08-29 17:59:35,952 - root - INFO - 测试用例开始执行
2019-08-29 17:59:35,964 - root - INFO - 获取测试用例：{'id': 5.0, 'module': '达人圈', 'url': '/api/community/likeLive', 'name': '观众对直播进行点赞', 'key': '直播观众', 'param': '{"noteId":{0}}', 'place': "sit;talent_circle;SELECT live_status from talent_circle.note_live_info  where note_id = '{0}';", 'way': 'POST', 'expect1': 'isSuccess=1', 'expect2': 'live_status=1', 'expect3': '', 'expect4': ''}
2019-08-29 17:59:36,019 - root - INFO - 成功发起POST请求(直播观众)，请求结果code为：200, 请求结果字段为：{"count":0,"isRedirect":0,"isSuccess":1,"login":0}
2019-08-29 17:59:36,020 - root - INFO - 请求传入的数据：url:/api/community/likeLive,way:POST,param:{"noteId":{0}},key:直播观众
2019-08-29 17:59:37,145 - root - INFO - 连接数据库成功
2019-08-29 17:59:37,155 - root - INFO - 成功登录sit环境数据库：talent_circle，版本为：5.7.25-log，执行SQL：SELECT live_status from talent_circle.note_live_info  where note_id = '1265'
2019-08-29 17:59:37,181 - root - INFO - 查询结果：1
2019-08-29 17:59:37,183 - root - INFO - 点赞成功，对【isSuccess】断言，断言结果--预期值1==实际值1
2019-08-29 17:59:37,184 - root - INFO - 对【直播状态】断言,断言结果--预期值1 == 实际值1
2019-08-29 17:59:37,185 - root - INFO - 测试用例执行完毕
2019-08-29 17:59:37,186 - root - INFO - ----------------------------------
2019-08-29 17:59:37,188 - root - INFO - 测试用例开始执行
2019-08-29 17:59:37,198 - root - INFO - 开始执行测试用例:{'id': 6.0, 'module': '达人圈', 'url': '/api/community/follow?userId=8887288', 'name': '观众对主播关注状态的变化', 'key': '直播观众', 'param': 'not argument', 'place': "sit;talent_circle;SELECT live_status from talent_circle.note_live_info  where note_id = '{0}';", 'way': 'GET', 'expect1': 'isSuccess=1', 'expect2': 'live_status=1', 'expect3': '', 'expect4': ''}
2019-08-29 17:59:37,303 - root - INFO - 成功发起GET请求(http://shop.m.showjoy.com.cn/api/community/follow?userId=8887288)，请求url为：直播观众，请求结果code为：200, 请求结果字段为：{"count":0,"data":2,"isRedirect":0,"isSuccess":1,"login":0}
2019-08-29 17:59:37,305 - root - INFO - 请求传入的数据：url：/api/community/follow?userId=8887288,param：not argument，key：直播观众，way：GET
2019-08-29 17:59:38,405 - root - INFO - 连接数据库成功
2019-08-29 17:59:38,416 - root - INFO - 成功登录sit环境数据库：talent_circle，版本为：5.7.25-log，执行SQL：SELECT live_status from talent_circle.note_live_info  where note_id = '1265'
2019-08-29 17:59:38,433 - root - INFO - 查询结果：1
2019-08-29 17:59:38,435 - root - INFO - 关注/取关/互关成功，对【isSuccess】断言，断言结果--预期值1==实际值1
2019-08-29 17:59:38,436 - root - INFO - 对【直播状态】断言,断言结果--预期值1 == 实际值1
2019-08-29 17:59:38,437 - root - INFO - 测试用例执行完毕
2019-08-29 17:59:38,438 - root - INFO - ----------------------------------
2019-08-29 17:59:38,439 - root - INFO - 测试用例开始执行
2019-08-29 17:59:38,450 - root - INFO - 开始执行测试用例：{'id': 7.0, 'module': '达人圈', 'url': '/api/community/endLive', 'name': '结束直播', 'key': 'app接口', 'param': '{"noteId":{0}}', 'place': "sit;talent_circle;SELECT live_status from talent_circle.note_live_info  where note_id = '{0}';", 'way': 'POST', 'expect1': 'isSuccess=1', 'expect2': 'live_status=0', 'expect3': '', 'expect4': ''}
2019-08-29 17:59:38,452 - root - ERROR - post请求出错，出错原因:Expecting property name enclosed in double quotes: line 1 column 12 (char 11)
2019-08-29 17:59:38,452 - root - INFO - 请求传入的数据：url:/api/community/endLive,key:app接口,param:{"noteId":{0}},way:POST
2019-08-29 17:59:38,453 - root - INFO - 测试用例执行完毕
2019-08-29 17:59:38,453 - root - INFO - ----------------------------------
2019-08-29 17:59:38,457 - root - INFO - 测试用例开始执行
2019-08-29 17:59:38,462 - root - INFO - 测试用例开始执行：{'id': 8.0, 'module': '达人圈', 'url': '/api/community/viewLive?noteId={0}', 'name': '直播结束页', 'key': 'app接口', 'param': 'not argument', 'place': "sit;talent_circle;SELECT live_status from talent_circle.note_live_info  where note_id = '{0}';", 'way': 'GET', 'expect1': 'isSuccess=1', 'expect2': 'live_status=0', 'expect3': '', 'expect4': ''}
2019-08-29 17:59:38,531 - root - INFO - 成功发起GET请求(http://shop.m.showjoy.com.cn/api/community/viewLive?noteId={0})，请求url为：app接口，请求结果code为：404, 请求结果字段为：
2019-08-29 17:59:38,532 - root - INFO - 请求传入的数据：url:/api/community/viewLive?noteId={0},key:app接口,param:not argument,way:GET
2019-08-29 17:59:38,533 - root - INFO - 测试用例执行完毕
2019-08-29 17:59:38,534 - root - INFO - ----------------------------------
