2019-08-23 14:36:03,400 - root - INFO - 成功发起GET请求(https://shopappserver.showjoy.com.cn/api/shop/commission/home)，请求url为：appserver接口，请求结果code为：504, 请求结果字段为：<!DOCTYPE HTML PUBLIC "-//IETF//DTD HTML 2.0//EN">
<html>
<head><title>504 Gateway Time-out</title></head>
<body bgcolor="white">
<h1>504 Gateway Time-out</h1>
<p>The gateway did not receive a timely response from the upstream server or application. Sorry for the inconvenience.<br/>
Please report this message and include the following information to us.<br/>
Thank you very much!</p>
<table>
<tr>
<td>URL:</td>
<td>https://shopappserver.showjoy.com.cn/api/shop/commission/home?not%20argument</td>
</tr>
<tr>
<td>Server:</td>
<td>ali-release-nginx</td>
</tr>
<tr>
<td>Date:</td>
<td>2019/08/23 14:36:03</td>
</tr>
</table>
<hr/>Powered by Tengine/2.2.2</body>
</html>

2019-08-23 14:36:03,401 - root - INFO - 请求传入数据：url:/api/shop/commission/home,key:appserver接口,参数:not argument,请求方式：GET
2019-08-23 14:36:03,401 - root - INFO - 测试用例执行完毕
2019-08-23 14:36:03,402 - root - INFO - ----------------------------------
2019-08-23 14:36:03,404 - root - INFO - 测试用例开始执行
2019-08-23 14:36:03,416 - root - INFO - 获取用例数据:{'id': 43.0, 'module': '店铺管理', 'url': '/api/shop/getShopInviteCode', 'name': '获取个人专属邀请码', 'key': 'app接口', 'param': 'not argument', 'place': '', 'way': 'GET', 'expect1': 'isSuccess=1', 'expect2': 'inviteCode=nvpcw8t', 'expect3': '', 'expect4': ''}
2019-08-23 14:36:03,482 - root - INFO - 成功发起GET请求(http://shop.m.showjoy.com.cn/api/shop/getShopInviteCode)，请求url为：app接口，请求结果code为：200, 请求结果字段为：{"count":0,"data":{"inviteCode":"nvpcw8t","position":0},"isRedirect":0,"isSuccess":1,"login":0}
2019-08-23 14:36:03,483 - root - INFO - 请求传入数据：url:/api/shop/getShopInviteCode,key:app接口,参数:not argument,请求方式：GET
2019-08-23 14:36:03,484 - root - INFO - 对【isSuccess】断言,断言结果--预期值1 == 实际值1
2019-08-23 14:36:03,484 - root - INFO - 对【邀请码】断言,断言结果--预期值nvpcw8t == 实际值nvpcw8t
2019-08-23 14:36:03,485 - root - INFO - 测试用例执行完毕
2019-08-23 14:36:03,485 - root - INFO - ----------------------------------
2019-08-23 14:36:03,486 - root - INFO - 测试用例开始执行
2019-08-23 14:36:03,498 - root - INFO - 获取用例数据:{'id': 44.0, 'module': '店铺管理', 'url': '/api/shop/getChildrenList?shopId=803205&page=1&pageSize=15 ', 'name': '客户管理信息', 'key': 'app接口', 'param': 'not argument', 'place': '', 'way': 'GET', 'expect1': 'count=2', 'expect2': 'shopId=797087、796956', 'expect3': '', 'expect4': ''}
2019-08-23 14:36:03,625 - root - INFO - 成功发起GET请求(http://shop.m.showjoy.com.cn/api/shop/getChildrenList?shopId=803205&page=1&pageSize=15 )，请求url为：app接口，请求结果code为：200, 请求结果字段为：{"count":0,"data":{"familyMemberList":[{"contributeNum":0,"hasChildren":false,"headUrl":"http://file.showjoy.com/images/12/12883d98a25d4b55aed6d2813cf40eac.jpg","income":0,"name":"7499aA6fTc","position":0,"positionName":"达人店长","registerTime":1561526881000,"shopId":797087},{"contributeNum":0,"hasChildren":false,"headUrl":"//file.showjoy.com/images/40/4044b2dbdf6046b28a44343ab990fa7d.jpg","income":0,"name":"7109QM6o1C","position":0,"positionName":"达人店长","registerTime":1561520887000,"shopId":796956}],"position":0,"positionName":"达人店长"},"isRedirect":0,"isSuccess":1,"login":0}
2019-08-23 14:36:03,626 - root - INFO - 请求传入数据：url:/api/shop/getChildrenList?shopId=803205&page=1&pageSize=15 ,key:app接口,参数:not argument,请求方式：GET
2019-08-23 14:36:03,627 - root - INFO - 对【下级总数】断言,断言结果--预期值2 == 实际值2
2019-08-23 14:36:03,627 - root - INFO - 对【下级shopid】断言,断言结果--预期值797087、796956 == 实际值797087、796956
2019-08-23 14:36:03,628 - root - INFO - 测试用例执行完毕
2019-08-23 14:36:03,631 - root - INFO - ----------------------------------
2019-08-23 14:36:03,631 - root - INFO - 测试用例开始执行
2019-08-23 14:36:03,645 - root - INFO - 获取用例数据:{'id': 45.0, 'module': '店铺管理', 'url': '/api/shop/commission/commissionDetail?page=1&pageSize=12 ', 'name': '校验最近订单收益明细', 'key': 'app接口', 'param': 'not argument', 'place': '', 'way': 'GET', 'expect1': 'pay=-10.00', 'expect2': 'refund=10.00', 'expect3': 'commission=1', 'expect4': 'refundCommission=1'}
2019-08-23 14:36:04,115 - root - INFO - 成功发起GET请求(http://shop.m.showjoy.com.cn/api/shop/commission/commissionDetail?page=1&pageSize=12 )，请求url为：app接口，请求结果code为：200, 请求结果字段为：{"count":0,"data":[{"commission":1000,"commissionStr":"1000.00","commissionType":101,"gmtCreate":1566208251000,"gmtModified":1566208251000,"headImage":"//thirdwx.qlogo.cn/mmopen/vi_32/Q0j4TwGTfTKWBIdOvJs5fnVJYI6UfiatqZeoKC3Xy5xckJa9gsW8LCSf9aialnmD4sJMoeqkYlqPlumqiaxgEqMhQ/132","minus":false,"orderNumber":"","refundCommission":0,"shopName":"张砚程5tw69v","type":"订单退款"},{"commission":1000,"commissionStr":"-1000.00","commissionType":600,"gmtCreate":1566208249000,"gmtModified":1566208249000,"headImage":"//thirdwx.qlogo.cn/mmopen/vi_32/Q0j4TwGTfTKWBIdOvJs5fnVJYI6UfiatqZeoKC3Xy5xckJa9gsW8LCSf9aialnmD4sJMoeqkYlqPlumqiaxgEqMhQ/132","minus":true,"orderNumber":"1156620824830558","refundCommission":0,"shopName":"张砚程5tw69v","type":"余额支付"},{"commission":10,"commissionStr":"0","commissionType":200,"gmtCreate":1566208249000,"gmtModified":1566208251000,"headImage":"//thirdwx.qlogo.cn/mmopen/vi_32/Q0j4TwGTfTKWBIdOvJs5fnVJYI6UfiatqZeoKC3Xy5xckJa9gsW8LCSf9aialnmD4sJMoeqkYlqPlumqiaxgEqMhQ/132","minus":false,"orderNumber":"1156620824830558","refundCommission":10,"shopName":"张砚程5tw69v","type":"本店销售"},{"commission":10,"commissionStr":"10.00","commissionType":200,"gmtCreate":1565951277000,"gmtModified":1565951277000,"headImage":"//thirdwx.qlogo.cn/mmopen/vi_32/Q0j4TwGTfTKWBIdOvJs5fnVJYI6UfiatqZeoKC3Xy5xckJa9gsW8LCSf9aialnmD4sJMoeqkYlqPlumqiaxgEqMhQ/132","minus":false,"orderNumber":"2156595127628758","refundCommission":0,"shopName":"张砚程5tw69v","type":"本店销售"},{"commission":1000,"commissionStr":"-1000.00","commissionType":600,"gmtCreate":1565951277000,"gmtModified":1565951277000,"headImage":"//thirdwx.qlogo.cn/mmopen/vi_32/Q0j4TwGTfTKWBIdOvJs5fnVJYI6UfiatqZeoKC3Xy5xckJa9gsW8LCSf9aialnmD4sJMoeqkYlqPlumqiaxgEqMhQ/132","minus":true,"orderNumber":"2156595127628758","refundCommission":0,"shopName":"张砚程5tw69v","type":"余额支付"},{"commission":1000,"commissionStr":"-1000.00","commissionType":600,"gmtCreate":1565951252000,"gmtModified":1565951252000,"headImage":"//thirdwx.qlogo.cn/mmopen/vi_32/Q0j4TwGTfTKWBIdOvJs5fnVJYI6UfiatqZeoKC3Xy5xckJa9gsW8LCSf9aialnmD4sJMoeqkYlqPlumqiaxgEqMhQ/132","minus":true,"orderNumber":"7156595125212058","refundCommission":0,"shopName":"张砚程5tw69v","type":"余额支付"},{"commission":10,"commissionStr":"10.00","commissionType":200,"gmtCreate":1565951252000,"gmtModified":1565951252000,"headImage":"//thirdwx.qlogo.cn/mmopen/vi_32/Q0j4TwGTfTKWBIdOvJs5fnVJYI6UfiatqZeoKC3Xy5xckJa9gsW8LCSf9aialnmD4sJMoeqkYlqPlumqiaxgEqMhQ/132","minus":false,"orderNumber":"7156595125212058","refundCommission":0,"shopName":"张砚程5tw69v","type":"本店销售"},{"commission":10,"commissionStr":"10.00","commissionType":200,"gmtCreate":1565951223000,"gmtModified":1565951223000,"headImage":"//thirdwx.qlogo.cn/mmopen/vi_32/Q0j4TwGTfTKWBIdOvJs5fnVJYI6UfiatqZeoKC3Xy5xckJa9gsW8LCSf9aialnmD4sJMoeqkYlqPlumqiaxgEqMhQ/132","minus":false,"orderNumber":"3156595122294358","refundCommission":0,"shopName":"张砚程5tw69v","type":"本店销售"},{"commission":1000,"commissionStr":"-1000.00","commissionType":600,"gmtCreate":1565951223000,"gmtModified":1565951223000,"headImage":"//thirdwx.qlogo.cn/mmopen/vi_32/Q0j4TwGTfTKWBIdOvJs5fnVJYI6UfiatqZeoKC3Xy5xckJa9gsW8LCSf9aialnmD4sJMoeqkYlqPlumqiaxgEqMhQ/132","minus":true,"orderNumber":"3156595122294358","refundCommission":0,"shopName":"张砚程5tw69v","type":"余额支付"},{"commission":1000,"commissionStr":"-1000.00","commissionType":600,"gmtCreate":1565950910000,"gmtModified":1565950910000,"headImage":"//thirdwx.qlogo.cn/mmopen/vi_32/Q0j4TwGTfTKWBIdOvJs5fnVJYI6UfiatqZeoKC3Xy5xckJa9gsW8LCSf9aialnmD4sJMoeqkYlqPlumqiaxgEqMhQ/132","minus":true,"orderNumber":"1156595090973958","refundCommission":0,"shopName":"张砚程5tw69v","type":"余额支付"},{"commission":10,"commissionStr":"10.00","commissionType":200,"gmtCreate":1565950910000,"gmtModified":1565950910000,"headImage":"//thirdwx.qlogo.cn/mmopen/vi_32/Q0j4TwGTfTKWBIdOvJs5fnVJYI6UfiatqZeoKC3Xy5xckJa9gsW8LCSf9aialnmD4sJMoeqkYlqPlumqiaxgEqMhQ/132","minus":false,"orderNumber":"1156595090973958","refundCommission":0,"shopName":"张砚程5tw69v","type":"本店销售"},{"commission":10,"commissionStr":"10.00","commissionType":200,"gmtCreate":1565950782000,"gmtModified":1565950782000,"headImage":"//thirdwx.qlogo.cn/mmopen/vi_32/Q0j4TwGTfTKWBIdOvJs5fnVJYI6UfiatqZeoKC3Xy5xckJa9gsW8LCSf9aialnmD4sJMoeqkYlqPlumqiaxgEqMhQ/132","minus":false,"orderNumber":"3156595078195558","refundCommission":0,"shopName":"张砚程5tw69v","type":"本店销售"}],"isRedirect":0,"isSuccess":1,"login":0}
2019-08-23 14:36:04,116 - root - INFO - 请求传入数据：url:/api/shop/commission/commissionDetail?page=1&pageSize=12 ,key:app接口,参数:not argument,请求方式：GET
2019-08-23 14:36:04,117 - root - WARNING - 对【支付金额】断言,断言结果--预期值-10.00 != 实际值-1000.00
2019-08-23 14:36:04,118 - root - WARNING - 对【退款金额】断言,断言结果--预期值10.00 != 实际值1000.00
2019-08-23 14:36:04,118 - root - WARNING - 对【发放佣金】断言,断言结果--预期值1 != 实际值10
2019-08-23 14:36:04,119 - root - WARNING - 对【回收佣金】断言,断言结果--预期值1 != 实际值10
2019-08-23 14:36:04,119 - root - INFO - 测试用例执行完毕
2019-08-23 14:36:04,119 - root - INFO - ----------------------------------
2019-08-23 14:36:04,120 - root - INFO - 测试用例开始执行
2019-08-23 14:36:04,131 - root - INFO - 获取用例数据:{'id': 46.0, 'module': '店铺管理', 'url': '/api/shop/getValueOfSalesHistory?page=1&pageSize=12&year={0}&month={1}', 'name': '销售额历史信息', 'key': 'app接口', 'param': 'not argument', 'place': '', 'way': 'GET', 'expect1': 'saleValue=10', 'expect2': 'refundValue=10', 'expect3': '', 'expect4': ''}
2019-08-23 14:36:07,695 - root - INFO - 成功发起GET请求(http://shop.m.showjoy.com.cn/api/shop/getValueOfSalesHistory?page=1&pageSize=12&year=2019&month=8)，请求url为：app接口，请求结果code为：200, 请求结果字段为：{"count":0,"data":[{"createTime":"2019-08-19 17:50:48","orderNumber":"1156620824830558","picUrl":"https://git-cdn.oss-cn-hangzhou.aliyuncs.com/shop/market/20190805/F3YQZGDVUOGA8LS8TJ5V1564999464630.png","refundSataus":1,"refundValue":1000,"saleValue":1000,"skuId":227411,"skuName":"[店铺街]哈哈哈哈"},{"createTime":"2019-08-16 18:27:56","orderNumber":"2156595127628758","picUrl":"https://git-cdn.oss-cn-hangzhou.aliyuncs.com/shop/market/20190805/F3YQZGDVUOGA8LS8TJ5V1564999464630.png","refundSataus":1,"refundValue":0,"saleValue":1000,"skuId":227411,"skuName":"[店铺街]哈哈哈哈"},{"createTime":"2019-08-16 18:27:32","orderNumber":"7156595125212058","picUrl":"https://git-cdn.oss-cn-hangzhou.aliyuncs.com/shop/market/20190805/F3YQZGDVUOGA8LS8TJ5V1564999464630.png","refundSataus":1,"refundValue":0,"saleValue":1000,"skuId":227411,"skuName":"[店铺街]哈哈哈哈"},{"createTime":"2019-08-16 18:27:02","orderNumber":"3156595122294358","picUrl":"https://git-cdn.oss-cn-hangzhou.aliyuncs.com/shop/market/20190805/F3YQZGDVUOGA8LS8TJ5V1564999464630.png","refundSataus":1,"refundValue":0,"saleValue":1000,"skuId":227411,"skuName":"[店铺街]哈哈哈哈"},{"createTime":"2019-08-16 18:21:49","orderNumber":"1156595090973958","picUrl":"https://git-cdn.oss-cn-hangzhou.aliyuncs.com/shop/market/20190805/F3YQZGDVUOGA8LS8TJ5V1564999464630.png","refundSataus":1,"refundValue":0,"saleValue":1000,"skuId":227411,"skuName":"[店铺街]哈哈哈哈"},{"createTime":"2019-08-16 18:19:41","orderNumber":"3156595078195558","picUrl":"https://git-cdn.oss-cn-hangzhou.aliyuncs.com/shop/market/20190805/F3YQZGDVUOGA8LS8TJ5V1564999464630.png","refundSataus":1,"refundValue":0,"saleValue":1000,"skuId":227411,"skuName":"[店铺街]哈哈哈哈"},{"createTime":"2019-08-16 18:17:55","orderNumber":"8156595067519458","picUrl":"https://git-cdn.oss-cn-hangzhou.aliyuncs.com/shop/market/20190805/F3YQZGDVUOGA8LS8TJ5V1564999464630.png","refundSataus":1,"refundValue":0,"saleValue":1000,"skuId":227411,"skuName":"[店铺街]哈哈哈哈"},{"createTime":"2019-08-16 18:16:54","orderNumber":"6156595061459558","picUrl":"https://git-cdn.oss-cn-hangzhou.aliyuncs.com/shop/market/20190805/F3YQZGDVUOGA8LS8TJ5V1564999464630.png","refundSataus":1,"refundValue":0,"saleValue":1000,"skuId":227411,"skuName":"[店铺街]哈哈哈哈"},{"createTime":"2019-08-16 18:15:09","orderNumber":"1156595050946058","picUrl":"https://git-cdn.oss-cn-hangzhou.aliyuncs.com/shop/market/20190805/F3YQZGDVUOGA8LS8TJ5V1564999464630.png","refundSataus":1,"refundValue":0,"saleValue":1000,"skuId":227411,"skuName":"[店铺街]哈哈哈哈"},{"createTime":"2019-08-16 18:13:53","orderNumber":"5156595043298358","picUrl":"https://git-cdn.oss-cn-hangzhou.aliyuncs.com/shop/market/20190805/F3YQZGDVUOGA8LS8TJ5V1564999464630.png","refundSataus":1,"refundValue":0,"saleValue":1000,"skuId":227411,"skuName":"[店铺街]哈哈哈哈"},{"createTime":"2019-08-16 18:12:32","orderNumber":"4156595035244758","picUrl":"https://git-cdn.oss-cn-hangzhou.aliyuncs.com/shop/market/20190805/F3YQZGDVUOGA8LS8TJ5V1564999464630.png","refundSataus":1,"refundValue":0,"saleValue":1000,"skuId":227411,"skuName":"[店铺街]哈哈哈哈"},{"createTime":"2019-08-16 18:10:30","orderNumber":"5156595023010958","picUrl":"https://git-cdn.oss-cn-hangzhou.aliyuncs.com/shop/market/20190805/F3YQZGDVUOGA8LS8TJ5V1564999464630.png","refundSataus":1,"refundValue":0,"saleValue":1000,"skuId":227411,"skuName":"[店铺街]哈哈哈哈"}],"isRedirect":0,"isSuccess":1,"login":0}
2019-08-23 14:36:07,697 - root - INFO - 请求传入数据：url:/api/shop/getValueOfSalesHistory?page=1&pageSize=12&year={0}&month={1},key:app接口,参数:not argument,请求方式：GET
2019-08-23 14:36:07,697 - root - WARNING - 对最新订单【销售金额】断言,断言结果--预期值10 != 实际值1000
2019-08-23 14:36:07,698 - root - WARNING - 对最新订单【退款金额】断言,断言结果--预期值10 != 实际值1000
2019-08-23 14:36:07,699 - root - INFO - 测试用例执行完毕
2019-08-23 14:36:07,699 - root - INFO - ----------------------------------
2019-08-23 14:36:07,700 - root - INFO - 测试用例开始执行
2019-08-23 14:36:07,712 - root - INFO - 获取用例数据:{'id': 47.0, 'module': '店铺管理', 'url': '/api/shop/withdraw/get/basicInfo', 'name': '查看提现手机号和可提现金额', 'key': 'app接口', 'param': 'not argument', 'place': '', 'way': 'GET', 'expect1': 'mobile=15868147450', 'expect2': 'withdrawCommission=2000', 'expect3': '', 'expect4': ''}
2019-08-23 14:36:07,819 - root - INFO - 成功发起GET请求(http://shop.m.showjoy.com.cn/api/shop/withdraw/get/basicInfo)，请求url为：app接口，请求结果code为：200, 请求结果字段为：{"count":0,"data":{"freezeCommission":200.7,"hasBank":false,"hasInfo":false,"identity":"","mobile":"15868147450","needContract":false,"withdrawCommission":982930},"isRedirect":0,"isSuccess":1,"login":0}
2019-08-23 14:36:07,820 - root - INFO - 请求传入数据：url:/api/shop/withdraw/get/basicInfo,key:app接口,参数:not argument,请求方式：GET
2019-08-23 14:36:07,820 - root - INFO - 对【提现手机号】断言,断言结果--预期值15868147450 == 实际值15868147450
2019-08-23 14:36:07,821 - root - WARNING - 对【可提现金额】断言,断言结果--预期值2000 != 实际值982930
2019-08-23 14:36:07,821 - root - INFO - 测试用例执行完毕
2019-08-23 14:36:07,822 - root - INFO - ----------------------------------
