2019-08-29 18:03:16,358 - root - INFO - 18768278576用户开始登录，返回登录信息b5f99e28-e29d-4bc6-9fb9-fa09eb935667
2019-08-29 18:03:16,647 - root - INFO - 18768278576登录成功，返回token<811dc37a-5193-4fbb-ad9a-e087750d308d>
2019-08-29 18:03:16,744 - root - INFO - 海妖后台登陆成功，返回token<eyJhbGciOiJIUzI1NiIsInR5cCI6IkpXVCJ9.eyJ1c2VySW5mbyI6eyJlbWFpbCI6IiIsImdtdENyZWF0ZSI6MTQ2MTA4MTE0MDAwMCwiZ210TW9kaWZpZWQiOjE1NDcwNzA4MDEwMDAsImlkIjo5MTQwMTM2LCJpbWFnZSI6Ii8vY2RuMS5zaG93am95LmNvbS9zaG9wL3VzZXJfaGVhZC8yMDE4MDUxNC9YUjhRRkFIOVlSQUVZVkRVVFozQjE1MjYyODM5MzExODAuanBnIiwiaXNFbmFibGUiOnRydWUsImlzRmFrZSI6MCwibmljayI6Iua1t-WmliIsInNleFR5cGUiOiJtIiwidGVsIjoiMTM1NjcxMzY2NTQiLCJ1c2VybmFtZSI6Iua1t-WmliIsImFjY291bnRfdHlwZSI6MSwiYnluYW1lIjoi5rW35aaWIiwicmVhbE5hbWUiOiLmtbflppYiLCJzdXBwbGllcklkIjpbMF19LCJpYXQiOjE1NjcwNzI5OTYsImV4cCI6MTU2NzY3Nzc5Nn0.b9H2hRsHHsl-opy8dPeD-4DO6u-I8qaapuFJ7N_Vw6E>
2019-08-29 18:03:16,810 - root - INFO - 18069425303用户开始登录，返回登录信息f809fa34-1ac1-45fd-881a-f0fa327cfc04
2019-08-29 18:03:17,097 - root - INFO - 18069425303登录成功，返回token<768625b8-3847-414d-bfd6-2d78445c8465>
2019-08-29 18:03:17,104 - root - INFO - 测试用例开始执行
2019-08-29 18:03:17,138 - root - INFO - 获取用例数据:{'id': 1.0, 'module': '达人圈', 'url': '/api/community/publishNote', 'name': '发起直播', 'key': 'app接口', 'param': '{"images":"https://git-cdn.oss-cn-hangzhou.aliyuncs.com/shop/community/20190827/NCHPE3E5755S82V5A6J41566871150340-640x427.jpg","watermark":"false","noteType":"1","content":"哈哈哈哈哈","viewerType":"0"}', 'place': '', 'way': 'POST', 'expect1': 'isSuccess=1', 'expect2': 'msg=发布成功', 'expect3': '', 'expect4': ''}
2019-08-29 18:03:17,546 - root - INFO - 成功发起POST请求(app接口)，请求结果code为：200, 请求结果字段为：{"count":0,"data":{"noteId":1267,"noteUserName":"店主盛夏","pushLiveUrl":"rtmp://pushlive.showjoy.com/live/88872881567072997?txSecret=995404b6cf691b74c7e5595f724aa2f8&txTime=5D68F465"},"isRedirect":0,"isSuccess":1,"login":0,"msg":"发布成功"}
2019-08-29 18:03:17,548 - root - INFO - 请求传入数据：url:/api/community/publishNote,key:app接口,参数:{"images":"https://git-cdn.oss-cn-hangzhou.aliyuncs.com/shop/community/20190827/NCHPE3E5755S82V5A6J41566871150340-640x427.jpg","watermark":"false","noteType":"1","content":"哈哈哈哈哈","viewerType":"0"},请求方式：POST
2019-08-29 18:03:17,549 - root - INFO - 对【isSuccess】断言,断言结果--预期值1 == 实际值1
2019-08-29 18:03:17,550 - root - INFO - 对【发布结果】断言,断言结果--预期值发布成功 == 实际值发布成功
2019-08-29 18:03:17,551 - root - INFO - 测试用例执行完毕
2019-08-29 18:03:17,552 - root - INFO - ----------------------------------
2019-08-29 18:03:17,553 - root - INFO - 测试用例开始执行
2019-08-29 18:03:17,563 - root - INFO - 获取用例数据：{'id': 2.0, 'module': '达人圈', 'url': '/api/community/startLive', 'name': '推流成功', 'key': 'app接口', 'param': '{"noteId":{0}}', 'place': "sit;talent_circle;SELECT b.live_status from talent_circle.note_info a,talent_circle.note_live_info b where a.user_id='8887288'  ORDER BY b.gmt_create desc LIMIT 1;", 'way': 'POST', 'expect1': 'isSuccess=1', 'expect2': 'live_status=1', 'expect3': '', 'expect4': ''}
2019-08-29 18:03:17,611 - root - INFO - 成功发起POST请求(app接口)，请求结果code为：200, 请求结果字段为：{"count":0,"isRedirect":0,"isSuccess":1,"login":0}
2019-08-29 18:03:17,614 - root - INFO - 请求传入数据：url:/api/community/startLive,key:app接口,参数:{"noteId":{0}},请求方式：POST
2019-08-29 18:03:18,825 - root - INFO - 连接数据库成功
2019-08-29 18:03:18,835 - root - INFO - 成功登录sit环境数据库：talent_circle，版本为：5.7.25-log，执行SQL：SELECT b.live_status from talent_circle.note_info a,talent_circle.note_live_info b where a.user_id='8887288'  ORDER BY b.gmt_create desc LIMIT 1
2019-08-29 18:03:18,849 - root - INFO - 查询结果：1
2019-08-29 18:03:18,851 - root - INFO - 推流成功，对【isSuccess】断言,断言结果--预期值1 == 实际值1
2019-08-29 18:03:18,852 - root - INFO - 对【直播状态】断言,断言结果--预期值1 == 实际值1
2019-08-29 18:03:18,853 - root - INFO - 测试用例执行完毕
2019-08-29 18:03:18,854 - root - INFO - ----------------------------------
2019-08-29 18:03:18,855 - root - INFO - 测试用例开始执行
2019-08-29 18:03:18,867 - root - INFO - 获取用例数据：{'id': 3.0, 'module': '达人圈', 'url': '/api/community/getViewers?noteId={0}', 'name': '观看直播人数', 'key': 'app接口', 'param': 'not argument', 'place': "sit;talent_circle;SELECT live_status from talent_circle.note_live_info  where note_id = '{0}';", 'way': 'GET', 'expect1': 'isSuccess=1', 'expect2': 'live_status=1', 'expect3': '', 'expect4': ''}
2019-08-29 18:03:18,910 - root - INFO - 成功发起GET请求(http://shop.m.showjoy.com.cn/api/community/getViewers?noteId=1267)，请求url为：app接口，请求结果code为：200, 请求结果字段为：{"count":0,"data":0,"isRedirect":0,"isSuccess":1,"login":0}
2019-08-29 18:03:18,911 - root - INFO - 请求传入数据：url:/api/community/getViewers?noteId={0},key:app接口,参数:not argument,请求方式：GET
2019-08-29 18:03:20,018 - root - INFO - 连接数据库成功
2019-08-29 18:03:20,026 - root - INFO - 成功登录sit环境数据库：talent_circle，版本为：5.7.25-log，执行SQL：SELECT live_status from talent_circle.note_live_info  where note_id = '1267'
2019-08-29 18:03:20,040 - root - INFO - 查询结果：1
2019-08-29 18:03:20,041 - root - INFO - 有人数观看，对【isSuccess】断言,断言结果--预期值1 == 实际值1
2019-08-29 18:03:20,042 - root - INFO - 对观看人数断言,断言结果--预期值1 == 实际值1
2019-08-29 18:03:20,043 - root - INFO - 测试用例执行完毕
2019-08-29 18:03:20,044 - root - INFO - ----------------------------------
2019-08-29 18:03:20,045 - root - INFO - 测试用例开始执行
2019-08-29 18:03:20,056 - root - INFO - 获取用例数据：{'id': 4.0, 'module': '达人圈', 'url': '/api/community/viewLive?noteId={0}', 'name': '观众加入直播', 'key': '直播观众', 'param': 'not argument', 'place': "sit;talent_circle;SELECT pull_url from talent_circle.note_live_info  where note_id = '{0}';", 'way': 'GET', 'expect1': 'isSuccess=1', 'expect2': '【比较接口返回的pullUrl和数据库中的pullUrl】', 'expect3': '', 'expect4': ''}
2019-08-29 18:03:20,128 - root - INFO - 成功发起GET请求(http://shop.m.showjoy.com.cn/api/community/viewLive?noteId=1267)，请求url为：直播观众，请求结果code为：200, 请求结果字段为：{"count":0,"data":{"followStatus":0,"headImage":"https://cdn1.showjoy.com/images/8b/8b957c862d3249f6938e27d8e9a6c219.png","imageList":["https://git-cdn.oss-cn-hangzhou.aliyuncs.com/shop/community/20190827/NCHPE3E5755S82V5A6J41566871150340-640x427.jpg"],"likeNumber":0,"liveStatus":1,"needBuyVip":0,"pullUrl":"rtmp://playlive.showjoy.com/live/88872881567072997?txSecret=fc9ada5ec82a5da2c9bab02320ab1c41&txTime=5D68F465","shopId":544655,"userId":8887288,"userName":"盛夏名字有点长哈哈哈哈","viewerUserName":"你说呢哈哈哈","viewers":1},"isRedirect":0,"isSuccess":1,"login":0}
2019-08-29 18:03:20,129 - root - INFO - 请求传入数据：url:/api/community/viewLive?noteId={0},key:直播观众,参数:not argument,请求方式：GET
2019-08-29 18:03:20,227 - root - INFO - 连接数据库成功
2019-08-29 18:03:20,232 - root - INFO - 成功登录sit环境数据库：talent_circle，版本为：5.7.25-log，执行SQL：SELECT pull_url from talent_circle.note_live_info  where note_id = '1267'
2019-08-29 18:03:20,246 - root - INFO - 查询结果：rtmp://playlive.showjoy.com/live/88872881567072997?txSecret=fc9ada5ec82a5da2c9bab02320ab1c41&txTime=5D68F465
2019-08-29 18:03:21,253 - root - INFO - 加入成功，对【isSuccess】断言,断言结果--预期值1 == 实际值1
2019-08-29 18:03:21,254 - root - INFO - 对【加入状态】断言,断言结果--预期值rtmp://playlive.showjoy.com/live/88872881567072997?txSecret=fc9ada5ec82a5da2c9bab02320ab1c41&txTime=5D68F465 == 实际值rtmp://playlive.showjoy.com/live/88872881567072997?txSecret=fc9ada5ec82a5da2c9bab02320ab1c41&txTime=5D68F465
2019-08-29 18:03:21,256 - root - INFO - 测试用例执行完毕
2019-08-29 18:03:21,256 - root - INFO - ----------------------------------
2019-08-29 18:03:21,258 - root - INFO - 测试用例开始执行
2019-08-29 18:03:21,273 - root - INFO - 获取测试用例：{'id': 5.0, 'module': '达人圈', 'url': '/api/community/likeLive', 'name': '观众对直播进行点赞', 'key': '直播观众', 'param': '{"noteId":{0}}', 'place': "sit;talent_circle;SELECT live_status from talent_circle.note_live_info  where note_id = '{0}';", 'way': 'POST', 'expect1': 'isSuccess=1', 'expect2': 'live_status=1', 'expect3': '', 'expect4': ''}
2019-08-29 18:03:21,324 - root - INFO - 成功发起POST请求(直播观众)，请求结果code为：200, 请求结果字段为：{"count":0,"isRedirect":0,"isSuccess":1,"login":0}
2019-08-29 18:03:21,325 - root - INFO - 请求传入的数据：url:/api/community/likeLive,way:POST,param:{"noteId":{0}},key:直播观众
2019-08-29 18:03:22,444 - root - INFO - 连接数据库成功
2019-08-29 18:03:22,454 - root - INFO - 成功登录sit环境数据库：talent_circle，版本为：5.7.25-log，执行SQL：SELECT live_status from talent_circle.note_live_info  where note_id = '1267'
2019-08-29 18:03:22,468 - root - INFO - 查询结果：1
2019-08-29 18:03:22,469 - root - INFO - 点赞成功，对【isSuccess】断言，断言结果--预期值1==实际值1
2019-08-29 18:03:22,470 - root - INFO - 对【直播状态】断言,断言结果--预期值1 == 实际值1
2019-08-29 18:03:22,470 - root - INFO - 测试用例执行完毕
2019-08-29 18:03:22,471 - root - INFO - ----------------------------------
2019-08-29 18:03:22,472 - root - INFO - 测试用例开始执行
2019-08-29 18:03:22,484 - root - INFO - 开始执行测试用例:{'id': 6.0, 'module': '达人圈', 'url': '/api/community/follow?userId=8887288', 'name': '观众对主播关注状态的变化', 'key': '直播观众', 'param': 'not argument', 'place': "sit;talent_circle;SELECT live_status from talent_circle.note_live_info  where note_id = '{0}';", 'way': 'GET', 'expect1': 'isSuccess=1', 'expect2': 'live_status=1', 'expect3': '', 'expect4': ''}
2019-08-29 18:03:22,536 - root - INFO - 成功发起GET请求(http://shop.m.showjoy.com.cn/api/community/follow?userId=8887288)，请求url为：直播观众，请求结果code为：200, 请求结果字段为：{"count":0,"data":2,"isRedirect":0,"isSuccess":1,"login":0}
2019-08-29 18:03:22,537 - root - INFO - 请求传入的数据：url：/api/community/follow?userId=8887288,param：not argument，key：直播观众，way：GET
2019-08-29 18:03:23,644 - root - INFO - 连接数据库成功
2019-08-29 18:03:23,651 - root - INFO - 成功登录sit环境数据库：talent_circle，版本为：5.7.25-log，执行SQL：SELECT live_status from talent_circle.note_live_info  where note_id = '1267'
2019-08-29 18:03:23,666 - root - INFO - 查询结果：1
2019-08-29 18:03:23,668 - root - INFO - 关注/取关/互关成功，对【isSuccess】断言，断言结果--预期值1==实际值1
2019-08-29 18:03:23,669 - root - INFO - 对【直播状态】断言,断言结果--预期值1 == 实际值1
2019-08-29 18:03:23,669 - root - INFO - 测试用例执行完毕
2019-08-29 18:03:23,670 - root - INFO - ----------------------------------
2019-08-29 18:03:23,671 - root - INFO - 测试用例开始执行
2019-08-29 18:03:23,683 - root - INFO - 开始执行测试用例：{'id': 7.0, 'module': '达人圈', 'url': '/api/community/endLive', 'name': '结束直播', 'key': 'app接口', 'param': '{"noteId":{0}}', 'place': "sit;talent_circle;SELECT live_status from talent_circle.note_live_info  where note_id = '{0}';", 'way': 'POST', 'expect1': 'isSuccess=1', 'expect2': 'live_status=0', 'expect3': '', 'expect4': ''}
2019-08-29 18:03:23,735 - root - INFO - 成功发起POST请求(app接口)，请求结果code为：200, 请求结果字段为：{"count":0,"isRedirect":0,"isSuccess":1,"login":0}
2019-08-29 18:03:23,737 - root - INFO - 请求传入的数据：url:/api/community/endLive,key:app接口,param:{"noteId":{0}},way:POST
2019-08-29 18:03:23,842 - root - INFO - 连接数据库成功
2019-08-29 18:03:23,852 - root - INFO - 成功登录sit环境数据库：talent_circle，版本为：5.7.25-log，执行SQL：SELECT live_status from talent_circle.note_live_info  where note_id = '1267'
2019-08-29 18:03:23,867 - root - INFO - 查询结果：0
2019-08-29 18:03:23,869 - root - INFO - 结束直播成功，对【isSuccess】断言，断言结果--预期值1==实际值1
2019-08-29 18:03:23,870 - root - INFO - 对【直播状态】断言,断言结果--预期值0 == 实际值0
2019-08-29 18:03:23,871 - root - INFO - 测试用例执行完毕
2019-08-29 18:03:23,872 - root - INFO - ----------------------------------
2019-08-29 18:03:23,874 - root - INFO - 测试用例开始执行
2019-08-29 18:03:23,888 - root - INFO - 测试用例开始执行：{'id': 8.0, 'module': '达人圈', 'url': '/api/community/viewLive?noteId={0}', 'name': '直播结束页', 'key': 'app接口', 'param': 'not argument', 'place': "sit;talent_circle;SELECT live_status from talent_circle.note_live_info  where note_id = '{0}';", 'way': 'GET', 'expect1': 'isSuccess=1', 'expect2': 'live_status=0', 'expect3': '', 'expect4': ''}
2019-08-29 18:03:23,945 - root - INFO - 成功发起GET请求(http://shop.m.showjoy.com.cn/api/community/viewLive?noteId=1267)，请求url为：app接口，请求结果code为：200, 请求结果字段为：{"count":0,"data":{"endTime":1567073004000,"headImage":"https://cdn1.showjoy.com/images/8b/8b957c862d3249f6938e27d8e9a6c219.png","imageList":["https://git-cdn.oss-cn-hangzhou.aliyuncs.com/shop/community/20190827/NCHPE3E5755S82V5A6J41566871150340-640x427.jpg"],"likeNumber":1,"liveStatus":0,"needBuyVip":0,"shopId":544655,"startTime":1567072998000,"userId":8887288,"userName":"盛夏名字有点长哈哈哈哈","viewers":1},"isRedirect":0,"isSuccess":1,"login":0}
2019-08-29 18:03:23,946 - root - INFO - 请求传入的数据：url:/api/community/viewLive?noteId={0},key:app接口,param:not argument,way:GET
2019-08-29 18:03:24,046 - root - INFO - 连接数据库成功
2019-08-29 18:03:24,055 - root - INFO - 成功登录sit环境数据库：talent_circle，版本为：5.7.25-log，执行SQL：SELECT live_status from talent_circle.note_live_info  where note_id = '1267'
2019-08-29 18:03:24,071 - root - INFO - 查询结果：0
2019-08-29 18:03:24,072 - root - INFO - 结束直播成功，对【isSuccess】断言，断言结果--预期值1==实际值1
2019-08-29 18:03:24,073 - root - INFO - 对【直播状态】断言,断言结果--预期值0 == 实际值0
2019-08-29 18:03:24,074 - root - INFO - 测试用例执行完毕
2019-08-29 18:03:24,075 - root - INFO - ----------------------------------
