2019-08-29 17:56:43,596 - root - INFO - 18768278576用户开始登录，返回登录信息b5f99e28-e29d-4bc6-9fb9-fa09eb935667
2019-08-29 17:56:44,713 - root - INFO - 18768278576登录成功，返回token<c8780a88-4df6-4d4b-9799-398176643a56>
2019-08-29 17:56:45,482 - root - INFO - 海妖后台登陆成功，返回token<eyJhbGciOiJIUzI1NiIsInR5cCI6IkpXVCJ9.eyJ1c2VySW5mbyI6eyJlbWFpbCI6IiIsImdtdENyZWF0ZSI6MTQ2MTA4MTE0MDAwMCwiZ210TW9kaWZpZWQiOjE1NDcwNzA4MDEwMDAsImlkIjo5MTQwMTM2LCJpbWFnZSI6Ii8vY2RuMS5zaG93am95LmNvbS9zaG9wL3VzZXJfaGVhZC8yMDE4MDUxNC9YUjhRRkFIOVlSQUVZVkRVVFozQjE1MjYyODM5MzExODAuanBnIiwiaXNFbmFibGUiOnRydWUsImlzRmFrZSI6MCwibmljayI6Iua1t-WmliIsInNleFR5cGUiOiJtIiwidGVsIjoiMTM1NjcxMzY2NTQiLCJ1c2VybmFtZSI6Iua1t-WmliIsImFjY291bnRfdHlwZSI6MSwiYnluYW1lIjoi5rW35aaWIiwicmVhbE5hbWUiOiLmtbflppYiLCJzdXBwbGllcklkIjpbMF19LCJpYXQiOjE1NjcwNzI2MDUsImV4cCI6MTU2NzY3NzQwNX0.q4yS5KtbptwAjRqzLJ1_xy2LmT5_eI-MpqWqAIQbUgI>
2019-08-29 17:56:45,550 - root - INFO - 18069425303用户开始登录，返回登录信息f809fa34-1ac1-45fd-881a-f0fa327cfc04
2019-08-29 17:56:45,842 - root - INFO - 18069425303登录成功，返回token<adef5375-e4e4-4edd-86e3-c9299d9cb0ee>
2019-08-29 17:56:45,851 - root - INFO - 测试用例开始执行
2019-08-29 17:56:45,884 - root - INFO - 获取用例数据:{'id': 1.0, 'module': '达人圈', 'url': '/api/community/publishNote', 'name': '发起直播', 'key': 'app接口', 'param': '{"images":"https://git-cdn.oss-cn-hangzhou.aliyuncs.com/shop/community/20190827/NCHPE3E5755S82V5A6J41566871150340-640x427.jpg","watermark":"false","noteType":"1","content":"哈哈哈哈哈","viewerType":"0"}', 'place': '', 'way': 'POST', 'expect1': 'isSuccess=1', 'expect2': 'msg=发布成功', 'expect3': '', 'expect4': ''}
2019-08-29 17:56:46,399 - root - INFO - 成功发起POST请求(app接口)，请求结果code为：200, 请求结果字段为：{"count":0,"data":{"noteId":1264,"noteUserName":"店主盛夏","pushLiveUrl":"rtmp://pushlive.showjoy.com/live/88872881567072606?txSecret=79cf8f18c967092d697ed1a2cf08ae6d&txTime=5D68F2DE"},"isRedirect":0,"isSuccess":1,"login":0,"msg":"发布成功"}
2019-08-29 17:56:46,400 - root - INFO - 请求传入数据：url:/api/community/publishNote,key:app接口,参数:{"images":"https://git-cdn.oss-cn-hangzhou.aliyuncs.com/shop/community/20190827/NCHPE3E5755S82V5A6J41566871150340-640x427.jpg","watermark":"false","noteType":"1","content":"哈哈哈哈哈","viewerType":"0"},请求方式：POST
2019-08-29 17:56:46,401 - root - INFO - 对【isSuccess】断言,断言结果--预期值1 == 实际值1
2019-08-29 17:56:46,403 - root - INFO - 对【发布结果】断言,断言结果--预期值发布成功 == 实际值发布成功
2019-08-29 17:56:46,404 - root - INFO - 测试用例执行完毕
2019-08-29 17:56:46,405 - root - INFO - ----------------------------------
2019-08-29 17:56:46,406 - root - INFO - 测试用例开始执行
2019-08-29 17:56:46,416 - root - INFO - 获取用例数据：{'id': 2.0, 'module': '达人圈', 'url': '/api/community/startLive', 'name': '推流成功', 'key': 'app接口', 'param': '{"noteId":{0}}', 'place': "sit;talent_circle;SELECT b.live_status from talent_circle.note_info a,talent_circle.note_live_info b where a.user_id='8887288'  ORDER BY b.gmt_create desc LIMIT 1;", 'way': 'POST', 'expect1': 'isSuccess=1', 'expect2': 'live_status=1', 'expect3': '', 'expect4': ''}
2019-08-29 17:56:46,474 - root - INFO - 成功发起POST请求(app接口)，请求结果code为：200, 请求结果字段为：{"count":0,"isRedirect":0,"isSuccess":1,"login":0}
2019-08-29 17:56:46,475 - root - INFO - 请求传入数据：url:/api/community/startLive,key:app接口,参数:{"noteId":{0}},请求方式：POST
2019-08-29 17:56:47,836 - root - INFO - 连接数据库成功
2019-08-29 17:56:47,845 - root - INFO - 成功登录sit环境数据库：talent_circle，版本为：5.7.25-log，执行SQL：SELECT b.live_status from talent_circle.note_info a,talent_circle.note_live_info b where a.user_id='8887288'  ORDER BY b.gmt_create desc LIMIT 1
2019-08-29 17:56:47,863 - root - INFO - 查询结果：1
2019-08-29 17:56:47,865 - root - INFO - 推流成功，对【isSuccess】断言,断言结果--预期值1 == 实际值1
2019-08-29 17:56:47,866 - root - INFO - 对【直播状态】断言,断言结果--预期值1 == 实际值1
2019-08-29 17:56:47,867 - root - INFO - 测试用例执行完毕
2019-08-29 17:56:47,867 - root - INFO - ----------------------------------
2019-08-29 17:56:47,869 - root - INFO - 测试用例开始执行
2019-08-29 17:56:47,880 - root - INFO - 获取用例数据：{'id': 3.0, 'module': '达人圈', 'url': '/api/community/getViewers?noteId={0}', 'name': '观看直播人数', 'key': 'app接口', 'param': 'not argument', 'place': "sit;talent_circle;SELECT live_status from talent_circle.note_live_info  where note_id = '{0}';", 'way': 'GET', 'expect1': 'isSuccess=1', 'expect2': 'live_status=1', 'expect3': '', 'expect4': ''}
2019-08-29 17:56:47,924 - root - INFO - 成功发起GET请求(http://shop.m.showjoy.com.cn/api/community/getViewers?noteId=1264)，请求url为：app接口，请求结果code为：200, 请求结果字段为：{"count":0,"data":0,"isRedirect":0,"isSuccess":1,"login":0}
2019-08-29 17:56:47,926 - root - INFO - 请求传入数据：url:/api/community/getViewers?noteId={0},key:app接口,参数:not argument,请求方式：GET
2019-08-29 17:56:49,050 - root - INFO - 连接数据库成功
2019-08-29 17:56:49,059 - root - INFO - 成功登录sit环境数据库：talent_circle，版本为：5.7.25-log，执行SQL：SELECT live_status from talent_circle.note_live_info  where note_id = '1264'
2019-08-29 17:56:49,073 - root - INFO - 查询结果：1
2019-08-29 17:56:49,075 - root - INFO - 有人数观看，对【isSuccess】断言,断言结果--预期值1 == 实际值1
2019-08-29 17:56:49,076 - root - INFO - 对观看人数断言,断言结果--预期值1 == 实际值1
2019-08-29 17:56:49,078 - root - INFO - 测试用例执行完毕
2019-08-29 17:56:49,078 - root - INFO - ----------------------------------
2019-08-29 17:56:49,080 - root - INFO - 测试用例开始执行
2019-08-29 17:56:49,091 - root - INFO - 获取用例数据：{'id': 4.0, 'module': '达人圈', 'url': '/api/community/viewLive?noteId={0}', 'name': '观众加入直播', 'key': '直播观众', 'param': 'not argument', 'place': "sit;talent_circle;SELECT pull_url from talent_circle.note_live_info  where note_id = '{0}';", 'way': 'GET', 'expect1': 'isSuccess=1', 'expect2': '【比较接口返回的pullUrl和数据库中的pullUrl】', 'expect3': '', 'expect4': ''}
2019-08-29 17:56:49,160 - root - INFO - 成功发起GET请求(http://shop.m.showjoy.com.cn/api/community/viewLive?noteId=1264)，请求url为：直播观众，请求结果code为：200, 请求结果字段为：{"count":0,"data":{"followStatus":2,"headImage":"https://cdn1.showjoy.com/images/8b/8b957c862d3249f6938e27d8e9a6c219.png","imageList":["https://git-cdn.oss-cn-hangzhou.aliyuncs.com/shop/community/20190827/NCHPE3E5755S82V5A6J41566871150340-640x427.jpg"],"likeNumber":0,"liveStatus":1,"needBuyVip":0,"pullUrl":"rtmp://playlive.showjoy.com/live/88872881567072606?txSecret=d79c120229b8053626ec10c64f715e06&txTime=5D68F2DE","shopId":544655,"userId":8887288,"userName":"盛夏名字有点长哈哈哈哈","viewerUserName":"你说呢哈哈哈","viewers":1},"isRedirect":0,"isSuccess":1,"login":0}
2019-08-29 17:56:49,161 - root - INFO - 请求传入数据：url:/api/community/viewLive?noteId={0},key:直播观众,参数:not argument,请求方式：GET
2019-08-29 17:56:49,248 - root - INFO - 连接数据库成功
2019-08-29 17:56:49,255 - root - INFO - 成功登录sit环境数据库：talent_circle，版本为：5.7.25-log，执行SQL：SELECT pull_url from talent_circle.note_live_info  where note_id = '1264'
2019-08-29 17:56:49,288 - root - INFO - 查询结果：rtmp://playlive.showjoy.com/live/88872881567072606?txSecret=d79c120229b8053626ec10c64f715e06&txTime=5D68F2DE
2019-08-29 17:56:50,292 - root - INFO - 加入成功，对【isSuccess】断言,断言结果--预期值1 == 实际值1
2019-08-29 17:56:50,293 - root - INFO - 对【加入状态】断言,断言结果--预期值rtmp://playlive.showjoy.com/live/88872881567072606?txSecret=d79c120229b8053626ec10c64f715e06&txTime=5D68F2DE == 实际值rtmp://playlive.showjoy.com/live/88872881567072606?txSecret=d79c120229b8053626ec10c64f715e06&txTime=5D68F2DE
2019-08-29 17:56:50,295 - root - INFO - 测试用例执行完毕
2019-08-29 17:56:50,296 - root - INFO - ----------------------------------
2019-08-29 17:56:50,297 - root - INFO - 测试用例开始执行
2019-08-29 17:56:50,308 - root - INFO - 获取测试用例：{'id': 5.0, 'module': '达人圈', 'url': '/api/community/likeLive', 'name': '观众对直播进行点赞', 'key': '直播观众', 'param': '{"noteId":{0}}', 'place': "sit;talent_circle;SELECT live_status from talent_circle.note_live_info  where note_id = '{0}';", 'way': 'POST', 'expect1': 'isSuccess=1', 'expect2': 'live_status=1', 'expect3': '', 'expect4': ''}
2019-08-29 17:56:50,360 - root - INFO - 成功发起POST请求(直播观众)，请求结果code为：200, 请求结果字段为：{"count":0,"isRedirect":0,"isSuccess":1,"login":0}
2019-08-29 17:56:50,361 - root - INFO - 请求传入的数据：url:/api/community/likeLive,way:POST,param:{"noteId":{0}},key:直播观众
2019-08-29 17:56:51,479 - root - INFO - 连接数据库成功
2019-08-29 17:56:51,488 - root - INFO - 成功登录sit环境数据库：talent_circle，版本为：5.7.25-log，执行SQL：SELECT live_status from talent_circle.note_live_info  where note_id = '1264'
2019-08-29 17:56:51,502 - root - INFO - 查询结果：1
2019-08-29 17:56:51,503 - root - INFO - 点赞成功，对【isSuccess】断言，断言结果--预期值1==实际值1
2019-08-29 17:56:51,505 - root - INFO - 对【直播状态】断言,断言结果--预期值1 == 实际值1
2019-08-29 17:56:51,506 - root - INFO - 测试用例执行完毕
2019-08-29 17:56:51,507 - root - INFO - ----------------------------------
2019-08-29 17:56:51,508 - root - INFO - 测试用例开始执行
2019-08-29 17:56:51,522 - root - INFO - 开始执行测试用例:{'id': 6.0, 'module': '达人圈', 'url': '/api/community/follow?userId=8887288', 'name': '观众对主播关注状态的变化', 'key': '直播观众', 'param': 'not argument', 'place': "sit;talent_circle;SELECT live_status from talent_circle.note_live_info  where note_id = '{0}';", 'way': 'GET', 'expect1': 'isSuccess=1', 'expect2': 'live_status=1', 'expect3': '', 'expect4': ''}
2019-08-29 17:56:51,573 - root - INFO - 成功发起GET请求(http://shop.m.showjoy.com.cn/api/community/follow?userId=8887288)，请求url为：直播观众，请求结果code为：200, 请求结果字段为：{"count":0,"data":0,"isRedirect":0,"isSuccess":1,"login":0}
2019-08-29 17:56:51,575 - root - INFO - 请求传入的数据：url：/api/community/follow?userId=8887288,param：not argument，key：直播观众，way：GET
2019-08-29 17:56:52,693 - root - INFO - 连接数据库成功
2019-08-29 17:56:52,702 - root - INFO - 成功登录sit环境数据库：talent_circle，版本为：5.7.25-log，执行SQL：SELECT live_status from talent_circle.note_live_info  where note_id = '1264'
2019-08-29 17:56:52,716 - root - INFO - 查询结果：1
2019-08-29 17:56:52,717 - root - INFO - 关注/取关/互关成功，对【isSuccess】断言，断言结果--预期值1==实际值1
2019-08-29 17:56:52,720 - root - INFO - 对【直播状态】断言,断言结果--预期值1 == 实际值1
2019-08-29 17:56:52,721 - root - INFO - 测试用例执行完毕
2019-08-29 17:56:52,722 - root - INFO - ----------------------------------
2019-08-29 17:56:52,723 - root - INFO - 测试用例开始执行
2019-08-29 17:56:52,734 - root - INFO - 测试用例执行完毕
2019-08-29 17:56:52,734 - root - INFO - ----------------------------------
2019-08-29 17:56:52,738 - root - INFO - 测试用例开始执行
2019-08-29 17:56:52,755 - root - INFO - 测试用例执行完毕
2019-08-29 17:56:52,756 - root - INFO - ----------------------------------
