2019-08-29 10:35:07,884 - root - INFO - 18768278576用户开始登录，返回登录信息b5f99e28-e29d-4bc6-9fb9-fa09eb935667
2019-08-29 10:35:08,190 - root - INFO - 18768278576登录成功，返回token<f1cbac83-6bbb-4d5e-b305-42b7e5fbd781>
2019-08-29 10:35:08,323 - root - INFO - 海妖后台登陆成功，返回token<eyJhbGciOiJIUzI1NiIsInR5cCI6IkpXVCJ9.eyJ1c2VySW5mbyI6eyJlbWFpbCI6IiIsImdtdENyZWF0ZSI6MTQ2MTA4MTE0MDAwMCwiZ210TW9kaWZpZWQiOjE1NDcwNzA4MDEwMDAsImlkIjo5MTQwMTM2LCJpbWFnZSI6Ii8vY2RuMS5zaG93am95LmNvbS9zaG9wL3VzZXJfaGVhZC8yMDE4MDUxNC9YUjhRRkFIOVlSQUVZVkRVVFozQjE1MjYyODM5MzExODAuanBnIiwiaXNFbmFibGUiOnRydWUsImlzRmFrZSI6MCwibmljayI6Iua1t-WmliIsInNleFR5cGUiOiJtIiwidGVsIjoiMTM1NjcxMzY2NTQiLCJ1c2VybmFtZSI6Iua1t-WmliIsImFjY291bnRfdHlwZSI6MSwiYnluYW1lIjoi5rW35aaWIiwicmVhbE5hbWUiOiLmtbflppYiLCJzdXBwbGllcklkIjpbMF19LCJpYXQiOjE1NjcwNDYxMDgsImV4cCI6MTU2NzY1MDkwOH0.IN56WefK6Z7Ki8pEWtWnLjA1CCEmJwTy_q4RQvesuNs>
2019-08-29 10:35:08,411 - root - INFO - 18069425303用户开始登录，返回登录信息f809fa34-1ac1-45fd-881a-f0fa327cfc04
2019-08-29 10:35:08,703 - root - INFO - 18069425303登录成功，返回token<a4852758-c2b9-4d64-8865-d0b810676243>
2019-08-29 10:35:08,715 - root - INFO - 测试用例开始执行
2019-08-29 10:35:08,747 - root - INFO - 获取用例数据:{'id': 1.0, 'module': '达人圈', 'url': '/api/community/publishNote', 'name': '发起直播', 'key': 'app接口', 'param': '{"images":"https://git-cdn.oss-cn-hangzhou.aliyuncs.com/shop/community/20190827/NCHPE3E5755S82V5A6J41566871150340-640x427.jpg","watermark":"false","noteType":"1","content":"哈哈哈哈哈","viewerType":"0"}', 'place': '', 'way': 'POST', 'expect1': 'isSuccess=1', 'expect2': 'msg=发布成功', 'expect3': '', 'expect4': ''}
2019-08-29 10:35:09,128 - root - INFO - 成功发起POST请求(app接口)，请求结果code为：200, 请求结果字段为：{"count":0,"data":{"noteId":1233,"noteUserName":"店主盛夏","pushLiveUrl":"rtmp://pushlive.showjoy.com/live/88872881567046109?txSecret=26e6437c1d7cfb85e2bacab8b83c88a9&txTime=5D688B5D"},"isRedirect":0,"isSuccess":1,"login":0,"msg":"发布成功"}
2019-08-29 10:35:09,129 - root - INFO - 请求传入数据：url:/api/community/publishNote,key:app接口,参数:{"images":"https://git-cdn.oss-cn-hangzhou.aliyuncs.com/shop/community/20190827/NCHPE3E5755S82V5A6J41566871150340-640x427.jpg","watermark":"false","noteType":"1","content":"哈哈哈哈哈","viewerType":"0"},请求方式：POST
2019-08-29 10:35:09,130 - root - INFO - 对【isSuccess】断言,断言结果--预期值1 == 实际值1
2019-08-29 10:35:09,131 - root - INFO - 对【发布结果】断言,断言结果--预期值发布成功 == 实际值发布成功
2019-08-29 10:35:09,132 - root - INFO - 测试用例执行完毕
2019-08-29 10:35:09,133 - root - INFO - ----------------------------------
2019-08-29 10:35:09,134 - root - INFO - 测试用例开始执行
2019-08-29 10:35:09,144 - root - INFO - 获取用例数据：{'id': 2.0, 'module': '达人圈', 'url': '/api/community/startLive', 'name': '推流成功', 'key': 'app接口', 'param': '{"noteId":{0}}', 'place': "sit;talent_circle;SELECT b.live_status from talent_circle.note_info a,talent_circle.note_live_info b where a.user_id='8887288'  ORDER BY b.gmt_create desc LIMIT 1;", 'way': 'POST', 'expect1': 'isSuccess=1', 'expect2': 'live_status=1', 'expect3': '', 'expect4': ''}
2019-08-29 10:35:09,196 - root - INFO - 成功发起POST请求(app接口)，请求结果code为：200, 请求结果字段为：{"count":0,"isRedirect":0,"isSuccess":1,"login":0}
2019-08-29 10:35:09,197 - root - INFO - 请求传入数据：url:/api/community/startLive,key:app接口,参数:{"noteId":{0}},请求方式：POST
2019-08-29 10:35:10,337 - root - INFO - 连接数据库成功
2019-08-29 10:35:10,347 - root - INFO - 成功登录sit环境数据库：talent_circle，版本为：5.7.25-log，执行SQL：SELECT b.live_status from talent_circle.note_info a,talent_circle.note_live_info b where a.user_id='8887288'  ORDER BY b.gmt_create desc LIMIT 1
2019-08-29 10:35:10,361 - root - INFO - 查询结果：1
2019-08-29 10:35:10,362 - root - INFO - 推流成功，对【isSuccess】断言,断言结果--预期值1 == 实际值1
2019-08-29 10:35:10,363 - root - INFO - 对【直播状态】断言,断言结果--预期值1 == 实际值1
2019-08-29 10:35:10,364 - root - INFO - 测试用例执行完毕
2019-08-29 10:35:10,365 - root - INFO - ----------------------------------
2019-08-29 10:35:10,366 - root - INFO - 测试用例开始执行
2019-08-29 10:35:10,377 - root - INFO - 获取用例数据：{'id': 3.0, 'module': '达人圈', 'url': '/api/community/getViewers?noteId={0}', 'name': '观看直播人数', 'key': 'app接口', 'param': 'not argument', 'place': "sit;talent_circle;SELECT live_status from talent_circle.note_live_info  where note_id = '{0}';", 'way': 'GET', 'expect1': 'isSuccess=1', 'expect2': 'live_status=1', 'expect3': '', 'expect4': ''}
2019-08-29 10:35:10,422 - root - INFO - 成功发起GET请求(http://shop.m.showjoy.com.cn/api/community/getViewers?noteId=1233)，请求url为：app接口，请求结果code为：200, 请求结果字段为：{"count":0,"data":0,"isRedirect":0,"isSuccess":1,"login":0}
2019-08-29 10:35:10,423 - root - INFO - 请求传入数据：url:/api/community/getViewers?noteId={0},key:app接口,参数:not argument,请求方式：GET
2019-08-29 10:35:11,516 - root - INFO - 连接数据库成功
2019-08-29 10:35:11,527 - root - INFO - 成功登录sit环境数据库：talent_circle，版本为：5.7.25-log，执行SQL：SELECT live_status from talent_circle.note_live_info  where note_id = '1233'
2019-08-29 10:35:11,539 - root - INFO - 查询结果：1
2019-08-29 10:35:11,540 - root - INFO - 有人数观看，对【isSuccess】断言,断言结果--预期值1 == 实际值1
2019-08-29 10:35:11,541 - root - INFO - 对观看人数断言,断言结果--预期值1 == 实际值1
2019-08-29 10:35:11,542 - root - INFO - 测试用例执行完毕
2019-08-29 10:35:11,543 - root - INFO - ----------------------------------
2019-08-29 10:35:11,545 - root - INFO - 测试用例开始执行
2019-08-29 10:35:11,555 - root - INFO - 获取用例数据：{'id': 4.0, 'module': '达人圈', 'url': '/api/community/viewLive?noteId={0}', 'name': '观众加入直播', 'key': '直播观众', 'param': 'not argument', 'place': "sit;talent_circle;SELECT pull_url from talent_circle.note_live_info  where note_id = '{0}';", 'way': 'GET', 'expect1': 'isSuccess=1', 'expect2': '【比较接口返回的pullUrl和数据库中的pullUrl】', 'expect3': '', 'expect4': ''}
2019-08-29 10:35:11,616 - root - INFO - 成功发起GET请求(http://shop.m.showjoy.com.cn/api/community/viewLive?noteId=1233)，请求url为：直播观众，请求结果code为：200, 请求结果字段为：{"count":0,"data":{"followStatus":2,"headImage":"https://cdn1.showjoy.com/images/8b/8b957c862d3249f6938e27d8e9a6c219.png","imageList":["https://git-cdn.oss-cn-hangzhou.aliyuncs.com/shop/community/20190827/NCHPE3E5755S82V5A6J41566871150340-640x427.jpg"],"likeNumber":0,"liveStatus":1,"needBuyVip":0,"pullUrl":"rtmp://playlive.showjoy.com/live/88872881567046109?txSecret=305447b34414b9842c27e87e63935396&txTime=5D688B5D","shopId":544655,"userId":8887288,"userName":"盛夏名字有点长哈哈哈哈","viewerUserName":"你说呢哈哈哈","viewers":1},"isRedirect":0,"isSuccess":1,"login":0}
2019-08-29 10:35:11,618 - root - INFO - 请求传入数据：url:/api/community/viewLive?noteId={0},key:直播观众,参数:not argument,请求方式：GET
2019-08-29 10:35:11,701 - root - INFO - 连接数据库成功
2019-08-29 10:35:11,710 - root - INFO - 成功登录sit环境数据库：talent_circle，版本为：5.7.25-log，执行SQL：SELECT pull_url from talent_circle.note_live_info  where note_id = '1233'
2019-08-29 10:35:11,722 - root - INFO - 查询结果：rtmp://playlive.showjoy.com/live/88872881567046109?txSecret=305447b34414b9842c27e87e63935396&txTime=5D688B5D
2019-08-29 10:35:12,726 - root - INFO - 加入成功，对【isSuccess】断言,断言结果--预期值1 == 实际值1
2019-08-29 10:35:12,727 - root - INFO - 测试用例执行完毕
2019-08-29 10:35:12,728 - root - INFO - ----------------------------------
2019-08-29 10:35:42,165 - root - INFO - 18768278576用户开始登录，返回登录信息b5f99e28-e29d-4bc6-9fb9-fa09eb935667
2019-08-29 10:35:42,442 - root - INFO - 18768278576登录成功，返回token<722dbfae-0bf0-4739-91f7-a48c05cd74dc>
2019-08-29 10:35:42,540 - root - INFO - 海妖后台登陆成功，返回token<eyJhbGciOiJIUzI1NiIsInR5cCI6IkpXVCJ9.eyJ1c2VySW5mbyI6eyJlbWFpbCI6IiIsImdtdENyZWF0ZSI6MTQ2MTA4MTE0MDAwMCwiZ210TW9kaWZpZWQiOjE1NDcwNzA4MDEwMDAsImlkIjo5MTQwMTM2LCJpbWFnZSI6Ii8vY2RuMS5zaG93am95LmNvbS9zaG9wL3VzZXJfaGVhZC8yMDE4MDUxNC9YUjhRRkFIOVlSQUVZVkRVVFozQjE1MjYyODM5MzExODAuanBnIiwiaXNFbmFibGUiOnRydWUsImlzRmFrZSI6MCwibmljayI6Iua1t-WmliIsInNleFR5cGUiOiJtIiwidGVsIjoiMTM1NjcxMzY2NTQiLCJ1c2VybmFtZSI6Iua1t-WmliIsImFjY291bnRfdHlwZSI6MSwiYnluYW1lIjoi5rW35aaWIiwicmVhbE5hbWUiOiLmtbflppYiLCJzdXBwbGllcklkIjpbMF19LCJpYXQiOjE1NjcwNDYxNDIsImV4cCI6MTU2NzY1MDk0Mn0.Qq2QRQTTzUun0MfZLzqlVVdZ8TuB0GOgqBKAn8cHrD8>
2019-08-29 10:35:42,606 - root - INFO - 18069425303用户开始登录，返回登录信息f809fa34-1ac1-45fd-881a-f0fa327cfc04
2019-08-29 10:35:42,877 - root - INFO - 18069425303登录成功，返回token<f2f26aff-a6d0-4d16-9b11-1f22b7b6f12d>
2019-08-29 10:35:42,885 - root - INFO - 测试用例开始执行
2019-08-29 10:35:42,923 - root - INFO - 获取用例数据:{'id': 1.0, 'module': '达人圈', 'url': '/api/community/publishNote', 'name': '发起直播', 'key': 'app接口', 'param': '{"images":"https://git-cdn.oss-cn-hangzhou.aliyuncs.com/shop/community/20190827/NCHPE3E5755S82V5A6J41566871150340-640x427.jpg","watermark":"false","noteType":"1","content":"哈哈哈哈哈","viewerType":"0"}', 'place': '', 'way': 'POST', 'expect1': 'isSuccess=1', 'expect2': 'msg=发布成功', 'expect3': '', 'expect4': ''}
2019-08-29 10:35:43,343 - root - INFO - 成功发起POST请求(app接口)，请求结果code为：200, 请求结果字段为：{"count":0,"data":{"noteId":1234,"noteUserName":"店主盛夏","pushLiveUrl":"rtmp://pushlive.showjoy.com/live/88872881567046143?txSecret=661064172b65d920276ef3e801e39d52&txTime=5D688B7F"},"isRedirect":0,"isSuccess":1,"login":0,"msg":"发布成功"}
2019-08-29 10:35:43,344 - root - INFO - 请求传入数据：url:/api/community/publishNote,key:app接口,参数:{"images":"https://git-cdn.oss-cn-hangzhou.aliyuncs.com/shop/community/20190827/NCHPE3E5755S82V5A6J41566871150340-640x427.jpg","watermark":"false","noteType":"1","content":"哈哈哈哈哈","viewerType":"0"},请求方式：POST
2019-08-29 10:35:43,345 - root - INFO - 对【isSuccess】断言,断言结果--预期值1 == 实际值1
2019-08-29 10:35:43,346 - root - INFO - 对【发布结果】断言,断言结果--预期值发布成功 == 实际值发布成功
2019-08-29 10:35:43,347 - root - INFO - 测试用例执行完毕
2019-08-29 10:35:43,347 - root - INFO - ----------------------------------
2019-08-29 10:35:43,349 - root - INFO - 测试用例开始执行
2019-08-29 10:35:43,360 - root - INFO - 获取用例数据：{'id': 2.0, 'module': '达人圈', 'url': '/api/community/startLive', 'name': '推流成功', 'key': 'app接口', 'param': '{"noteId":{0}}', 'place': "sit;talent_circle;SELECT b.live_status from talent_circle.note_info a,talent_circle.note_live_info b where a.user_id='8887288'  ORDER BY b.gmt_create desc LIMIT 1;", 'way': 'POST', 'expect1': 'isSuccess=1', 'expect2': 'live_status=1', 'expect3': '', 'expect4': ''}
2019-08-29 10:35:43,417 - root - INFO - 成功发起POST请求(app接口)，请求结果code为：200, 请求结果字段为：{"count":0,"isRedirect":0,"isSuccess":1,"login":0}
2019-08-29 10:35:43,418 - root - INFO - 请求传入数据：url:/api/community/startLive,key:app接口,参数:{"noteId":{0}},请求方式：POST
2019-08-29 10:35:44,528 - root - INFO - 连接数据库成功
2019-08-29 10:35:44,536 - root - INFO - 成功登录sit环境数据库：talent_circle，版本为：5.7.25-log，执行SQL：SELECT b.live_status from talent_circle.note_info a,talent_circle.note_live_info b where a.user_id='8887288'  ORDER BY b.gmt_create desc LIMIT 1
2019-08-29 10:35:44,550 - root - INFO - 查询结果：1
2019-08-29 10:35:44,555 - root - INFO - 推流成功，对【isSuccess】断言,断言结果--预期值1 == 实际值1
2019-08-29 10:35:44,555 - root - INFO - 对【直播状态】断言,断言结果--预期值1 == 实际值1
2019-08-29 10:35:44,556 - root - INFO - 测试用例执行完毕
2019-08-29 10:35:44,557 - root - INFO - ----------------------------------
2019-08-29 10:35:44,558 - root - INFO - 测试用例开始执行
2019-08-29 10:35:44,570 - root - INFO - 获取用例数据：{'id': 3.0, 'module': '达人圈', 'url': '/api/community/getViewers?noteId={0}', 'name': '观看直播人数', 'key': 'app接口', 'param': 'not argument', 'place': "sit;talent_circle;SELECT live_status from talent_circle.note_live_info  where note_id = '{0}';", 'way': 'GET', 'expect1': 'isSuccess=1', 'expect2': 'live_status=1', 'expect3': '', 'expect4': ''}
2019-08-29 10:35:44,611 - root - INFO - 成功发起GET请求(http://shop.m.showjoy.com.cn/api/community/getViewers?noteId=1234)，请求url为：app接口，请求结果code为：200, 请求结果字段为：{"count":0,"data":0,"isRedirect":0,"isSuccess":1,"login":0}
2019-08-29 10:35:44,613 - root - INFO - 请求传入数据：url:/api/community/getViewers?noteId={0},key:app接口,参数:not argument,请求方式：GET
2019-08-29 10:35:45,721 - root - INFO - 连接数据库成功
2019-08-29 10:35:45,730 - root - INFO - 成功登录sit环境数据库：talent_circle，版本为：5.7.25-log，执行SQL：SELECT live_status from talent_circle.note_live_info  where note_id = '1234'
2019-08-29 10:35:45,745 - root - INFO - 查询结果：1
2019-08-29 10:35:45,746 - root - INFO - 有人数观看，对【isSuccess】断言,断言结果--预期值1 == 实际值1
2019-08-29 10:35:45,747 - root - INFO - 对观看人数断言,断言结果--预期值1 == 实际值1
2019-08-29 10:35:45,748 - root - INFO - 测试用例执行完毕
2019-08-29 10:35:45,749 - root - INFO - ----------------------------------
2019-08-29 10:35:45,751 - root - INFO - 测试用例开始执行
2019-08-29 10:35:45,760 - root - INFO - 获取用例数据：{'id': 4.0, 'module': '达人圈', 'url': '/api/community/viewLive?noteId={0}', 'name': '观众加入直播', 'key': '直播观众', 'param': 'not argument', 'place': "sit;talent_circle;SELECT pull_url from talent_circle.note_live_info  where note_id = '{0}';", 'way': 'GET', 'expect1': 'isSuccess=1', 'expect2': '【比较接口返回的pullUrl和数据库中的pullUrl】', 'expect3': '', 'expect4': ''}
2019-08-29 10:35:45,825 - root - INFO - 成功发起GET请求(http://shop.m.showjoy.com.cn/api/community/viewLive?noteId=1234)，请求url为：直播观众，请求结果code为：200, 请求结果字段为：{"count":0,"data":{"followStatus":2,"headImage":"https://cdn1.showjoy.com/images/8b/8b957c862d3249f6938e27d8e9a6c219.png","imageList":["https://git-cdn.oss-cn-hangzhou.aliyuncs.com/shop/community/20190827/NCHPE3E5755S82V5A6J41566871150340-640x427.jpg"],"likeNumber":0,"liveStatus":1,"needBuyVip":0,"pullUrl":"rtmp://playlive.showjoy.com/live/88872881567046143?txSecret=c2bfd42059ecd580fe6cb37a58901029&txTime=5D688B7F","shopId":544655,"userId":8887288,"userName":"盛夏名字有点长哈哈哈哈","viewerUserName":"你说呢哈哈哈","viewers":1},"isRedirect":0,"isSuccess":1,"login":0}
2019-08-29 10:35:45,826 - root - INFO - 请求传入数据：url:/api/community/viewLive?noteId={0},key:直播观众,参数:not argument,请求方式：GET
2019-08-29 10:35:45,927 - root - INFO - 连接数据库成功
2019-08-29 10:35:45,936 - root - INFO - 成功登录sit环境数据库：talent_circle，版本为：5.7.25-log，执行SQL：SELECT pull_url from talent_circle.note_live_info  where note_id = '1234'
2019-08-29 10:35:45,949 - root - INFO - 查询结果：rtmp://playlive.showjoy.com/live/88872881567046143?txSecret=c2bfd42059ecd580fe6cb37a58901029&txTime=5D688B7F
2019-08-29 10:35:46,954 - root - INFO - 加入成功，对【isSuccess】断言,断言结果--预期值1 == 实际值1
2019-08-29 10:35:46,956 - root - INFO - 测试用例执行完毕
2019-08-29 10:35:46,957 - root - INFO - ----------------------------------
