2019-08-28 13:30:07,895 - root - INFO - 18768278576用户开始登录，返回登录信息b5f99e28-e29d-4bc6-9fb9-fa09eb935667
2019-08-28 13:30:08,182 - root - INFO - 18768278576登录成功，返回token<39e78cc5-55b9-49cc-821f-3338fc4d8599>
2019-08-28 13:30:08,308 - root - INFO - 海妖后台登陆成功，返回token<eyJhbGciOiJIUzI1NiIsInR5cCI6IkpXVCJ9.eyJ1c2VySW5mbyI6eyJlbWFpbCI6IiIsImdtdENyZWF0ZSI6MTQ2MTA4MTE0MDAwMCwiZ210TW9kaWZpZWQiOjE1NDcwNzA4MDEwMDAsImlkIjo5MTQwMTM2LCJpbWFnZSI6Ii8vY2RuMS5zaG93am95LmNvbS9zaG9wL3VzZXJfaGVhZC8yMDE4MDUxNC9YUjhRRkFIOVlSQUVZVkRVVFozQjE1MjYyODM5MzExODAuanBnIiwiaXNFbmFibGUiOnRydWUsImlzRmFrZSI6MCwibmljayI6Iua1t-WmliIsInNleFR5cGUiOiJtIiwidGVsIjoiMTM1NjcxMzY2NTQiLCJ1c2VybmFtZSI6Iua1t-WmliIsImFjY291bnRfdHlwZSI6MSwiYnluYW1lIjoi5rW35aaWIiwicmVhbE5hbWUiOiLmtbflppYiLCJzdXBwbGllcklkIjpbMF19LCJpYXQiOjE1NjY5NzAyMDgsImV4cCI6MTU2NzU3NTAwOH0.Ia4MqoU-q9Howc9tKBHqyIFmL0hTOUdC8IxMMoemi4U>
2019-08-28 13:30:08,318 - root - INFO - 测试用例开始执行
2019-08-28 13:30:08,377 - root - INFO - 获取用例数据:{'id': 1.0, 'module': '达人圈', 'url': '/api/community/publishNote', 'name': '发起直播', 'key': 'app接口', 'param': '{"images":"https://git-cdn.oss-cn-hangzhou.aliyuncs.com/shop/community/20190827/NCHPE3E5755S82V5A6J41566871150340-640x427.jpg","watermark":"false","noteType":"1","content":"哈哈哈哈哈","viewerType":"0"}', 'place': '', 'way': 'POST', 'expect1': 'isSuccess=1', 'expect2': 'msg=发布成功', 'expect3': '', 'expect4': ''}
2019-08-28 13:30:08,838 - root - INFO - 成功发起POST请求(app接口)，请求结果code为：200, 请求结果字段为：{"count":0,"data":{"noteId":1221,"noteUserName":"店主盛夏","pushLiveUrl":"rtmp://pushlive.showjoy.com/live/88872881566970208?txSecret=3eb09bc50a07e667a4c4dc0ac4703268&txTime=5D6762E0"},"isRedirect":0,"isSuccess":1,"login":0,"msg":"发布成功"}
2019-08-28 13:30:08,839 - root - INFO - 请求传入数据：url:/api/community/publishNote,key:app接口,参数:{"images":"https://git-cdn.oss-cn-hangzhou.aliyuncs.com/shop/community/20190827/NCHPE3E5755S82V5A6J41566871150340-640x427.jpg","watermark":"false","noteType":"1","content":"哈哈哈哈哈","viewerType":"0"},请求方式：POST
2019-08-28 13:30:08,840 - root - INFO - 对【isSuccess】断言,断言结果--预期值1 == 实际值1
2019-08-28 13:30:08,841 - root - INFO - 对【发布结果】断言,断言结果--预期值发布成功 == 实际值发布成功
2019-08-28 13:30:08,842 - root - INFO - 测试用例执行完毕
2019-08-28 13:30:08,843 - root - INFO - ----------------------------------
2019-08-28 13:30:08,844 - root - INFO - 测试用例开始执行
2019-08-28 13:30:08,854 - root - INFO - 获取用例数据：{'id': 2.0, 'module': '达人圈', 'url': '/api/community/startLive', 'name': '推流成功', 'key': 'app接口', 'param': '{"noteId":{0}}', 'place': "sit;talent_circle;SELECT b.live_status from talent_circle.note_info a,talent_circle.note_live_info b where a.user_id='8887288'  ORDER BY b.gmt_create desc LIMIT 1;", 'way': 'POST', 'expect1': 'isSuccess=1', 'expect2': 'live_status=1', 'expect3': '', 'expect4': ''}
2019-08-28 13:30:08,897 - root - INFO - 成功发起POST请求(app接口)，请求结果code为：200, 请求结果字段为：{"count":0,"isRedirect":0,"isSuccess":1,"login":0}
2019-08-28 13:30:08,899 - root - INFO - 请求传入数据：url:/api/community/startLive,key:app接口,参数:{"noteId":{0}},请求方式：POST
2019-08-28 13:30:10,053 - root - INFO - 连接数据库成功
2019-08-28 13:30:10,061 - root - INFO - 成功登录sit环境数据库：talent_circle，版本为：5.7.25-log，执行SQL：SELECT b.live_status from talent_circle.note_info a,talent_circle.note_live_info b where a.user_id='8887288'  ORDER BY b.gmt_create desc LIMIT 1
2019-08-28 13:30:10,074 - root - INFO - 查询结果：1
2019-08-28 13:30:10,075 - root - INFO - 推流成功，对【isSuccess】断言,断言结果--预期值1 == 实际值1
2019-08-28 13:30:10,076 - root - INFO - 对【直播状态】断言,断言结果--预期值1 == 实际值1
2019-08-28 13:30:10,077 - root - INFO - 测试用例执行完毕
2019-08-28 13:30:10,079 - root - INFO - ----------------------------------
2019-08-28 13:30:10,080 - root - INFO - 测试用例开始执行
2019-08-28 13:30:10,090 - root - INFO - 获取用例数据：{'id': 3.0, 'module': '达人圈', 'url': '/api/community/getViewers?noteId={0}', 'name': '观看直播人数', 'key': 'app接口', 'param': 'not argument', 'place': "sit;talent_circle;SELECT live_status from talent_circle.note_live_info  where note_id = '{0}';", 'way': 'GET', 'expect1': 'isSuccess=1', 'expect2': 'live_status=1', 'expect3': '', 'expect4': ''}
2019-08-28 13:30:10,133 - root - INFO - 成功发起GET请求(http://shop.m.showjoy.com.cn/api/community/getViewers?noteId=1221)，请求url为：app接口，请求结果code为：200, 请求结果字段为：{"count":0,"data":0,"isRedirect":0,"isSuccess":1,"login":0}
2019-08-28 13:30:10,134 - root - INFO - 请求传入数据：url:/api/community/getViewers?noteId={0},key:app接口,参数:not argument,请求方式：GET
2019-08-28 13:30:11,244 - root - INFO - 连接数据库成功
2019-08-28 13:30:11,253 - root - INFO - 成功登录sit环境数据库：talent_circle，版本为：5.7.25-log，执行SQL：SELECT live_status from talent_circle.note_live_info  where note_id = '1221'
2019-08-28 13:30:11,296 - root - INFO - 查询结果：1
2019-08-28 13:30:11,297 - root - INFO - 有人数观看，对【isSuccess】断言,断言结果--预期值1 == 实际值1
2019-08-28 13:30:11,298 - root - INFO - 对观看人数断言,断言结果--预期值1 == 实际值1
2019-08-28 13:30:11,299 - root - INFO - 测试用例执行完毕
2019-08-28 13:30:11,300 - root - INFO - ----------------------------------
2019-08-28 13:30:11,301 - root - INFO - 测试用例开始执行
2019-08-28 13:30:11,311 - root - INFO - 获取用例数据：{'id': 4.0, 'module': '达人圈', 'url': '/api/community/viewLive?noteId={0}', 'name': '观众加入直播', 'key': 'app接口', 'param': 'not argument', 'place': "sit;talent_circle;SELECT a.id,b.pull_url from talent_circle.note_info a,talent_circle.note_live_info b where a.user_id ='9140156' and a.id=b.note_id ORDER BY a.gmt_create DESC limit 1;", 'way': 'GET', 'expect1': 'isSuccess=1', 'expect2': '【比较接口返回的pullUrl和数据库中的pullUrl】', 'expect3': '', 'expect4': ''}
2019-08-28 13:30:11,396 - root - INFO - 成功发起GET请求(http://shop.m.showjoy.com.cn/api/community/viewLive?noteId=1221)，请求url为：app接口，请求结果code为：200, 请求结果字段为：{"count":0,"data":{"followStatus":-1,"headImage":"https://cdn1.showjoy.com/images/8b/8b957c862d3249f6938e27d8e9a6c219.png","imageList":["https://git-cdn.oss-cn-hangzhou.aliyuncs.com/shop/community/20190827/NCHPE3E5755S82V5A6J41566871150340-640x427.jpg"],"likeNumber":0,"liveStatus":1,"needBuyVip":0,"pullUrl":"rtmp://playlive.showjoy.com/live/88872881566970208?txSecret=a558972efca8e744044028b6b05e2bd4&txTime=5D6762E0","shopId":544655,"userId":8887288,"userName":"盛夏名字有点长哈哈哈哈","viewerUserName":"店主盛夏","viewers":1},"isRedirect":0,"isSuccess":1,"login":0}
2019-08-28 13:30:11,397 - root - INFO - 请求传入数据：url:/api/community/viewLive?noteId={0},key:app接口,参数:not argument,请求方式：GET
2019-08-28 13:30:11,411 - root - INFO - 测试用例执行完毕
2019-08-28 13:30:11,411 - root - INFO - ----------------------------------
