2019-08-27 15:12:22,376 - root - INFO - 18768278576用户开始登录，返回登录信息b5f99e28-e29d-4bc6-9fb9-fa09eb935667
2019-08-27 15:12:22,713 - root - INFO - 18768278576登录成功，返回token<3e113364-9c54-447e-af23-cc21c851d235>
2019-08-27 15:12:22,811 - root - INFO - 海妖后台登陆成功，返回token<eyJhbGciOiJIUzI1NiIsInR5cCI6IkpXVCJ9.eyJ1c2VySW5mbyI6eyJlbWFpbCI6IiIsImdtdENyZWF0ZSI6MTQ2MTA4MTE0MDAwMCwiZ210TW9kaWZpZWQiOjE1NDcwNzA4MDEwMDAsImlkIjo5MTQwMTM2LCJpbWFnZSI6Ii8vY2RuMS5zaG93am95LmNvbS9zaG9wL3VzZXJfaGVhZC8yMDE4MDUxNC9YUjhRRkFIOVlSQUVZVkRVVFozQjE1MjYyODM5MzExODAuanBnIiwiaXNFbmFibGUiOnRydWUsImlzRmFrZSI6MCwibmljayI6Iua1t-WmliIsInNleFR5cGUiOiJtIiwidGVsIjoiMTM1NjcxMzY2NTQiLCJ1c2VybmFtZSI6Iua1t-WmliIsImFjY291bnRfdHlwZSI6MSwiYnluYW1lIjoi5rW35aaWIiwicmVhbE5hbWUiOiLmtbflppYiLCJzdXBwbGllcklkIjpbMF19LCJpYXQiOjE1NjY4ODk5NDIsImV4cCI6MTU2NzQ5NDc0Mn0.YiVA1DNR3Yr8omLCCIcQ-KRDNYRUOHI75cA6dA13u5E>
2019-08-27 15:12:22,820 - root - INFO - 测试用例开始执行
2019-08-27 15:12:23,025 - root - INFO - 连接数据库成功
2019-08-27 15:12:23,037 - root - INFO - 成功登录sit环境数据库：talent_circle，版本为：5.7.25-log，执行SQL：select id from note_info where user_id = '9140158' order by gmt_create desc LIMIT 1
2019-08-27 15:12:23,052 - root - INFO - 查询结果：1202
2019-08-27 15:12:23,053 - root - INFO - 获取用例数据:{'id': 25.0, 'module': '达人圈', 'url': '/api/community/getUserPublish?pageSize=10&page=1&userId=9140158', 'name': '获取个人发布内容', 'key': 'app接口', 'param': 'not argument', 'place': "sit;talent_circle;select id from note_info where user_id = '9140158' order by gmt_create desc LIMIT 1", 'way': 'GET', 'expect1': 'content=东西用起来好用，价格实惠', 'expect2': '【noteid数据库和返回值做校验】', 'expect3': '', 'expect4': ''}
2019-08-27 15:12:24,737 - root - INFO - 成功发起GET请求(http://shop.m.showjoy.com.cn/api/community/getUserPublish?pageSize=10&page=1&userId=9140158)，请求url为：app接口，请求结果code为：200, 请求结果字段为：
<!doctype html>
<html>
    
    <head>
        <meta charset="utf-8">
        <meta name="viewport" content="width=320.1, initial-scale=1.0, maximum-scale=1.0, user-scalable=no"
        />
        <meta name="format-detection" content="telephone=no,email=no">
        <meta name="apple-touch-fullscreen" content="yes">
        <link rel="dns-prefetch" href="http://cdn1.showjoy.com">
        <meta name="apple-mobile-web-app-title" content="尚妆网">
        <link rel="apple-touch-icon" href="http://cdn1.showjoy.com/images/5c/5c0fc2a2999a4f7789ae9fe35e47bb49.png">
        <meta name="keywords" content="" />
        <meta name="description" content="" />
        <meta name="alexaVerifyID" content="CQ9MFqujDWRsB8dm3rfIrhLYva0" />
        <meta name="apple-mobile-web-app-title" content="尚妆网">
        <link rel="apple-touch-icon" href="http://cdn1.showjoy.com/images/5c/5c0fc2a2999a4f7789ae9fe35e47bb49.png">
        <link rel="stylesheet" type="text/css" href="http://cdn1.showjoy.com/assets/f2e/joyf2e/vendor/0.0.2/gmu/reset.css" />
		<link rel="stylesheet" type="text/css" href="http://cdn1.showjoy.com/assets/f2e/joyf2e/vendor/0.0.2/gmu/gmu.min.css" />
        <link href="http://cdn1.showjoy.com/assets/f2e/showjoy-assets/common-m/0.0.4/m-header/m-header.css" rel="stylesheet" />
		<link href="http://cdn1.showjoy.com/assets/f2e/showjoy-assets/common-m/0.0.4/m-footer/m-footer.min.css" rel="stylesheet" />
        <script type="text/javascript" src="http://cdn1.showjoy.com/assets/f2e/joyf2e/vendor/0.0.2/gmu/zepto.min.js"></script>
    	<script type="text/javascript" src="http://cdn1.showjoy.com/assets/f2e/joyf2e/vendor/0.0.2/gmu/gmu.min.js"></script>
   	 	<script src="http://cdn1.showjoy.com/assets/f2e/showjoy-assets/common-m/0.0.4/m-header/m-header.min.js" type="text/javascript"></script>
		<script src="http://cdn1.showjoy.com/assets/f2e/showjoy-assets/common-m/0.0.4/m-footer/m-footer.min.js" type="text/javascript"></script>
        <script src="http://cdn1.showjoy.com/assets/mobile/2.35.0/js/widget/fastclick-min.js"
        type="text/javascript">
        </script>
        <title>
            登录
        </title>
    </head>
    
    <body>
            <input type="hidden" value="http://login.shop.showjoy.com.cn:80/oauth_sign_in/weixin_h5?service=http://shop.m.showjoy.com.cn:80&redirect_uri=%2Fapi%2Fcommunity%2FgetUserPublish%3FpageSize%3D10%26page%3D1%26userId%3D9140158%26not%2520argument" class="j_Rurl">
            <script >
                 Zepto(function(){
					  var rUrl = $('.j_Rurl').val();
					  window.location = rUrl;
					});
                 
            </script>
    </body>

</html>
2019-08-27 15:12:24,739 - root - INFO - 请求传入数据：url:/api/community/getUserPublish?pageSize=10&page=1&userId=9140158,key:app接口,参数:not argument,请求方式：GET
2019-08-27 15:12:24,740 - root - INFO - 测试用例执行完毕
2019-08-27 15:12:24,740 - root - INFO - ----------------------------------
2019-08-27 15:12:53,422 - root - INFO - 18768278576用户开始登录，返回登录信息b5f99e28-e29d-4bc6-9fb9-fa09eb935667
2019-08-27 15:12:53,719 - root - INFO - 18768278576登录成功，返回token<fb4ea406-1b02-43bb-a10e-d31258abe8fd>
2019-08-27 15:12:53,817 - root - INFO - 海妖后台登陆成功，返回token<eyJhbGciOiJIUzI1NiIsInR5cCI6IkpXVCJ9.eyJ1c2VySW5mbyI6eyJlbWFpbCI6IiIsImdtdENyZWF0ZSI6MTQ2MTA4MTE0MDAwMCwiZ210TW9kaWZpZWQiOjE1NDcwNzA4MDEwMDAsImlkIjo5MTQwMTM2LCJpbWFnZSI6Ii8vY2RuMS5zaG93am95LmNvbS9zaG9wL3VzZXJfaGVhZC8yMDE4MDUxNC9YUjhRRkFIOVlSQUVZVkRVVFozQjE1MjYyODM5MzExODAuanBnIiwiaXNFbmFibGUiOnRydWUsImlzRmFrZSI6MCwibmljayI6Iua1t-WmliIsInNleFR5cGUiOiJtIiwidGVsIjoiMTM1NjcxMzY2NTQiLCJ1c2VybmFtZSI6Iua1t-WmliIsImFjY291bnRfdHlwZSI6MSwiYnluYW1lIjoi5rW35aaWIiwicmVhbE5hbWUiOiLmtbflppYiLCJzdXBwbGllcklkIjpbMF19LCJpYXQiOjE1NjY4ODk5NzMsImV4cCI6MTU2NzQ5NDc3M30.QFqZ-N68z3qA-20T7MY_3783hw1qHQ_o4icPy8tmvMM>
2019-08-27 15:12:53,825 - root - INFO - 测试用例开始执行
2019-08-27 15:12:53,972 - root - INFO - 连接数据库成功
2019-08-27 15:12:53,986 - root - INFO - 成功登录sit环境数据库：talent_circle，版本为：5.7.25-log，执行SQL：select id from note_info where user_id = '9140158' order by gmt_create desc LIMIT 1
2019-08-27 15:12:54,001 - root - INFO - 查询结果：1202
2019-08-27 15:12:54,003 - root - INFO - 获取用例数据:{'id': 25.0, 'module': '达人圈', 'url': '/api/community/getUserPublish?pageSize=10&page=1&userId=9140158', 'name': '获取个人发布内容', 'key': 'app接口', 'param': 'not argument', 'place': "sit;talent_circle;select id from note_info where user_id = '9140158' order by gmt_create desc LIMIT 1", 'way': 'GET', 'expect1': 'content=东西用起来好用，价格实惠', 'expect2': '【noteid数据库和返回值做校验】', 'expect3': '', 'expect4': ''}
2019-08-27 15:12:55,729 - root - INFO - 成功发起GET请求(http://shop.m.showjoy.com.cn/api/community/getUserPublish?pageSize=10&page=1&userId=9140158)，请求url为：app接口，请求结果code为：200, 请求结果字段为：
<!doctype html>
<html>
    
    <head>
        <meta charset="utf-8">
        <meta name="viewport" content="width=320.1, initial-scale=1.0, maximum-scale=1.0, user-scalable=no"
        />
        <meta name="format-detection" content="telephone=no,email=no">
        <meta name="apple-touch-fullscreen" content="yes">
        <link rel="dns-prefetch" href="http://cdn1.showjoy.com">
        <meta name="apple-mobile-web-app-title" content="尚妆网">
        <link rel="apple-touch-icon" href="http://cdn1.showjoy.com/images/5c/5c0fc2a2999a4f7789ae9fe35e47bb49.png">
        <meta name="keywords" content="" />
        <meta name="description" content="" />
        <meta name="alexaVerifyID" content="CQ9MFqujDWRsB8dm3rfIrhLYva0" />
        <meta name="apple-mobile-web-app-title" content="尚妆网">
        <link rel="apple-touch-icon" href="http://cdn1.showjoy.com/images/5c/5c0fc2a2999a4f7789ae9fe35e47bb49.png">
        <link rel="stylesheet" type="text/css" href="http://cdn1.showjoy.com/assets/f2e/joyf2e/vendor/0.0.2/gmu/reset.css" />
		<link rel="stylesheet" type="text/css" href="http://cdn1.showjoy.com/assets/f2e/joyf2e/vendor/0.0.2/gmu/gmu.min.css" />
        <link href="http://cdn1.showjoy.com/assets/f2e/showjoy-assets/common-m/0.0.4/m-header/m-header.css" rel="stylesheet" />
		<link href="http://cdn1.showjoy.com/assets/f2e/showjoy-assets/common-m/0.0.4/m-footer/m-footer.min.css" rel="stylesheet" />
        <script type="text/javascript" src="http://cdn1.showjoy.com/assets/f2e/joyf2e/vendor/0.0.2/gmu/zepto.min.js"></script>
    	<script type="text/javascript" src="http://cdn1.showjoy.com/assets/f2e/joyf2e/vendor/0.0.2/gmu/gmu.min.js"></script>
   	 	<script src="http://cdn1.showjoy.com/assets/f2e/showjoy-assets/common-m/0.0.4/m-header/m-header.min.js" type="text/javascript"></script>
		<script src="http://cdn1.showjoy.com/assets/f2e/showjoy-assets/common-m/0.0.4/m-footer/m-footer.min.js" type="text/javascript"></script>
        <script src="http://cdn1.showjoy.com/assets/mobile/2.35.0/js/widget/fastclick-min.js"
        type="text/javascript">
        </script>
        <title>
            登录
        </title>
    </head>
    
    <body>
            <input type="hidden" value="http://login.shop.showjoy.com.cn:80/oauth_sign_in/weixin_h5?service=http://shop.m.showjoy.com.cn:80&redirect_uri=%2Fapi%2Fcommunity%2FgetUserPublish%3FpageSize%3D10%26page%3D1%26userId%3D9140158%26not%2520argument" class="j_Rurl">
            <script >
                 Zepto(function(){
					  var rUrl = $('.j_Rurl').val();
					  window.location = rUrl;
					});
                 
            </script>
    </body>

</html>
2019-08-27 15:12:55,731 - root - INFO - 请求传入数据：url:/api/community/getUserPublish?pageSize=10&page=1&userId=9140158,key:app接口,参数:not argument,请求方式：GET
2019-08-27 15:12:55,732 - root - INFO - 测试用例执行完毕
2019-08-27 15:12:55,732 - root - INFO - ----------------------------------
