2019-08-30 13:25:45,239 - root - INFO - 18768278576用户开始登录，返回登录信息b5f99e28-e29d-4bc6-9fb9-fa09eb935667
2019-08-30 13:25:45,539 - root - INFO - 18768278576登录成功，返回token<30ddc33f-68eb-4bab-8eb2-a76024e36ab4>
2019-08-30 13:25:45,660 - root - INFO - 海妖后台登陆成功，返回token<eyJhbGciOiJIUzI1NiIsInR5cCI6IkpXVCJ9.eyJ1c2VySW5mbyI6eyJlbWFpbCI6IiIsImdtdENyZWF0ZSI6MTQ2MTA4MTE0MDAwMCwiZ210TW9kaWZpZWQiOjE1NDcwNzA4MDEwMDAsImlkIjo5MTQwMTM2LCJpbWFnZSI6Ii8vY2RuMS5zaG93am95LmNvbS9zaG9wL3VzZXJfaGVhZC8yMDE4MDUxNC9YUjhRRkFIOVlSQUVZVkRVVFozQjE1MjYyODM5MzExODAuanBnIiwiaXNFbmFibGUiOnRydWUsImlzRmFrZSI6MCwibmljayI6Iua1t-WmliIsInNleFR5cGUiOiJtIiwidGVsIjoiMTM1NjcxMzY2NTQiLCJ1c2VybmFtZSI6Iua1t-WmliIsImFjY291bnRfdHlwZSI6MSwiYnluYW1lIjoi5rW35aaWIiwicmVhbE5hbWUiOiLmtbflppYiLCJzdXBwbGllcklkIjpbMF19LCJpYXQiOjE1NjcxNDI3NDUsImV4cCI6MTU2Nzc0NzU0NX0.KFwXLuFbGCt0fHiQibZOn9zfTLIJTW4g9mMAGJBn1nw>
2019-08-30 13:25:45,730 - root - INFO - 18069425303用户开始登录，返回登录信息f809fa34-1ac1-45fd-881a-f0fa327cfc04
2019-08-30 13:25:46,062 - root - INFO - 18069425303登录成功，返回token<6a4454ec-02a6-4c6e-bab0-ec315ebd8f2f>
2019-08-30 13:25:46,066 - root - INFO - 测试用例开始执行
2019-08-30 13:25:46,099 - root - INFO - 获取用例数据:{'id': 1.0, 'module': '达人圈', 'url': '/api/community/publishNote', 'name': '发起直播', 'key': 'app接口', 'param': '{"images":"https://git-cdn.oss-cn-hangzhou.aliyuncs.com/shop/community/20190827/NCHPE3E5755S82V5A6J41566871150340-640x427.jpg","watermark":"false","noteType":"1","content":"哈哈哈哈哈","viewerType":"0"}', 'place': '', 'way': 'POST', 'expect1': 'isSuccess=1', 'expect2': 'msg=发布成功', 'expect3': '', 'expect4': ''}
2019-08-30 13:25:46,582 - root - INFO - 成功发起POST请求(app接口)，请求结果code为：200, 请求结果字段为：{"count":0,"data":{"noteId":1268,"noteUserName":"店主盛夏","pushLiveUrl":"rtmp://pushlive.showjoy.com/live/88872881567142746?txSecret=aa2d432685cb6cf69f4f8c90f86c250c&txTime=5D6A04DA"},"isRedirect":0,"isSuccess":1,"login":0,"msg":"发布成功"}
2019-08-30 13:25:46,583 - root - INFO - 请求传入数据：url:/api/community/publishNote,key:app接口,参数:{"images":"https://git-cdn.oss-cn-hangzhou.aliyuncs.com/shop/community/20190827/NCHPE3E5755S82V5A6J41566871150340-640x427.jpg","watermark":"false","noteType":"1","content":"哈哈哈哈哈","viewerType":"0"},请求方式：POST
2019-08-30 13:25:46,584 - root - INFO - 对【isSuccess】断言,断言结果--预期值1 == 实际值1
2019-08-30 13:25:46,585 - root - INFO - 对【发布结果】断言,断言结果--预期值发布成功 == 实际值发布成功
2019-08-30 13:25:46,586 - root - INFO - 测试用例执行完毕
2019-08-30 13:25:46,586 - root - INFO - ----------------------------------
2019-08-30 13:25:46,588 - root - INFO - 测试用例开始执行
2019-08-30 13:25:46,600 - root - INFO - 获取用例数据：{'id': 2.0, 'module': '达人圈', 'url': '/api/community/startLive', 'name': '推流成功', 'key': 'app接口', 'param': '{"noteId":{0}}', 'place': "sit;talent_circle;SELECT b.live_status from talent_circle.note_info a,talent_circle.note_live_info b where a.user_id='8887288'  ORDER BY b.gmt_create desc LIMIT 1;", 'way': 'POST', 'expect1': 'isSuccess=1', 'expect2': 'live_status=1', 'expect3': '', 'expect4': ''}
2019-08-30 13:25:46,654 - root - INFO - 成功发起POST请求(app接口)，请求结果code为：200, 请求结果字段为：{"count":0,"isRedirect":0,"isSuccess":1,"login":0}
2019-08-30 13:25:46,655 - root - INFO - 请求传入数据：url:/api/community/startLive,key:app接口,参数:{"noteId":{0}},请求方式：POST
2019-08-30 13:25:47,794 - root - INFO - 连接数据库成功
2019-08-30 13:25:47,803 - root - INFO - 成功登录sit环境数据库：talent_circle，版本为：5.7.25-log，执行SQL：SELECT b.live_status from talent_circle.note_info a,talent_circle.note_live_info b where a.user_id='8887288'  ORDER BY b.gmt_create desc LIMIT 1
2019-08-30 13:25:47,817 - root - INFO - 查询结果：1
2019-08-30 13:25:47,818 - root - INFO - 推流成功，对【isSuccess】断言,断言结果--预期值1 == 实际值1
2019-08-30 13:25:47,820 - root - INFO - 对【直播状态】断言,断言结果--预期值1 == 实际值1
2019-08-30 13:25:47,821 - root - INFO - 测试用例执行完毕
2019-08-30 13:25:47,822 - root - INFO - ----------------------------------
2019-08-30 13:25:47,822 - root - INFO - 测试用例开始执行
2019-08-30 13:25:47,834 - root - INFO - 获取用例数据：{'id': 3.0, 'module': '达人圈', 'url': '/api/community/getViewers?noteId={0}', 'name': '观看直播人数', 'key': 'app接口', 'param': 'not argument', 'place': "sit;talent_circle;SELECT live_status from talent_circle.note_live_info  where note_id = '{0}';", 'way': 'GET', 'expect1': 'isSuccess=1', 'expect2': 'live_status=1', 'expect3': '', 'expect4': ''}
2019-08-30 13:25:47,876 - root - INFO - 成功发起GET请求(http://shop.m.showjoy.com.cn/api/community/getViewers?noteId=1268)，请求url为：app接口，请求结果code为：200, 请求结果字段为：{"count":0,"data":0,"isRedirect":0,"isSuccess":1,"login":0}
2019-08-30 13:25:47,877 - root - INFO - 请求传入数据：url:/api/community/getViewers?noteId={0},key:app接口,参数:not argument,请求方式：GET
2019-08-30 13:25:48,979 - root - INFO - 连接数据库成功
2019-08-30 13:25:48,989 - root - INFO - 成功登录sit环境数据库：talent_circle，版本为：5.7.25-log，执行SQL：SELECT live_status from talent_circle.note_live_info  where note_id = '1268'
2019-08-30 13:25:49,006 - root - INFO - 查询结果：1
2019-08-30 13:25:49,007 - root - INFO - 有人数观看，对【isSuccess】断言,断言结果--预期值1 == 实际值1
2019-08-30 13:25:49,008 - root - INFO - 对观看人数断言,断言结果--预期值1 == 实际值1
2019-08-30 13:25:49,009 - root - INFO - 测试用例执行完毕
2019-08-30 13:25:49,010 - root - INFO - ----------------------------------
2019-08-30 13:25:49,011 - root - INFO - 测试用例开始执行
2019-08-30 13:25:49,023 - root - INFO - 获取用例数据：{'id': 4.0, 'module': '达人圈', 'url': '/api/community/viewLive?noteId={0}', 'name': '观众加入直播', 'key': '直播观众', 'param': 'not argument', 'place': "sit;talent_circle;SELECT pull_url from talent_circle.note_live_info  where note_id = '{0}';", 'way': 'GET', 'expect1': 'isSuccess=1', 'expect2': '【比较接口返回的pullUrl和数据库中的pullUrl】', 'expect3': '', 'expect4': ''}
2019-08-30 13:25:49,099 - root - INFO - 成功发起GET请求(http://shop.m.showjoy.com.cn/api/community/viewLive?noteId=1268)，请求url为：直播观众，请求结果code为：200, 请求结果字段为：{"count":0,"data":{"followStatus":2,"headImage":"https://cdn1.showjoy.com/images/8b/8b957c862d3249f6938e27d8e9a6c219.png","imageList":["https://git-cdn.oss-cn-hangzhou.aliyuncs.com/shop/community/20190827/NCHPE3E5755S82V5A6J41566871150340-640x427.jpg"],"likeNumber":0,"liveStatus":1,"needBuyVip":0,"pullUrl":"rtmp://playlive.showjoy.com/live/88872881567142746?txSecret=858398432eb2ba8885596bc0cbc0b061&txTime=5D6A04DA","shopId":544655,"userId":8887288,"userName":"盛夏名字有点长哈哈哈哈","viewerUserName":"你说呢哈哈哈","viewers":1},"isRedirect":0,"isSuccess":1,"login":0}
2019-08-30 13:25:49,099 - root - INFO - 请求传入数据：url:/api/community/viewLive?noteId={0},key:直播观众,参数:not argument,请求方式：GET
2019-08-30 13:25:49,197 - root - INFO - 连接数据库成功
2019-08-30 13:25:49,205 - root - INFO - 成功登录sit环境数据库：talent_circle，版本为：5.7.25-log，执行SQL：SELECT pull_url from talent_circle.note_live_info  where note_id = '1268'
2019-08-30 13:25:49,218 - root - INFO - 查询结果：rtmp://playlive.showjoy.com/live/88872881567142746?txSecret=858398432eb2ba8885596bc0cbc0b061&txTime=5D6A04DA
2019-08-30 13:25:50,224 - root - INFO - 加入成功，对【isSuccess】断言,断言结果--预期值1 == 实际值1
2019-08-30 13:25:50,225 - root - INFO - 对【加入状态】断言,断言结果--预期值rtmp://playlive.showjoy.com/live/88872881567142746?txSecret=858398432eb2ba8885596bc0cbc0b061&txTime=5D6A04DA == 实际值rtmp://playlive.showjoy.com/live/88872881567142746?txSecret=858398432eb2ba8885596bc0cbc0b061&txTime=5D6A04DA
2019-08-30 13:25:50,229 - root - INFO - 测试用例执行完毕
2019-08-30 13:25:50,230 - root - INFO - ----------------------------------
2019-08-30 13:25:50,232 - root - INFO - 测试用例开始执行
2019-08-30 13:25:50,244 - root - INFO - 获取测试用例：{'id': 5.0, 'module': '达人圈', 'url': '/api/community/likeLive', 'name': '观众对直播进行点赞', 'key': '直播观众', 'param': '{"noteId":{0}}', 'place': "sit;talent_circle;SELECT live_status from talent_circle.note_live_info  where note_id = '{0}';", 'way': 'POST', 'expect1': 'isSuccess=1', 'expect2': 'live_status=1', 'expect3': '', 'expect4': ''}
2019-08-30 13:25:50,295 - root - INFO - 成功发起POST请求(直播观众)，请求结果code为：200, 请求结果字段为：{"count":0,"isRedirect":0,"isSuccess":1,"login":0}
2019-08-30 13:25:50,296 - root - INFO - 请求传入的数据：url:/api/community/likeLive,way:POST,param:{"noteId":{0}},key:直播观众
2019-08-30 13:25:51,417 - root - INFO - 连接数据库成功
2019-08-30 13:25:51,426 - root - INFO - 成功登录sit环境数据库：talent_circle，版本为：5.7.25-log，执行SQL：SELECT live_status from talent_circle.note_live_info  where note_id = '1268'
2019-08-30 13:25:51,441 - root - INFO - 查询结果：1
2019-08-30 13:25:51,442 - root - INFO - 点赞成功，对【isSuccess】断言，断言结果--预期值1==实际值1
2019-08-30 13:25:51,443 - root - INFO - 对【直播状态】断言,断言结果--预期值1 == 实际值1
2019-08-30 13:25:51,444 - root - INFO - 测试用例执行完毕
2019-08-30 13:25:51,445 - root - INFO - ----------------------------------
2019-08-30 13:25:51,447 - root - INFO - 测试用例开始执行
2019-08-30 13:25:51,458 - root - INFO - 开始执行测试用例:{'id': 6.0, 'module': '达人圈', 'url': '/api/community/follow?userId=8887288', 'name': '观众对主播关注状态的变化', 'key': '直播观众', 'param': 'not argument', 'place': "sit;talent_circle;SELECT live_status from talent_circle.note_live_info  where note_id = '{0}';", 'way': 'GET', 'expect1': 'isSuccess=1', 'expect2': 'live_status=1', 'expect3': '', 'expect4': ''}
2019-08-30 13:25:51,510 - root - INFO - 成功发起GET请求(http://shop.m.showjoy.com.cn/api/community/follow?userId=8887288)，请求url为：直播观众，请求结果code为：200, 请求结果字段为：{"count":0,"data":0,"isRedirect":0,"isSuccess":1,"login":0}
2019-08-30 13:25:51,511 - root - INFO - 请求传入的数据：url：/api/community/follow?userId=8887288,param：not argument，key：直播观众，way：GET
2019-08-30 13:25:52,622 - root - INFO - 连接数据库成功
2019-08-30 13:25:52,633 - root - INFO - 成功登录sit环境数据库：talent_circle，版本为：5.7.25-log，执行SQL：SELECT live_status from talent_circle.note_live_info  where note_id = '1268'
2019-08-30 13:25:52,648 - root - INFO - 查询结果：1
2019-08-30 13:25:52,649 - root - INFO - 关注/取关/互关成功，对【isSuccess】断言，断言结果--预期值1==实际值1
2019-08-30 13:25:52,650 - root - INFO - 对【直播状态】断言,断言结果--预期值1 == 实际值1
2019-08-30 13:25:52,651 - root - INFO - 测试用例执行完毕
2019-08-30 13:25:52,652 - root - INFO - ----------------------------------
2019-08-30 13:25:52,653 - root - INFO - 测试用例开始执行
2019-08-30 13:25:52,664 - root - INFO - 开始执行测试用例：{'id': 7.0, 'module': '达人圈', 'url': '/api/community/endLive', 'name': '结束直播', 'key': 'app接口', 'param': '{"noteId":{0}}', 'place': "sit;talent_circle;SELECT live_status from talent_circle.note_live_info  where note_id = '{0}';", 'way': 'POST', 'expect1': 'isSuccess=1', 'expect2': 'live_status=0', 'expect3': '', 'expect4': ''}
2019-08-30 13:25:52,710 - root - INFO - 成功发起POST请求(app接口)，请求结果code为：200, 请求结果字段为：{"count":0,"isRedirect":0,"isSuccess":1,"login":0}
2019-08-30 13:25:52,712 - root - INFO - 请求传入的数据：url:/api/community/endLive,key:app接口,param:{"noteId":{0}},way:POST
2019-08-30 13:25:52,822 - root - INFO - 连接数据库成功
2019-08-30 13:25:52,831 - root - INFO - 成功登录sit环境数据库：talent_circle，版本为：5.7.25-log，执行SQL：SELECT live_status from talent_circle.note_live_info  where note_id = '1268'
2019-08-30 13:25:52,845 - root - INFO - 查询结果：0
2019-08-30 13:25:52,847 - root - INFO - 结束直播成功，对【isSuccess】断言，断言结果--预期值1==实际值1
2019-08-30 13:25:52,848 - root - INFO - 对【直播状态】断言,断言结果--预期值0 == 实际值0
2019-08-30 13:25:52,849 - root - INFO - 测试用例执行完毕
2019-08-30 13:25:52,850 - root - INFO - ----------------------------------
2019-08-30 13:25:52,851 - root - INFO - 测试用例开始执行
2019-08-30 13:25:52,862 - root - INFO - 测试用例开始执行：{'id': 8.0, 'module': '达人圈', 'url': '/api/community/viewLive?noteId={0}', 'name': '直播结束页', 'key': 'app接口', 'param': 'not argument', 'place': "sit;talent_circle;SELECT live_status from talent_circle.note_live_info  where note_id = '{0}';", 'way': 'GET', 'expect1': 'isSuccess=1', 'expect2': 'live_status=0', 'expect3': '', 'expect4': ''}
2019-08-30 13:25:52,916 - root - INFO - 成功发起GET请求(http://shop.m.showjoy.com.cn/api/community/viewLive?noteId=1268)，请求url为：app接口，请求结果code为：200, 请求结果字段为：{"count":0,"data":{"endTime":1567142753000,"headImage":"https://cdn1.showjoy.com/images/8b/8b957c862d3249f6938e27d8e9a6c219.png","imageList":["https://git-cdn.oss-cn-hangzhou.aliyuncs.com/shop/community/20190827/NCHPE3E5755S82V5A6J41566871150340-640x427.jpg"],"likeNumber":1,"liveStatus":0,"needBuyVip":0,"shopId":544655,"startTime":1567142747000,"userId":8887288,"userName":"盛夏名字有点长哈哈哈哈","viewers":1},"isRedirect":0,"isSuccess":1,"login":0}
2019-08-30 13:25:52,917 - root - INFO - 请求传入的数据：url:/api/community/viewLive?noteId={0},key:app接口,param:not argument,way:GET
2019-08-30 13:25:53,013 - root - INFO - 连接数据库成功
2019-08-30 13:25:53,024 - root - INFO - 成功登录sit环境数据库：talent_circle，版本为：5.7.25-log，执行SQL：SELECT live_status from talent_circle.note_live_info  where note_id = '1268'
2019-08-30 13:25:53,038 - root - INFO - 查询结果：0
2019-08-30 13:25:53,039 - root - INFO - 结束直播成功，对【isSuccess】断言，断言结果--预期值1==实际值1
2019-08-30 13:25:53,040 - root - INFO - 对【直播状态】断言,断言结果--预期值0 == 实际值0
2019-08-30 13:25:53,041 - root - INFO - 测试用例执行完毕
2019-08-30 13:25:53,042 - root - INFO - ----------------------------------
