2019-08-29 16:13:37,133 - root - INFO - 18768278576用户开始登录，返回登录信息b5f99e28-e29d-4bc6-9fb9-fa09eb935667
2019-08-29 16:13:37,439 - root - INFO - 18768278576登录成功，返回token<c98e79cc-e569-45a4-8193-fb955c64a032>
2019-08-29 16:13:37,544 - root - INFO - 海妖后台登陆成功，返回token<eyJhbGciOiJIUzI1NiIsInR5cCI6IkpXVCJ9.eyJ1c2VySW5mbyI6eyJlbWFpbCI6IiIsImdtdENyZWF0ZSI6MTQ2MTA4MTE0MDAwMCwiZ210TW9kaWZpZWQiOjE1NDcwNzA4MDEwMDAsImlkIjo5MTQwMTM2LCJpbWFnZSI6Ii8vY2RuMS5zaG93am95LmNvbS9zaG9wL3VzZXJfaGVhZC8yMDE4MDUxNC9YUjhRRkFIOVlSQUVZVkRVVFozQjE1MjYyODM5MzExODAuanBnIiwiaXNFbmFibGUiOnRydWUsImlzRmFrZSI6MCwibmljayI6Iua1t-WmliIsInNleFR5cGUiOiJtIiwidGVsIjoiMTM1NjcxMzY2NTQiLCJ1c2VybmFtZSI6Iua1t-WmliIsImFjY291bnRfdHlwZSI6MSwiYnluYW1lIjoi5rW35aaWIiwicmVhbE5hbWUiOiLmtbflppYiLCJzdXBwbGllcklkIjpbMF19LCJpYXQiOjE1NjcwNjY0MTcsImV4cCI6MTU2NzY3MTIxN30.Gbp7uGEIQ1mi9skSW2Uudu-0ezJ-7-zZID4cfAioxjc>
2019-08-29 16:13:37,614 - root - INFO - 18069425303用户开始登录，返回登录信息f809fa34-1ac1-45fd-881a-f0fa327cfc04
2019-08-29 16:13:37,933 - root - INFO - 18069425303登录成功，返回token<dba0e3fe-ffd0-4dc0-94eb-e15456a2f348>
2019-08-29 16:13:37,939 - root - INFO - 测试用例开始执行
2019-08-29 16:13:37,978 - root - INFO - 获取用例数据:{'id': 1.0, 'module': '达人圈', 'url': '/api/community/publishNote', 'name': '发起直播', 'key': 'app接口', 'param': '{"images":"https://git-cdn.oss-cn-hangzhou.aliyuncs.com/shop/community/20190827/NCHPE3E5755S82V5A6J41566871150340-640x427.jpg","watermark":"false","noteType":"1","content":"哈哈哈哈哈","viewerType":"0"}', 'place': '', 'way': 'POST', 'expect1': 'isSuccess=1', 'expect2': 'msg=发布成功', 'expect3': '', 'expect4': ''}
2019-08-29 16:13:38,359 - root - INFO - 成功发起POST请求(app接口)，请求结果code为：200, 请求结果字段为：{"count":0,"data":{"noteId":1251,"noteUserName":"店主盛夏","pushLiveUrl":"rtmp://pushlive.showjoy.com/live/88872881567066418?txSecret=93ddb57c1f61318529b1ee6a57145be7&txTime=5D68DAB2"},"isRedirect":0,"isSuccess":1,"login":0,"msg":"发布成功"}
2019-08-29 16:13:38,361 - root - INFO - 请求传入数据：url:/api/community/publishNote,key:app接口,参数:{"images":"https://git-cdn.oss-cn-hangzhou.aliyuncs.com/shop/community/20190827/NCHPE3E5755S82V5A6J41566871150340-640x427.jpg","watermark":"false","noteType":"1","content":"哈哈哈哈哈","viewerType":"0"},请求方式：POST
2019-08-29 16:13:38,362 - root - INFO - 对【isSuccess】断言,断言结果--预期值1 == 实际值1
2019-08-29 16:13:38,363 - root - INFO - 对【发布结果】断言,断言结果--预期值发布成功 == 实际值发布成功
2019-08-29 16:13:38,363 - root - INFO - 测试用例执行完毕
2019-08-29 16:13:38,364 - root - INFO - ----------------------------------
2019-08-29 16:13:38,365 - root - INFO - 测试用例开始执行
2019-08-29 16:13:38,379 - root - INFO - 获取用例数据：{'id': 2.0, 'module': '达人圈', 'url': '/api/community/startLive', 'name': '推流成功', 'key': 'app接口', 'param': '{"noteId":{0}}', 'place': "sit;talent_circle;SELECT b.live_status from talent_circle.note_info a,talent_circle.note_live_info b where a.user_id='8887288'  ORDER BY b.gmt_create desc LIMIT 1;", 'way': 'POST', 'expect1': 'isSuccess=1', 'expect2': 'live_status=1', 'expect3': '', 'expect4': ''}
2019-08-29 16:13:38,424 - root - INFO - 成功发起POST请求(app接口)，请求结果code为：200, 请求结果字段为：{"count":0,"isRedirect":0,"isSuccess":1,"login":0}
2019-08-29 16:13:38,425 - root - INFO - 请求传入数据：url:/api/community/startLive,key:app接口,参数:{"noteId":{0}},请求方式：POST
2019-08-29 16:13:39,819 - root - INFO - 连接数据库成功
2019-08-29 16:13:39,828 - root - INFO - 成功登录sit环境数据库：talent_circle，版本为：5.7.25-log，执行SQL：SELECT b.live_status from talent_circle.note_info a,talent_circle.note_live_info b where a.user_id='8887288'  ORDER BY b.gmt_create desc LIMIT 1
2019-08-29 16:13:39,846 - root - INFO - 查询结果：1
2019-08-29 16:13:39,848 - root - INFO - 推流成功，对【isSuccess】断言,断言结果--预期值1 == 实际值1
2019-08-29 16:13:39,849 - root - INFO - 对【直播状态】断言,断言结果--预期值1 == 实际值1
2019-08-29 16:13:39,850 - root - INFO - 测试用例执行完毕
2019-08-29 16:13:39,850 - root - INFO - ----------------------------------
2019-08-29 16:13:39,851 - root - INFO - 测试用例开始执行
2019-08-29 16:13:39,861 - root - INFO - 获取用例数据：{'id': 3.0, 'module': '达人圈', 'url': '/api/community/getViewers?noteId={0}', 'name': '观看直播人数', 'key': 'app接口', 'param': 'not argument', 'place': "sit;talent_circle;SELECT live_status from talent_circle.note_live_info  where note_id = '{0}';", 'way': 'GET', 'expect1': 'isSuccess=1', 'expect2': 'live_status=1', 'expect3': '', 'expect4': ''}
2019-08-29 16:13:39,906 - root - INFO - 成功发起GET请求(http://shop.m.showjoy.com.cn/api/community/getViewers?noteId=1251)，请求url为：app接口，请求结果code为：200, 请求结果字段为：{"count":0,"data":0,"isRedirect":0,"isSuccess":1,"login":0}
2019-08-29 16:13:39,907 - root - INFO - 请求传入数据：url:/api/community/getViewers?noteId={0},key:app接口,参数:not argument,请求方式：GET
2019-08-29 16:13:41,036 - root - INFO - 连接数据库成功
2019-08-29 16:13:41,045 - root - INFO - 成功登录sit环境数据库：talent_circle，版本为：5.7.25-log，执行SQL：SELECT live_status from talent_circle.note_live_info  where note_id = '1251'
2019-08-29 16:13:41,070 - root - INFO - 查询结果：1
2019-08-29 16:13:41,071 - root - INFO - 有人数观看，对【isSuccess】断言,断言结果--预期值1 == 实际值1
2019-08-29 16:13:41,072 - root - INFO - 对观看人数断言,断言结果--预期值1 == 实际值1
2019-08-29 16:13:41,073 - root - INFO - 测试用例执行完毕
2019-08-29 16:13:41,074 - root - INFO - ----------------------------------
2019-08-29 16:13:41,075 - root - INFO - 测试用例开始执行
2019-08-29 16:13:41,085 - root - INFO - 获取用例数据：{'id': 4.0, 'module': '达人圈', 'url': '/api/community/viewLive?noteId={0}', 'name': '观众加入直播', 'key': '直播观众', 'param': 'not argument', 'place': "sit;talent_circle;SELECT pull_url from talent_circle.note_live_info  where note_id = '{0}';", 'way': 'GET', 'expect1': 'isSuccess=1', 'expect2': '【比较接口返回的pullUrl和数据库中的pullUrl】', 'expect3': '', 'expect4': ''}
2019-08-29 16:13:41,174 - root - INFO - 成功发起GET请求(http://shop.m.showjoy.com.cn/api/community/viewLive?noteId=1251)，请求url为：直播观众，请求结果code为：200, 请求结果字段为：{"count":0,"data":{"followStatus":2,"headImage":"https://cdn1.showjoy.com/images/8b/8b957c862d3249f6938e27d8e9a6c219.png","imageList":["https://git-cdn.oss-cn-hangzhou.aliyuncs.com/shop/community/20190827/NCHPE3E5755S82V5A6J41566871150340-640x427.jpg"],"likeNumber":0,"liveStatus":1,"needBuyVip":0,"pullUrl":"rtmp://playlive.showjoy.com/live/88872881567066418?txSecret=3f19a195fdf97b287e03b3b8e96d3f6f&txTime=5D68DAB2","shopId":544655,"userId":8887288,"userName":"盛夏名字有点长哈哈哈哈","viewerUserName":"你说呢哈哈哈","viewers":1},"isRedirect":0,"isSuccess":1,"login":0}
2019-08-29 16:13:41,176 - root - INFO - 请求传入数据：url:/api/community/viewLive?noteId={0},key:直播观众,参数:not argument,请求方式：GET
2019-08-29 16:13:41,280 - root - INFO - 连接数据库成功
2019-08-29 16:13:41,289 - root - INFO - 成功登录sit环境数据库：talent_circle，版本为：5.7.25-log，执行SQL：SELECT pull_url from talent_circle.note_live_info  where note_id = '1251'
2019-08-29 16:13:41,303 - root - INFO - 查询结果：rtmp://playlive.showjoy.com/live/88872881567066418?txSecret=3f19a195fdf97b287e03b3b8e96d3f6f&txTime=5D68DAB2
2019-08-29 16:13:42,307 - root - INFO - 加入成功，对【isSuccess】断言,断言结果--预期值1 == 实际值1
2019-08-29 16:13:42,308 - root - INFO - 对【加入状态】断言,断言结果--预期值rtmp://playlive.showjoy.com/live/88872881567066418?txSecret=3f19a195fdf97b287e03b3b8e96d3f6f&txTime=5D68DAB2 == 实际值rtmp://playlive.showjoy.com/live/88872881567066418?txSecret=3f19a195fdf97b287e03b3b8e96d3f6f&txTime=5D68DAB2
2019-08-29 16:13:42,310 - root - INFO - 测试用例执行完毕
2019-08-29 16:13:42,310 - root - INFO - ----------------------------------
2019-08-29 16:13:42,312 - root - INFO - 测试用例开始执行
2019-08-29 16:13:42,322 - root - INFO - 获取测试用例：{'id': 5.0, 'module': '达人圈', 'url': '/api/community/likeLive', 'name': '观众对直播进行点赞', 'key': '直播观众', 'param': '{"noteId":{0}}', 'place': "sit;talent_circle;SELECT live_status from talent_circle.note_live_info  where note_id = '{0}';", 'way': 'POST', 'expect1': 'isSuccess=1', 'expect2': 'live_status=1', 'expect3': '', 'expect4': ''}
2019-08-29 16:13:42,399 - root - INFO - 成功发起POST请求(直播观众)，请求结果code为：200, 请求结果字段为：{"count":0,"isRedirect":0,"isSuccess":1,"login":0}
2019-08-29 16:13:42,401 - root - INFO - 请求传入的数据：url:/api/community/likeLive,way:POST,param:{"noteId":{0}},key:直播观众
2019-08-29 16:13:43,523 - root - INFO - 连接数据库成功
2019-08-29 16:13:43,533 - root - INFO - 成功登录sit环境数据库：talent_circle，版本为：5.7.25-log，执行SQL：SELECT live_status from talent_circle.note_live_info  where note_id = '1251'
2019-08-29 16:13:43,549 - root - INFO - 查询结果：1
2019-08-29 16:13:43,550 - root - INFO - 点赞成功，对【isSuccess】断言，断言结果--预期值1==实际值1
2019-08-29 16:13:43,551 - root - INFO - 对【直播状态】断言,断言结果--预期值1 == 实际值1
2019-08-29 16:13:43,552 - root - INFO - 测试用例执行完毕
2019-08-29 16:13:43,553 - root - INFO - ----------------------------------
2019-08-29 16:13:43,554 - root - INFO - 测试用例开始执行
2019-08-29 16:13:43,566 - root - INFO - 开始执行测试用例:{'id': 6.0, 'module': '达人圈', 'url': '/api/community/follow?userId=8327650', 'name': '观众对主播关注状态的变化', 'key': '直播观众', 'param': 'not argument', 'place': "sit;talent_circle;SELECT live_status from talent_circle.note_live_info  where note_id = '{0}';", 'way': 'GET', 'expect1': 'isSuccess=1', 'expect2': 'live_status=1', 'expect3': '', 'expect4': ''}
2019-08-29 16:13:43,629 - root - INFO - 成功发起GET请求(http://shop.m.showjoy.com.cn/api/community/follow?userId=8327650)，请求url为：直播观众，请求结果code为：200, 请求结果字段为：{"count":0,"isRedirect":0,"isSuccess":0,"login":0,"msg":"系统异常，请稍后重试！"}
2019-08-29 16:13:43,631 - root - INFO - 请求传入的数据：url：/api/community/follow?userId=8327650,param：not argument，key：直播观众，way：GET
2019-08-29 16:13:44,741 - root - INFO - 连接数据库成功
2019-08-29 16:13:44,750 - root - INFO - 成功登录sit环境数据库：talent_circle，版本为：5.7.25-log，执行SQL：SELECT live_status from talent_circle.note_live_info  where note_id = '1251'
2019-08-29 16:13:44,764 - root - INFO - 查询结果：1
2019-08-29 16:13:44,765 - root - WARNING - 关注/取关/互关失败，对【isSuccess】断言，断言结果--预期值1==实际值0
2019-08-29 16:13:44,766 - root - INFO - 对【直播状态】断言,断言结果--预期值1 == 实际值1
2019-08-29 16:13:44,767 - root - INFO - 测试用例执行完毕
2019-08-29 16:13:44,768 - root - INFO - ----------------------------------
