2019-08-27 14:39:03,420 - root - INFO - 18768278576用户开始登录，返回登录信息b5f99e28-e29d-4bc6-9fb9-fa09eb935667
2019-08-27 14:39:03,711 - root - INFO - 18768278576登录成功，返回token<db716702-214c-424f-9341-f4a015354f70>
2019-08-27 14:39:03,861 - root - INFO - 海妖后台登陆成功，返回token<eyJhbGciOiJIUzI1NiIsInR5cCI6IkpXVCJ9.eyJ1c2VySW5mbyI6eyJlbWFpbCI6IiIsImdtdENyZWF0ZSI6MTQ2MTA4MTE0MDAwMCwiZ210TW9kaWZpZWQiOjE1NDcwNzA4MDEwMDAsImlkIjo5MTQwMTM2LCJpbWFnZSI6Ii8vY2RuMS5zaG93am95LmNvbS9zaG9wL3VzZXJfaGVhZC8yMDE4MDUxNC9YUjhRRkFIOVlSQUVZVkRVVFozQjE1MjYyODM5MzExODAuanBnIiwiaXNFbmFibGUiOnRydWUsImlzRmFrZSI6MCwibmljayI6Iua1t-WmliIsInNleFR5cGUiOiJtIiwidGVsIjoiMTM1NjcxMzY2NTQiLCJ1c2VybmFtZSI6Iua1t-WmliIsImFjY291bnRfdHlwZSI6MSwiYnluYW1lIjoi5rW35aaWIiwicmVhbE5hbWUiOiLmtbflppYiLCJzdXBwbGllcklkIjpbMF19LCJpYXQiOjE1NjY4ODc5NDMsImV4cCI6MTU2NzQ5Mjc0M30.eJY7kget-3d6sBtj1T8bILMq9koODMpI4pn0mX4-9z0>
2019-08-27 14:39:03,872 - root - INFO - 测试用例开始执行
2019-08-27 14:39:03,913 - root - INFO - 获取用例数据:{'id': 1.0, 'module': '达人圈', 'url': '/api/community/publishNote', 'name': '发起直播', 'key': 'app接口', 'param': '{"images":"https://git-cdn.oss-cn-hangzhou.aliyuncs.com/shop/community/20190827/NCHPE3E5755S82V5A6J41566871150340-640x427.jpg","watermark":"false","noteType":"1","content":"哈哈哈哈哈","viewerType":"0"}', 'place': '', 'way': 'POST', 'expect1': 'isSuccess=1', 'expect2': 'msg=发布成功', 'expect3': '', 'expect4': ''}
2019-08-27 14:39:05,640 - root - INFO - 成功发起POST请求(app接口)，请求结果code为：200, 请求结果字段为：
<!doctype html>
<html>
    
    <head>
        <meta charset="utf-8">
        <meta name="viewport" content="width=320.1, initial-scale=1.0, maximum-scale=1.0, user-scalable=no"
        />
        <meta name="format-detection" content="telephone=no,email=no">
        <meta name="apple-touch-fullscreen" content="yes">
        <link rel="dns-prefetch" href="http://cdn1.showjoy.com">
        <meta name="apple-mobile-web-app-title" content="尚妆网">
        <link rel="apple-touch-icon" href="http://cdn1.showjoy.com/images/5c/5c0fc2a2999a4f7789ae9fe35e47bb49.png">
        <meta name="keywords" content="" />
        <meta name="description" content="" />
        <meta name="alexaVerifyID" content="CQ9MFqujDWRsB8dm3rfIrhLYva0" />
        <meta name="apple-mobile-web-app-title" content="尚妆网">
        <link rel="apple-touch-icon" href="http://cdn1.showjoy.com/images/5c/5c0fc2a2999a4f7789ae9fe35e47bb49.png">
        <link rel="stylesheet" type="text/css" href="http://cdn1.showjoy.com/assets/f2e/joyf2e/vendor/0.0.2/gmu/reset.css" />
		<link rel="stylesheet" type="text/css" href="http://cdn1.showjoy.com/assets/f2e/joyf2e/vendor/0.0.2/gmu/gmu.min.css" />
        <link href="http://cdn1.showjoy.com/assets/f2e/showjoy-assets/common-m/0.0.4/m-header/m-header.css" rel="stylesheet" />
		<link href="http://cdn1.showjoy.com/assets/f2e/showjoy-assets/common-m/0.0.4/m-footer/m-footer.min.css" rel="stylesheet" />
        <script type="text/javascript" src="http://cdn1.showjoy.com/assets/f2e/joyf2e/vendor/0.0.2/gmu/zepto.min.js"></script>
    	<script type="text/javascript" src="http://cdn1.showjoy.com/assets/f2e/joyf2e/vendor/0.0.2/gmu/gmu.min.js"></script>
   	 	<script src="http://cdn1.showjoy.com/assets/f2e/showjoy-assets/common-m/0.0.4/m-header/m-header.min.js" type="text/javascript"></script>
		<script src="http://cdn1.showjoy.com/assets/f2e/showjoy-assets/common-m/0.0.4/m-footer/m-footer.min.js" type="text/javascript"></script>
        <script src="http://cdn1.showjoy.com/assets/mobile/2.35.0/js/widget/fastclick-min.js"
        type="text/javascript">
        </script>
        <title>
            登录
        </title>
    </head>
    
    <body>
            <input type="hidden" value="http://login.shop.showjoy.com.cn:80/oauth_sign_in/weixin_h5?service=http://shop.m.showjoy.com.cn:80&redirect_uri=%2Fapi%2Fcommunity%2FpublishNote" class="j_Rurl">
            <script >
                 Zepto(function(){
					  var rUrl = $('.j_Rurl').val();
					  window.location = rUrl;
					});
                 
            </script>
    </body>

</html>
2019-08-27 14:39:05,642 - root - INFO - 请求传入数据：url:/api/community/publishNote,key:app接口,参数:{"images":"https://git-cdn.oss-cn-hangzhou.aliyuncs.com/shop/community/20190827/NCHPE3E5755S82V5A6J41566871150340-640x427.jpg","watermark":"false","noteType":"1","content":"哈哈哈哈哈","viewerType":"0"},请求方式：POST
2019-08-27 14:39:05,643 - root - INFO - 测试用例执行完毕
2019-08-27 14:39:05,643 - root - INFO - ----------------------------------
2019-08-27 14:39:05,651 - root - INFO - 测试用例开始执行
2019-08-27 14:39:05,824 - root - INFO - 连接数据库成功
2019-08-27 14:39:05,833 - root - INFO - 成功登录sit环境数据库：talent_circle，版本为：5.7.25-log，执行SQL：select status_code from trade_order_status where order_number = '{0}'
2019-08-27 14:39:05,851 - root - INFO - Error: unable to fetch data
2019-08-27 14:39:05,853 - root - INFO - 测试用例执行完毕
2019-08-27 14:39:05,854 - root - INFO - ----------------------------------
