2019-08-29 16:47:00,034 - root - INFO - 连接数据库成功
2019-08-29 16:47:00,044 - root - INFO - 成功登录sit环境数据库：talent_circle，版本为：5.7.25-log，执行SQL：SELECT b.live_status from talent_circle.note_info a,talent_circle.note_live_info b where a.user_id='8887288'  ORDER BY b.gmt_create desc LIMIT 1
2019-08-29 16:47:00,061 - root - INFO - 查询结果：1
2019-08-29 16:47:00,062 - root - INFO - 推流成功，对【isSuccess】断言,断言结果--预期值1 == 实际值1
2019-08-29 16:47:00,063 - root - INFO - 对【直播状态】断言,断言结果--预期值1 == 实际值1
2019-08-29 16:47:00,064 - root - INFO - 测试用例执行完毕
2019-08-29 16:47:00,065 - root - INFO - ----------------------------------
2019-08-29 16:47:00,066 - root - INFO - 测试用例开始执行
2019-08-29 16:47:00,077 - root - INFO - 获取用例数据：{'id': 3.0, 'module': '达人圈', 'url': '/api/community/getViewers?noteId={0}', 'name': '观看直播人数', 'key': 'app接口', 'param': 'not argument', 'place': "sit;talent_circle;SELECT live_status from talent_circle.note_live_info  where note_id = '{0}';", 'way': 'GET', 'expect1': 'isSuccess=1', 'expect2': 'live_status=1', 'expect3': '', 'expect4': ''}
2019-08-29 16:47:00,121 - root - INFO - 成功发起GET请求(http://shop.m.showjoy.com.cn/api/community/getViewers?noteId=1257)，请求url为：app接口，请求结果code为：200, 请求结果字段为：{"count":0,"data":0,"isRedirect":0,"isSuccess":1,"login":0}
2019-08-29 16:47:00,122 - root - INFO - 请求传入数据：url:/api/community/getViewers?noteId={0},key:app接口,参数:not argument,请求方式：GET
2019-08-29 16:47:01,236 - root - INFO - 连接数据库成功
2019-08-29 16:47:01,245 - root - INFO - 成功登录sit环境数据库：talent_circle，版本为：5.7.25-log，执行SQL：SELECT live_status from talent_circle.note_live_info  where note_id = '1257'
2019-08-29 16:47:01,259 - root - INFO - 查询结果：1
2019-08-29 16:47:01,260 - root - INFO - 有人数观看，对【isSuccess】断言,断言结果--预期值1 == 实际值1
2019-08-29 16:47:01,261 - root - INFO - 对观看人数断言,断言结果--预期值1 == 实际值1
2019-08-29 16:47:01,262 - root - INFO - 测试用例执行完毕
2019-08-29 16:47:01,263 - root - INFO - ----------------------------------
2019-08-29 16:47:01,264 - root - INFO - 测试用例开始执行
2019-08-29 16:47:01,275 - root - INFO - 获取用例数据：{'id': 4.0, 'module': '达人圈', 'url': '/api/community/viewLive?noteId={0}', 'name': '观众加入直播', 'key': '直播观众', 'param': 'not argument', 'place': "sit;talent_circle;SELECT pull_url from talent_circle.note_live_info  where note_id = '{0}';", 'way': 'GET', 'expect1': 'isSuccess=1', 'expect2': '【比较接口返回的pullUrl和数据库中的pullUrl】', 'expect3': '', 'expect4': ''}
2019-08-29 16:47:01,344 - root - INFO - 成功发起GET请求(http://shop.m.showjoy.com.cn/api/community/viewLive?noteId=1257)，请求url为：直播观众，请求结果code为：200, 请求结果字段为：{"count":0,"data":{"followStatus":2,"headImage":"https://cdn1.showjoy.com/images/8b/8b957c862d3249f6938e27d8e9a6c219.png","imageList":["https://git-cdn.oss-cn-hangzhou.aliyuncs.com/shop/community/20190827/NCHPE3E5755S82V5A6J41566871150340-640x427.jpg"],"likeNumber":0,"liveStatus":1,"needBuyVip":0,"pullUrl":"rtmp://playlive.showjoy.com/live/88872881567068418?txSecret=9716f255ec0476fa5d466b02e6d244b8&txTime=5D68E282","shopId":544655,"userId":8887288,"userName":"盛夏名字有点长哈哈哈哈","viewerUserName":"你说呢哈哈哈","viewers":1},"isRedirect":0,"isSuccess":1,"login":0}
2019-08-29 16:47:01,345 - root - INFO - 请求传入数据：url:/api/community/viewLive?noteId={0},key:直播观众,参数:not argument,请求方式：GET
2019-08-29 16:47:01,823 - root - INFO - 连接数据库成功
2019-08-29 16:47:01,830 - root - INFO - 成功登录sit环境数据库：talent_circle，版本为：5.7.25-log，执行SQL：SELECT pull_url from talent_circle.note_live_info  where note_id = '1257'
2019-08-29 16:47:01,875 - root - INFO - 查询结果：rtmp://playlive.showjoy.com/live/88872881567068418?txSecret=9716f255ec0476fa5d466b02e6d244b8&txTime=5D68E282
2019-08-29 16:47:02,879 - root - INFO - 加入成功，对【isSuccess】断言,断言结果--预期值1 == 实际值1
2019-08-29 16:47:02,884 - root - INFO - 对【加入状态】断言,断言结果--预期值rtmp://playlive.showjoy.com/live/88872881567068418?txSecret=9716f255ec0476fa5d466b02e6d244b8&txTime=5D68E282 == 实际值rtmp://playlive.showjoy.com/live/88872881567068418?txSecret=9716f255ec0476fa5d466b02e6d244b8&txTime=5D68E282
2019-08-29 16:47:02,885 - root - INFO - 测试用例执行完毕
2019-08-29 16:47:02,886 - root - INFO - ----------------------------------
2019-08-29 16:47:02,888 - root - INFO - 测试用例开始执行
2019-08-29 16:47:02,898 - root - INFO - 获取测试用例：{'id': 5.0, 'module': '达人圈', 'url': '/api/community/likeLive', 'name': '观众对直播进行点赞', 'key': '直播观众', 'param': '{"noteId":{0}}', 'place': "sit;talent_circle;SELECT live_status from talent_circle.note_live_info  where note_id = '{0}';", 'way': 'POST', 'expect1': 'isSuccess=1', 'expect2': 'live_status=1', 'expect3': '', 'expect4': ''}
2019-08-29 16:47:03,073 - root - INFO - 成功发起POST请求(直播观众)，请求结果code为：200, 请求结果字段为：{"count":0,"isRedirect":0,"isSuccess":1,"login":0}
2019-08-29 16:47:03,075 - root - INFO - 请求传入的数据：url:/api/community/likeLive,way:POST,param:{"noteId":{0}},key:直播观众
2019-08-29 16:47:04,191 - root - INFO - 连接数据库成功
2019-08-29 16:47:04,200 - root - INFO - 成功登录sit环境数据库：talent_circle，版本为：5.7.25-log，执行SQL：SELECT live_status from talent_circle.note_live_info  where note_id = '1257'
2019-08-29 16:47:04,214 - root - INFO - 查询结果：1
2019-08-29 16:47:04,216 - root - INFO - 点赞成功，对【isSuccess】断言，断言结果--预期值1==实际值1
2019-08-29 16:47:04,217 - root - INFO - 对【直播状态】断言,断言结果--预期值1 == 实际值1
2019-08-29 16:47:04,218 - root - INFO - 测试用例执行完毕
2019-08-29 16:47:04,218 - root - INFO - ----------------------------------
2019-08-29 16:47:04,220 - root - INFO - 测试用例开始执行
2019-08-29 16:47:04,231 - root - INFO - 开始执行测试用例:{'id': 6.0, 'module': '达人圈', 'url': '/api/community/follow?userId=8327650', 'name': '观众对主播关注状态的变化', 'key': '直播观众', 'param': 'not argument', 'place': "sit;talent_circle;SELECT live_status from talent_circle.note_live_info  where note_id = '{0}';", 'way': 'GET', 'expect1': 'isSuccess=1', 'expect2': 'live_status=1', 'expect3': '', 'expect4': ''}
2019-08-29 16:47:04,286 - root - INFO - 成功发起GET请求(http://shop.m.showjoy.com.cn/api/community/follow?userId=8327650)，请求url为：直播观众，请求结果code为：200, 请求结果字段为：{"count":0,"isRedirect":0,"isSuccess":0,"login":0,"msg":"系统异常，请稍后重试！"}
2019-08-29 16:47:04,287 - root - INFO - 请求传入的数据：url：/api/community/follow?userId=8327650,param：not argument，key：直播观众，way：GET
2019-08-29 16:47:05,399 - root - INFO - 连接数据库成功
2019-08-29 16:47:05,408 - root - INFO - 成功登录sit环境数据库：talent_circle，版本为：5.7.25-log，执行SQL：SELECT live_status from talent_circle.note_live_info  where note_id = '1257'
2019-08-29 16:47:05,426 - root - INFO - 查询结果：1
2019-08-29 16:47:05,429 - root - WARNING - 关注/取关/互关失败，对【isSuccess】断言，断言结果--预期值1==实际值0
2019-08-29 16:47:05,430 - root - INFO - 对【直播状态】断言,断言结果--预期值1 == 实际值1
2019-08-29 16:47:05,431 - root - INFO - 测试用例执行完毕
2019-08-29 16:47:05,431 - root - INFO - ----------------------------------
