2019-08-29 15:51:49,295 - root - INFO - 18768278576用户开始登录，返回登录信息b5f99e28-e29d-4bc6-9fb9-fa09eb935667
2019-08-29 15:51:49,594 - root - INFO - 18768278576登录成功，返回token<3121b189-90f4-4e88-8409-e4f9df8f9abf>
2019-08-29 15:51:49,695 - root - INFO - 海妖后台登陆成功，返回token<eyJhbGciOiJIUzI1NiIsInR5cCI6IkpXVCJ9.eyJ1c2VySW5mbyI6eyJlbWFpbCI6IiIsImdtdENyZWF0ZSI6MTQ2MTA4MTE0MDAwMCwiZ210TW9kaWZpZWQiOjE1NDcwNzA4MDEwMDAsImlkIjo5MTQwMTM2LCJpbWFnZSI6Ii8vY2RuMS5zaG93am95LmNvbS9zaG9wL3VzZXJfaGVhZC8yMDE4MDUxNC9YUjhRRkFIOVlSQUVZVkRVVFozQjE1MjYyODM5MzExODAuanBnIiwiaXNFbmFibGUiOnRydWUsImlzRmFrZSI6MCwibmljayI6Iua1t-WmliIsInNleFR5cGUiOiJtIiwidGVsIjoiMTM1NjcxMzY2NTQiLCJ1c2VybmFtZSI6Iua1t-WmliIsImFjY291bnRfdHlwZSI6MSwiYnluYW1lIjoi5rW35aaWIiwicmVhbE5hbWUiOiLmtbflppYiLCJzdXBwbGllcklkIjpbMF19LCJpYXQiOjE1NjcwNjUxMDksImV4cCI6MTU2NzY2OTkwOX0.hOo-MIxrb6dLyEv7CL9uwhiaFu9QxcJtFpGu0EoEkLQ>
2019-08-29 15:51:49,760 - root - INFO - 18069425303用户开始登录，返回登录信息f809fa34-1ac1-45fd-881a-f0fa327cfc04
2019-08-29 15:51:50,044 - root - INFO - 18069425303登录成功，返回token<165b7958-1f19-4ccf-9b7f-58b4f9dd0d3c>
2019-08-29 15:51:50,052 - root - INFO - 测试用例开始执行
2019-08-29 15:51:50,090 - root - INFO - 获取用例数据:{'id': 1.0, 'module': '达人圈', 'url': '/api/community/publishNote', 'name': '发起直播', 'key': 'app接口', 'param': '{"images":"https://git-cdn.oss-cn-hangzhou.aliyuncs.com/shop/community/20190827/NCHPE3E5755S82V5A6J41566871150340-640x427.jpg","watermark":"false","noteType":"1","content":"哈哈哈哈哈","viewerType":"0"}', 'place': '', 'way': 'POST', 'expect1': 'isSuccess=1', 'expect2': 'msg=发布成功', 'expect3': '', 'expect4': ''}
2019-08-29 15:51:50,406 - root - INFO - 成功发起POST请求(app接口)，请求结果code为：200, 请求结果字段为：{"count":0,"data":{"noteId":1248,"noteUserName":"店主盛夏","pushLiveUrl":"rtmp://pushlive.showjoy.com/live/88872881567065110?txSecret=efdc5f7405790dc453f9bc6c0c80196b&txTime=5D68D596"},"isRedirect":0,"isSuccess":1,"login":0,"msg":"发布成功"}
2019-08-29 15:51:50,406 - root - INFO - 请求传入数据：url:/api/community/publishNote,key:app接口,参数:{"images":"https://git-cdn.oss-cn-hangzhou.aliyuncs.com/shop/community/20190827/NCHPE3E5755S82V5A6J41566871150340-640x427.jpg","watermark":"false","noteType":"1","content":"哈哈哈哈哈","viewerType":"0"},请求方式：POST
2019-08-29 15:51:50,407 - root - INFO - 对【isSuccess】断言,断言结果--预期值1 == 实际值1
2019-08-29 15:51:50,408 - root - INFO - 对【发布结果】断言,断言结果--预期值发布成功 == 实际值发布成功
2019-08-29 15:51:50,409 - root - INFO - 测试用例执行完毕
2019-08-29 15:51:50,409 - root - INFO - ----------------------------------
2019-08-29 15:51:50,410 - root - INFO - 测试用例开始执行
2019-08-29 15:51:50,421 - root - INFO - 获取用例数据：{'id': 2.0, 'module': '达人圈', 'url': '/api/community/startLive', 'name': '推流成功', 'key': 'app接口', 'param': '{"noteId":{0}}', 'place': "sit;talent_circle;SELECT b.live_status from talent_circle.note_info a,talent_circle.note_live_info b where a.user_id='8887288'  ORDER BY b.gmt_create desc LIMIT 1;", 'way': 'POST', 'expect1': 'isSuccess=1', 'expect2': 'live_status=1', 'expect3': '', 'expect4': ''}
2019-08-29 15:51:50,471 - root - INFO - 成功发起POST请求(app接口)，请求结果code为：200, 请求结果字段为：{"count":0,"isRedirect":0,"isSuccess":1,"login":0}
2019-08-29 15:51:50,473 - root - INFO - 请求传入数据：url:/api/community/startLive,key:app接口,参数:{"noteId":{0}},请求方式：POST
2019-08-29 15:51:51,608 - root - INFO - 连接数据库成功
2019-08-29 15:51:51,619 - root - INFO - 成功登录sit环境数据库：talent_circle，版本为：5.7.25-log，执行SQL：SELECT b.live_status from talent_circle.note_info a,talent_circle.note_live_info b where a.user_id='8887288'  ORDER BY b.gmt_create desc LIMIT 1
2019-08-29 15:51:51,634 - root - INFO - 查询结果：1
2019-08-29 15:51:51,636 - root - INFO - 推流成功，对【isSuccess】断言,断言结果--预期值1 == 实际值1
2019-08-29 15:51:51,638 - root - INFO - 对【直播状态】断言,断言结果--预期值1 == 实际值1
2019-08-29 15:51:51,639 - root - INFO - 测试用例执行完毕
2019-08-29 15:51:51,640 - root - INFO - ----------------------------------
2019-08-29 15:51:51,642 - root - INFO - 测试用例开始执行
2019-08-29 15:51:51,655 - root - INFO - 获取用例数据：{'id': 3.0, 'module': '达人圈', 'url': '/api/community/getViewers?noteId={0}', 'name': '观看直播人数', 'key': 'app接口', 'param': 'not argument', 'place': "sit;talent_circle;SELECT live_status from talent_circle.note_live_info  where note_id = '{0}';", 'way': 'GET', 'expect1': 'isSuccess=1', 'expect2': 'live_status=1', 'expect3': '', 'expect4': ''}
2019-08-29 15:51:51,701 - root - INFO - 成功发起GET请求(http://shop.m.showjoy.com.cn/api/community/getViewers?noteId=1248)，请求url为：app接口，请求结果code为：200, 请求结果字段为：{"count":0,"data":0,"isRedirect":0,"isSuccess":1,"login":0}
2019-08-29 15:51:51,703 - root - INFO - 请求传入数据：url:/api/community/getViewers?noteId={0},key:app接口,参数:not argument,请求方式：GET
2019-08-29 15:51:52,826 - root - INFO - 连接数据库成功
2019-08-29 15:51:52,835 - root - INFO - 成功登录sit环境数据库：talent_circle，版本为：5.7.25-log，执行SQL：SELECT live_status from talent_circle.note_live_info  where note_id = '1248'
2019-08-29 15:51:52,850 - root - INFO - 查询结果：1
2019-08-29 15:51:52,851 - root - INFO - 有人数观看，对【isSuccess】断言,断言结果--预期值1 == 实际值1
2019-08-29 15:51:52,852 - root - INFO - 对观看人数断言,断言结果--预期值1 == 实际值1
2019-08-29 15:51:52,852 - root - INFO - 测试用例执行完毕
2019-08-29 15:51:52,853 - root - INFO - ----------------------------------
2019-08-29 15:51:52,854 - root - INFO - 测试用例开始执行
2019-08-29 15:51:52,863 - root - INFO - 获取用例数据：{'id': 4.0, 'module': '达人圈', 'url': '/api/community/viewLive?noteId={0}', 'name': '观众加入直播', 'key': '直播观众', 'param': 'not argument', 'place': "sit;talent_circle;SELECT pull_url from talent_circle.note_live_info  where note_id = '{0}';", 'way': 'GET', 'expect1': 'isSuccess=1', 'expect2': '【比较接口返回的pullUrl和数据库中的pullUrl】', 'expect3': '', 'expect4': ''}
2019-08-29 15:51:52,924 - root - INFO - 成功发起GET请求(http://shop.m.showjoy.com.cn/api/community/viewLive?noteId=1248)，请求url为：直播观众，请求结果code为：200, 请求结果字段为：{"count":0,"data":{"followStatus":2,"headImage":"https://cdn1.showjoy.com/images/8b/8b957c862d3249f6938e27d8e9a6c219.png","imageList":["https://git-cdn.oss-cn-hangzhou.aliyuncs.com/shop/community/20190827/NCHPE3E5755S82V5A6J41566871150340-640x427.jpg"],"likeNumber":0,"liveStatus":1,"needBuyVip":0,"pullUrl":"rtmp://playlive.showjoy.com/live/88872881567065110?txSecret=14a4573111fe1c6e08a741de196ff5e8&txTime=5D68D596","shopId":544655,"userId":8887288,"userName":"盛夏名字有点长哈哈哈哈","viewerUserName":"你说呢哈哈哈","viewers":1},"isRedirect":0,"isSuccess":1,"login":0}
2019-08-29 15:51:52,925 - root - INFO - 请求传入数据：url:/api/community/viewLive?noteId={0},key:直播观众,参数:not argument,请求方式：GET
2019-08-29 15:51:53,011 - root - INFO - 连接数据库成功
2019-08-29 15:51:53,020 - root - INFO - 成功登录sit环境数据库：talent_circle，版本为：5.7.25-log，执行SQL：SELECT pull_url from talent_circle.note_live_info  where note_id = '1248'
2019-08-29 15:51:53,033 - root - INFO - 查询结果：rtmp://playlive.showjoy.com/live/88872881567065110?txSecret=14a4573111fe1c6e08a741de196ff5e8&txTime=5D68D596
2019-08-29 15:51:54,038 - root - INFO - 加入成功，对【isSuccess】断言,断言结果--预期值1 == 实际值1
2019-08-29 15:51:54,040 - root - INFO - 对【加入状态】断言,断言结果--预期值rtmp://playlive.showjoy.com/live/88872881567065110?txSecret=14a4573111fe1c6e08a741de196ff5e8&txTime=5D68D596 == 实际值rtmp://playlive.showjoy.com/live/88872881567065110?txSecret=14a4573111fe1c6e08a741de196ff5e8&txTime=5D68D596
2019-08-29 15:51:54,041 - root - INFO - 测试用例执行完毕
2019-08-29 15:51:54,042 - root - INFO - ----------------------------------
2019-08-29 15:51:54,043 - root - INFO - 测试用例开始执行
2019-08-29 15:51:54,055 - root - INFO - 获取测试用例：{'id': 5.0, 'module': '达人圈', 'url': '/api/community/likeLive', 'name': '观众对直播进行点赞', 'key': '直播观众', 'param': '{"noteId":{0}}', 'place': "sit;talent_circle;SELECT live_status from talent_circle.note_live_info  where note_id = '{0}';", 'way': 'POST', 'expect1': 'isSuccess=1', 'expect2': 'live_status=1', 'expect3': '', 'expect4': ''}
2019-08-29 15:51:54,101 - root - INFO - 成功发起POST请求(直播观众)，请求结果code为：200, 请求结果字段为：{"count":0,"isRedirect":0,"isSuccess":1,"login":0}
2019-08-29 15:51:54,103 - root - INFO - 请求传入的数据：url:/api/community/likeLive,way:POST,param:{"noteId":{0}},key:直播观众
2019-08-29 15:51:55,221 - root - INFO - 连接数据库成功
2019-08-29 15:51:55,234 - root - INFO - 成功登录sit环境数据库：talent_circle，版本为：5.7.25-log，执行SQL：SELECT live_status from talent_circle.note_live_info  where note_id = '1248'
2019-08-29 15:51:55,250 - root - INFO - 查询结果：1
2019-08-29 15:51:55,251 - root - INFO - 点赞成功，对【isSuccess】断言，断言结果--预期值1==实际值1
2019-08-29 15:51:55,252 - root - INFO - 对【直播状态】断言,断言结果--预期值1 == 实际值1
2019-08-29 15:51:55,253 - root - INFO - 测试用例执行完毕
2019-08-29 15:51:55,255 - root - INFO - ----------------------------------
2019-08-29 15:51:55,257 - root - INFO - 测试用例开始执行
2019-08-29 15:51:55,265 - root - INFO - 开始执行测试用例:{'id': 6.0, 'module': '达人圈', 'url': '/api/community/follow?userId=8327650', 'name': '观众对主播关注状态的变化', 'key': '直播观众', 'param': 'not argument', 'place': "sit;talent_circle;SELECT live_status from talent_circle.note_live_info  where note_id = '{0}';", 'way': 'GET', 'expect1': 'isSuccess=1', 'expect2': 'live_status=1', 'expect3': '', 'expect4': ''}
2019-08-29 15:51:55,266 - root - ERROR - 接口类型填写错误
2019-08-29 15:51:55,267 - root - ERROR - get请求出错，出错原因:'NoneType' object is not subscriptable
2019-08-29 15:51:55,267 - root - INFO - 测试用例执行完毕
2019-08-29 15:51:55,268 - root - INFO - ----------------------------------
