2019-08-30 14:16:05,081 - root - INFO - 18768278576用户开始登录，返回登录信息b5f99e28-e29d-4bc6-9fb9-fa09eb935667
2019-08-30 14:16:05,394 - root - INFO - 18768278576登录成功，返回token<e40c903b-3db0-417b-b1e3-0e190b7097ad>
2019-08-30 14:16:05,496 - root - INFO - 海妖后台登陆成功，返回token<eyJhbGciOiJIUzI1NiIsInR5cCI6IkpXVCJ9.eyJ1c2VySW5mbyI6eyJlbWFpbCI6IiIsImdtdENyZWF0ZSI6MTQ2MTA4MTE0MDAwMCwiZ210TW9kaWZpZWQiOjE1NDcwNzA4MDEwMDAsImlkIjo5MTQwMTM2LCJpbWFnZSI6Ii8vY2RuMS5zaG93am95LmNvbS9zaG9wL3VzZXJfaGVhZC8yMDE4MDUxNC9YUjhRRkFIOVlSQUVZVkRVVFozQjE1MjYyODM5MzExODAuanBnIiwiaXNFbmFibGUiOnRydWUsImlzRmFrZSI6MCwibmljayI6Iua1t-WmliIsInNleFR5cGUiOiJtIiwidGVsIjoiMTM1NjcxMzY2NTQiLCJ1c2VybmFtZSI6Iua1t-WmliIsImFjY291bnRfdHlwZSI6MSwiYnluYW1lIjoi5rW35aaWIiwicmVhbE5hbWUiOiLmtbflppYiLCJzdXBwbGllcklkIjpbMF19LCJpYXQiOjE1NjcxNDU3NjUsImV4cCI6MTU2Nzc1MDU2NX0.LyN3gSPhafwalH3hgFYNZ_DhuGzmB-yGyg2MFA3B6NM>
2019-08-30 14:16:05,563 - root - INFO - 18069425303用户开始登录，返回登录信息f809fa34-1ac1-45fd-881a-f0fa327cfc04
2019-08-30 14:16:05,871 - root - INFO - 18069425303登录成功，返回token<f0ae89fb-4882-455e-88c1-111241ad3f70>
2019-08-30 14:16:05,878 - root - INFO - 测试用例开始执行
2019-08-30 14:16:05,924 - root - INFO - 获取用例数据:{'id': 1.0, 'module': '达人圈', 'url': '/api/community/publishNote', 'name': '发起直播', 'key': 'app接口', 'param': '{"images":"https://git-cdn.oss-cn-hangzhou.aliyuncs.com/shop/community/20190827/NCHPE3E5755S82V5A6J41566871150340-640x427.jpg","watermark":"false","noteType":"1","content":"哈哈哈哈哈","viewerType":"0"}', 'place': '', 'way': 'POST', 'expect1': 'isSuccess=1', 'expect2': 'msg=发布成功', 'expect3': '', 'expect4': ''}
2019-08-30 14:16:07,229 - root - INFO - 成功发起POST请求(app接口)，请求结果code为：200, 请求结果字段为：{"count":0,"data":{"noteId":1273,"noteUserName":"店主盛夏","pushLiveUrl":"rtmp://pushlive.showjoy.com/live/88872881567145767?txSecret=bc601fe281a51d5835b25c015a5a1256&txTime=5D6A10A7"},"isRedirect":0,"isSuccess":1,"login":0,"msg":"发布成功"}
2019-08-30 14:16:07,230 - root - INFO - 请求传入数据：url:/api/community/publishNote,key:app接口,参数:{"images":"https://git-cdn.oss-cn-hangzhou.aliyuncs.com/shop/community/20190827/NCHPE3E5755S82V5A6J41566871150340-640x427.jpg","watermark":"false","noteType":"1","content":"哈哈哈哈哈","viewerType":"0"},请求方式：POST
2019-08-30 14:16:07,232 - root - INFO - 对【isSuccess】断言,断言结果--预期值1 == 实际值1
2019-08-30 14:16:07,232 - root - INFO - 对【发布结果】断言,断言结果--预期值发布成功 == 实际值发布成功
2019-08-30 14:16:07,233 - root - INFO - 测试用例执行完毕
2019-08-30 14:16:07,234 - root - INFO - ----------------------------------
2019-08-30 14:16:07,236 - root - INFO - 测试用例开始执行
2019-08-30 14:16:07,248 - root - INFO - 获取用例数据：{'id': 2.0, 'module': '达人圈', 'url': '/api/community/startLive', 'name': '推流成功', 'key': 'app接口', 'param': '{"noteId":{0}}', 'place': "sit;talent_circle;SELECT b.live_status from talent_circle.note_info a,talent_circle.note_live_info b where a.user_id='8887288'  ORDER BY b.gmt_create desc LIMIT 1;", 'way': 'POST', 'expect1': 'isSuccess=1', 'expect2': 'live_status=1', 'expect3': '', 'expect4': ''}
2019-08-30 14:16:07,292 - root - INFO - 成功发起POST请求(app接口)，请求结果code为：200, 请求结果字段为：{"count":0,"isRedirect":0,"isSuccess":1,"login":0}
2019-08-30 14:16:07,294 - root - INFO - 请求传入数据：url:/api/community/startLive,key:app接口,参数:{"noteId":{0}},请求方式：POST
2019-08-30 14:16:08,457 - root - INFO - 连接数据库成功
2019-08-30 14:16:08,467 - root - INFO - 成功登录sit环境数据库：talent_circle，版本为：5.7.25-log，执行SQL：SELECT b.live_status from talent_circle.note_info a,talent_circle.note_live_info b where a.user_id='8887288'  ORDER BY b.gmt_create desc LIMIT 1
2019-08-30 14:16:08,482 - root - INFO - 查询结果：1
2019-08-30 14:16:08,484 - root - INFO - 推流成功，对【isSuccess】断言,断言结果--预期值1 == 实际值1
2019-08-30 14:16:08,485 - root - INFO - 对【直播状态】断言,断言结果--预期值1 == 实际值1
2019-08-30 14:16:08,486 - root - INFO - 测试用例执行完毕
2019-08-30 14:16:08,487 - root - INFO - ----------------------------------
2019-08-30 14:16:08,488 - root - INFO - 测试用例开始执行
2019-08-30 14:16:08,500 - root - INFO - 获取用例数据：{'id': 3.0, 'module': '达人圈', 'url': '/api/community/getViewers?noteId={0}', 'name': '观看直播人数', 'key': 'app接口', 'param': 'not argument', 'place': "sit;talent_circle;SELECT live_status from talent_circle.note_live_info  where note_id = '{0}';", 'way': 'GET', 'expect1': 'isSuccess=1', 'expect2': 'live_status=1', 'expect3': '', 'expect4': ''}
2019-08-30 14:16:08,542 - root - INFO - 成功发起GET请求(http://shop.m.showjoy.com.cn/api/community/getViewers?noteId=1273)，请求url为：app接口，请求结果code为：200, 请求结果字段为：{"count":0,"data":0,"isRedirect":0,"isSuccess":1,"login":0}
2019-08-30 14:16:08,543 - root - INFO - 请求传入数据：url:/api/community/getViewers?noteId={0},key:app接口,参数:not argument,请求方式：GET
2019-08-30 14:16:09,655 - root - INFO - 连接数据库成功
2019-08-30 14:16:09,666 - root - INFO - 成功登录sit环境数据库：talent_circle，版本为：5.7.25-log，执行SQL：SELECT live_status from talent_circle.note_live_info  where note_id = '1273'
2019-08-30 14:16:09,683 - root - INFO - 查询结果：1
2019-08-30 14:16:09,685 - root - INFO - 有人数观看，对【isSuccess】断言,断言结果--预期值1 == 实际值1
2019-08-30 14:16:09,687 - root - INFO - 对观看人数断言,断言结果--预期值1 == 实际值1
2019-08-30 14:16:09,687 - root - INFO - 测试用例执行完毕
2019-08-30 14:16:09,688 - root - INFO - ----------------------------------
2019-08-30 14:16:09,690 - root - INFO - 测试用例开始执行
2019-08-30 14:16:09,701 - root - INFO - 获取用例数据：{'id': 4.0, 'module': '达人圈', 'url': '/api/community/viewLive?noteId={0}', 'name': '观众加入直播', 'key': '直播观众', 'param': 'not argument', 'place': "sit;talent_circle;SELECT pull_url from talent_circle.note_live_info  where note_id = '{0}';", 'way': 'GET', 'expect1': 'isSuccess=1', 'expect2': '【比较接口返回的pullUrl和数据库中的pullUrl】', 'expect3': '', 'expect4': ''}
2019-08-30 14:16:09,765 - root - INFO - 成功发起GET请求(http://shop.m.showjoy.com.cn/api/community/viewLive?noteId=1273)，请求url为：直播观众，请求结果code为：200, 请求结果字段为：{"count":0,"data":{"followStatus":0,"headImage":"https://cdn1.showjoy.com/images/8b/8b957c862d3249f6938e27d8e9a6c219.png","imageList":["https://git-cdn.oss-cn-hangzhou.aliyuncs.com/shop/community/20190827/NCHPE3E5755S82V5A6J41566871150340-640x427.jpg"],"likeNumber":0,"liveStatus":1,"needBuyVip":0,"pullUrl":"rtmp://playlive.showjoy.com/live/88872881567145767?txSecret=c7dc2dabf85ef9487c12b99d2e77650a&txTime=5D6A10A7","shopId":544655,"userId":8887288,"userName":"盛夏名字有点长哈哈哈哈","viewerUserName":"你说呢哈哈哈","viewers":1},"isRedirect":0,"isSuccess":1,"login":0}
2019-08-30 14:16:09,766 - root - INFO - 请求传入数据：url:/api/community/viewLive?noteId={0},key:直播观众,参数:not argument,请求方式：GET
2019-08-30 14:16:09,864 - root - INFO - 连接数据库成功
2019-08-30 14:16:09,873 - root - INFO - 成功登录sit环境数据库：talent_circle，版本为：5.7.25-log，执行SQL：SELECT pull_url from talent_circle.note_live_info  where note_id = '1273'
2019-08-30 14:16:09,888 - root - INFO - 查询结果：rtmp://playlive.showjoy.com/live/88872881567145767?txSecret=c7dc2dabf85ef9487c12b99d2e77650a&txTime=5D6A10A7
2019-08-30 14:16:10,892 - root - INFO - 加入成功，对【isSuccess】断言,断言结果--预期值1 == 实际值1
2019-08-30 14:16:10,894 - root - INFO - 对【加入状态】断言,断言结果--预期值rtmp://playlive.showjoy.com/live/88872881567145767?txSecret=c7dc2dabf85ef9487c12b99d2e77650a&txTime=5D6A10A7 == 实际值rtmp://playlive.showjoy.com/live/88872881567145767?txSecret=c7dc2dabf85ef9487c12b99d2e77650a&txTime=5D6A10A7
2019-08-30 14:16:10,896 - root - INFO - 测试用例执行完毕
2019-08-30 14:16:10,897 - root - INFO - ----------------------------------
2019-08-30 14:16:10,899 - root - INFO - 测试用例开始执行
2019-08-30 14:16:10,909 - root - INFO - 获取测试用例：{'id': 5.0, 'module': '达人圈', 'url': '/api/community/likeLive', 'name': '观众对直播进行点赞', 'key': '直播观众', 'param': '{"noteId":{0}}', 'place': "sit;talent_circle;SELECT live_status from talent_circle.note_live_info  where note_id = '{0}';", 'way': 'POST', 'expect1': 'isSuccess=1', 'expect2': 'live_status=1', 'expect3': '', 'expect4': ''}
2019-08-30 14:16:10,957 - root - INFO - 成功发起POST请求(直播观众)，请求结果code为：200, 请求结果字段为：{"count":0,"isRedirect":0,"isSuccess":1,"login":0}
2019-08-30 14:16:10,958 - root - INFO - 请求传入的数据：url:/api/community/likeLive,way:POST,param:{"noteId":{0}},key:直播观众
2019-08-30 14:16:12,070 - root - INFO - 连接数据库成功
2019-08-30 14:16:12,083 - root - INFO - 成功登录sit环境数据库：talent_circle，版本为：5.7.25-log，执行SQL：SELECT live_status from talent_circle.note_live_info  where note_id = '1273'
2019-08-30 14:16:12,097 - root - INFO - 查询结果：1
2019-08-30 14:16:12,099 - root - INFO - 点赞成功，对【isSuccess】断言，断言结果--预期值1==实际值1
2019-08-30 14:16:12,100 - root - INFO - 对【直播状态】断言,断言结果--预期值1 == 实际值1
2019-08-30 14:16:12,101 - root - INFO - 测试用例执行完毕
2019-08-30 14:16:12,101 - root - INFO - ----------------------------------
2019-08-30 14:16:12,103 - root - INFO - 测试用例开始执行
2019-08-30 14:16:12,113 - root - INFO - 开始执行测试用例:{'id': 6.0, 'module': '达人圈', 'url': '/api/community/follow?userId=8887288', 'name': '观众对主播关注状态的变化', 'key': '直播观众', 'param': 'not argument', 'place': "sit;talent_circle;SELECT live_status from talent_circle.note_live_info  where note_id = '{0}';", 'way': 'GET', 'expect1': 'isSuccess=1', 'expect2': 'live_status=1', 'expect3': '', 'expect4': ''}
2019-08-30 14:16:12,166 - root - INFO - 成功发起GET请求(http://shop.m.showjoy.com.cn/api/community/follow?userId=8887288)，请求url为：直播观众，请求结果code为：200, 请求结果字段为：{"count":0,"data":2,"isRedirect":0,"isSuccess":1,"login":0}
2019-08-30 14:16:12,167 - root - INFO - 请求传入的数据：url：/api/community/follow?userId=8887288,param：not argument，key：直播观众，way：GET
2019-08-30 14:16:13,271 - root - INFO - 连接数据库成功
2019-08-30 14:16:13,280 - root - INFO - 成功登录sit环境数据库：talent_circle，版本为：5.7.25-log，执行SQL：SELECT live_status from talent_circle.note_live_info  where note_id = '1273'
2019-08-30 14:16:13,299 - root - INFO - 查询结果：1
2019-08-30 14:16:13,299 - root - INFO - 关注/取关/互关成功，对【isSuccess】断言，断言结果--预期值1==实际值1
2019-08-30 14:16:13,300 - root - INFO - 对【直播状态】断言,断言结果--预期值1 == 实际值1
2019-08-30 14:16:13,300 - root - INFO - 测试用例执行完毕
2019-08-30 14:16:13,301 - root - INFO - ----------------------------------
2019-08-30 14:16:13,302 - root - INFO - 测试用例开始执行
2019-08-30 14:16:13,311 - root - INFO - 开始执行测试用例：{'id': 7.0, 'module': '达人圈', 'url': '/api/community/endLive', 'name': '结束直播', 'key': 'app接口', 'param': '{"noteId":{0}}', 'place': "sit;talent_circle;SELECT live_status from talent_circle.note_live_info  where note_id = '{0}';", 'way': 'POST', 'expect1': 'isSuccess=1', 'expect2': 'live_status=0', 'expect3': '', 'expect4': ''}
2019-08-30 14:16:13,371 - root - INFO - 成功发起POST请求(app接口)，请求结果code为：200, 请求结果字段为：{"count":0,"isRedirect":0,"isSuccess":1,"login":0}
2019-08-30 14:16:13,376 - root - INFO - 请求传入的数据：url:/api/community/endLive,key:app接口,param:{"noteId":{0}},way:POST
2019-08-30 14:16:13,460 - root - INFO - 连接数据库成功
2019-08-30 14:16:13,470 - root - INFO - 成功登录sit环境数据库：talent_circle，版本为：5.7.25-log，执行SQL：SELECT live_status from talent_circle.note_live_info  where note_id = '1273'
2019-08-30 14:16:13,484 - root - INFO - 查询结果：0
2019-08-30 14:16:13,485 - root - INFO - 结束直播成功，对【isSuccess】断言，断言结果--预期值1==实际值1
2019-08-30 14:16:13,486 - root - INFO - 对【直播状态】断言,断言结果--预期值0 == 实际值0
2019-08-30 14:16:13,487 - root - INFO - 测试用例执行完毕
2019-08-30 14:16:13,488 - root - INFO - ----------------------------------
2019-08-30 14:16:13,489 - root - INFO - 测试用例开始执行
2019-08-30 14:16:13,500 - root - INFO - 测试用例开始执行：{'id': 8.0, 'module': '达人圈', 'url': '/api/community/viewLive?noteId={0}', 'name': '直播结束页', 'key': 'app接口', 'param': 'not argument', 'place': "sit;talent_circle;SELECT live_status from talent_circle.note_live_info  where note_id = '{0}';", 'way': 'GET', 'expect1': 'isSuccess=1', 'expect2': 'live_status=0', 'expect3': '', 'expect4': ''}
2019-08-30 14:16:13,555 - root - INFO - 成功发起GET请求(http://shop.m.showjoy.com.cn/api/community/viewLive?noteId=1273)，请求url为：app接口，请求结果code为：200, 请求结果字段为：{"count":0,"data":{"endTime":1567145773000,"headImage":"https://cdn1.showjoy.com/images/8b/8b957c862d3249f6938e27d8e9a6c219.png","imageList":["https://git-cdn.oss-cn-hangzhou.aliyuncs.com/shop/community/20190827/NCHPE3E5755S82V5A6J41566871150340-640x427.jpg"],"likeNumber":1,"liveStatus":0,"needBuyVip":0,"shopId":544655,"startTime":1567145767000,"userId":8887288,"userName":"盛夏名字有点长哈哈哈哈","viewers":1},"isRedirect":0,"isSuccess":1,"login":0}
2019-08-30 14:16:13,556 - root - INFO - 请求传入的数据：url:/api/community/viewLive?noteId={0},key:app接口,param:not argument,way:GET
2019-08-30 14:16:13,650 - root - INFO - 连接数据库成功
2019-08-30 14:16:13,659 - root - INFO - 成功登录sit环境数据库：talent_circle，版本为：5.7.25-log，执行SQL：SELECT live_status from talent_circle.note_live_info  where note_id = '1273'
2019-08-30 14:16:13,678 - root - INFO - 查询结果：0
2019-08-30 14:16:13,679 - root - INFO - 结束直播成功，对【isSuccess】断言，断言结果--预期值1==实际值1
2019-08-30 14:16:13,680 - root - INFO - 对【直播状态】断言,断言结果--预期值0 == 实际值0
2019-08-30 14:16:13,681 - root - INFO - 测试用例执行完毕
2019-08-30 14:16:13,682 - root - INFO - ----------------------------------
2019-08-30 14:16:13,685 - root - INFO - 测试用例开始执行
2019-08-30 14:16:13,698 - root - INFO - 测试用例开始执行：{'id': 9.0, 'module': '达人圈', 'url': '/api/community/removeNote?noteId={0}', 'name': '删除直播内容', 'key': 'app接口', 'param': 'not argument', 'place': "sit;talent_circle;select COUNT(*) from talent_circle.note_info_shadow where note_id = '{0}';", 'way': 'GET', 'expect1': 'msg=删除成功', 'expect2': 'COUNT(*)=1', 'expect3': '', 'expect4': ''}
2019-08-30 14:16:13,698 - root - INFO - 测试用例执行完毕
2019-08-30 14:16:13,699 - root - INFO - ----------------------------------
