2019-08-27 16:58:32,585 - root - INFO - 18768278576用户开始登录，返回登录信息b5f99e28-e29d-4bc6-9fb9-fa09eb935667
2019-08-27 16:58:32,903 - root - INFO - 18768278576登录成功，返回token<e23c40cd-e2bc-4236-b79a-8de1adf866f8>
2019-08-27 16:58:33,029 - root - INFO - 海妖后台登陆成功，返回token<eyJhbGciOiJIUzI1NiIsInR5cCI6IkpXVCJ9.eyJ1c2VySW5mbyI6eyJlbWFpbCI6IiIsImdtdENyZWF0ZSI6MTQ2MTA4MTE0MDAwMCwiZ210TW9kaWZpZWQiOjE1NDcwNzA4MDEwMDAsImlkIjo5MTQwMTM2LCJpbWFnZSI6Ii8vY2RuMS5zaG93am95LmNvbS9zaG9wL3VzZXJfaGVhZC8yMDE4MDUxNC9YUjhRRkFIOVlSQUVZVkRVVFozQjE1MjYyODM5MzExODAuanBnIiwiaXNFbmFibGUiOnRydWUsImlzRmFrZSI6MCwibmljayI6Iua1t-WmliIsInNleFR5cGUiOiJtIiwidGVsIjoiMTM1NjcxMzY2NTQiLCJ1c2VybmFtZSI6Iua1t-WmliIsImFjY291bnRfdHlwZSI6MSwiYnluYW1lIjoi5rW35aaWIiwicmVhbE5hbWUiOiLmtbflppYiLCJzdXBwbGllcklkIjpbMF19LCJpYXQiOjE1NjY4OTYzMTMsImV4cCI6MTU2NzUwMTExM30.V4SszwwvfYqS-_EY6f3BOZLC-n_BziUZYKcBGwWCcEU>
2019-08-27 16:58:33,041 - root - INFO - 测试用例开始执行
2019-08-27 16:58:33,081 - root - INFO - 获取用例数据:{'id': 1.0, 'module': '达人圈', 'url': '/api/community/publishNote', 'name': '发起直播', 'key': 'app接口', 'param': '{"images":"https://git-cdn.oss-cn-hangzhou.aliyuncs.com/shop/community/20190827/NCHPE3E5755S82V5A6J41566871150340-640x427.jpg","watermark":"false","noteType":"1","content":"哈哈哈哈哈","viewerType":"0"}', 'place': '', 'way': 'POST', 'expect1': 'isSuccess=1', 'expect2': 'msg=发布成功', 'expect3': '', 'expect4': ''}
2019-08-27 16:58:33,539 - root - INFO - 成功发起POST请求(app接口)，请求结果code为：200, 请求结果字段为：{"count":0,"data":{"noteId":1212,"noteUserName":"店主盛夏","pushLiveUrl":"rtmp://pushlive.showjoy.com/live/88872881566896313?txSecret=29cd311d99560c79589cfb392ecd4b5b&txTime=5D664239"},"isRedirect":0,"isSuccess":1,"login":0,"msg":"发布成功"}
2019-08-27 16:58:33,540 - root - INFO - 请求传入数据：url:/api/community/publishNote,key:app接口,参数:{"images":"https://git-cdn.oss-cn-hangzhou.aliyuncs.com/shop/community/20190827/NCHPE3E5755S82V5A6J41566871150340-640x427.jpg","watermark":"false","noteType":"1","content":"哈哈哈哈哈","viewerType":"0"},请求方式：POST
2019-08-27 16:58:33,542 - root - INFO - 对【isSuccess】断言,断言结果--预期值1 == 实际值1
2019-08-27 16:58:33,542 - root - INFO - 对【发布结果】断言,断言结果--预期值发布成功 == 实际值发布成功
2019-08-27 16:58:33,543 - root - INFO - 测试用例执行完毕
2019-08-27 16:58:33,544 - root - INFO - ----------------------------------
2019-08-27 16:58:33,545 - root - INFO - 测试用例开始执行
2019-08-27 16:58:33,554 - root - INFO - 获取用例数据：{'id': 2.0, 'module': '达人圈', 'url': '/api/community/startLive', 'name': '推流成功', 'key': 'app接口', 'param': '{"noteId":{0}}', 'place': "sit;talent_circle;SELECT b.live_status from talent_circle.note_info a,talent_circle.note_live_info b where a.user_id='8887288'  ORDER BY b.gmt_create desc LIMIT 1;", 'way': 'POST', 'expect1': 'isSuccess=1', 'expect2': 'live_status=1', 'expect3': '', 'expect4': ''}
2019-08-27 16:58:33,602 - root - INFO - 成功发起POST请求(app接口)，请求结果code为：200, 请求结果字段为：{"count":0,"isRedirect":0,"isSuccess":1,"login":0}
2019-08-27 16:58:33,605 - root - INFO - 请求传入数据：url:/api/community/startLive,key:app接口,参数:{"noteId":{0}},请求方式：POST
2019-08-27 16:58:34,727 - root - INFO - 连接数据库成功
2019-08-27 16:58:34,734 - root - INFO - 成功登录sit环境数据库：talent_circle，版本为：5.7.25-log，执行SQL：SELECT b.live_status from talent_circle.note_info a,talent_circle.note_live_info b where a.user_id='8887288'  ORDER BY b.gmt_create desc LIMIT 1
2019-08-27 16:58:34,745 - root - INFO - 查询结果：1
2019-08-27 16:58:34,746 - root - INFO - 推流成功，对【isSuccess】断言,断言结果--预期值1 == 实际值1
2019-08-27 16:58:34,747 - root - INFO - 对【直播状态】断言,断言结果--预期值1 == 实际值1
2019-08-27 16:58:34,748 - root - INFO - 测试用例执行完毕
2019-08-27 16:58:34,749 - root - INFO - ----------------------------------
2019-08-27 16:58:34,750 - root - INFO - 测试用例开始执行
2019-08-27 16:58:34,760 - root - INFO - 获取用例数据：{'id': 3.0, 'module': '达人圈', 'url': '/api/community/getViewers?noteId={0}', 'name': '观众加入直播', 'key': 'app接口', 'param': 'not argument', 'place': "sit;talent_circle;SELECT live_status from talent_circle.note_live_info  where note_id = '{0}';", 'way': 'GET', 'expect1': 'isSuccess=1', 'expect2': 'live_status=1', 'expect3': '', 'expect4': ''}
2019-08-27 16:58:34,807 - root - INFO - 成功发起GET请求(http://shop.m.showjoy.com.cn/api/community/getViewers?noteId=1212)，请求url为：app接口，请求结果code为：200, 请求结果字段为：{"count":0,"data":0,"isRedirect":0,"isSuccess":1,"login":0}
2019-08-27 16:58:34,808 - root - INFO - 请求传入数据：url:/api/community/getViewers?noteId={0},key:app接口,参数:not argument,请求方式：GET
2019-08-27 16:58:35,909 - root - INFO - 连接数据库成功
2019-08-27 16:58:35,915 - root - INFO - 成功登录sit环境数据库：talent_circle，版本为：5.7.25-log，执行SQL：SELECT live_status from talent_circle.note_live_info  where note_id = '1212'
2019-08-27 16:58:35,930 - root - INFO - 查询结果：1
2019-08-27 16:58:35,932 - root - INFO - 加入成功，对【isSuccess】断言,断言结果--预期值1 == 实际值1
2019-08-27 16:58:35,935 - root - INFO - 对【加入状态】断言,断言结果--预期值1 == 实际值1
2019-08-27 16:58:35,937 - root - INFO - 测试用例执行完毕
2019-08-27 16:58:35,939 - root - INFO - ----------------------------------
