2019-08-29 10:44:05,150 - root - INFO - 18768278576用户开始登录，返回登录信息b5f99e28-e29d-4bc6-9fb9-fa09eb935667
2019-08-29 10:44:05,471 - root - INFO - 18768278576登录成功，返回token<7572470a-1dc7-47bd-bc87-bfd5bb78ba86>
2019-08-29 10:44:05,580 - root - INFO - 海妖后台登陆成功，返回token<eyJhbGciOiJIUzI1NiIsInR5cCI6IkpXVCJ9.eyJ1c2VySW5mbyI6eyJlbWFpbCI6IiIsImdtdENyZWF0ZSI6MTQ2MTA4MTE0MDAwMCwiZ210TW9kaWZpZWQiOjE1NDcwNzA4MDEwMDAsImlkIjo5MTQwMTM2LCJpbWFnZSI6Ii8vY2RuMS5zaG93am95LmNvbS9zaG9wL3VzZXJfaGVhZC8yMDE4MDUxNC9YUjhRRkFIOVlSQUVZVkRVVFozQjE1MjYyODM5MzExODAuanBnIiwiaXNFbmFibGUiOnRydWUsImlzRmFrZSI6MCwibmljayI6Iua1t-WmliIsInNleFR5cGUiOiJtIiwidGVsIjoiMTM1NjcxMzY2NTQiLCJ1c2VybmFtZSI6Iua1t-WmliIsImFjY291bnRfdHlwZSI6MSwiYnluYW1lIjoi5rW35aaWIiwicmVhbE5hbWUiOiLmtbflppYiLCJzdXBwbGllcklkIjpbMF19LCJpYXQiOjE1NjcwNDY2NDUsImV4cCI6MTU2NzY1MTQ0NX0.nKjAAP_-3BEwplvxnhGViO5UtdRgwVq4LlNA4KrS0Ts>
2019-08-29 10:44:05,646 - root - INFO - 18069425303用户开始登录，返回登录信息f809fa34-1ac1-45fd-881a-f0fa327cfc04
2019-08-29 10:44:05,951 - root - INFO - 18069425303登录成功，返回token<ecce5f4d-dbdc-4461-b693-e4f03add9504>
2019-08-29 10:44:05,958 - root - INFO - 测试用例开始执行
2019-08-29 10:44:05,995 - root - INFO - 获取用例数据:{'id': 1.0, 'module': '达人圈', 'url': '/api/community/publishNote', 'name': '发起直播', 'key': 'app接口', 'param': '{"images":"https://git-cdn.oss-cn-hangzhou.aliyuncs.com/shop/community/20190827/NCHPE3E5755S82V5A6J41566871150340-640x427.jpg","watermark":"false","noteType":"1","content":"哈哈哈哈哈","viewerType":"0"}', 'place': '', 'way': 'POST', 'expect1': 'isSuccess=1', 'expect2': 'msg=发布成功', 'expect3': '', 'expect4': ''}
2019-08-29 10:44:06,522 - root - INFO - 成功发起POST请求(app接口)，请求结果code为：200, 请求结果字段为：{"count":0,"data":{"noteId":1237,"noteUserName":"店主盛夏","pushLiveUrl":"rtmp://pushlive.showjoy.com/live/88872881567046646?txSecret=e2660a1e5f3f6a8e397d41534e2feb11&txTime=5D688D76"},"isRedirect":0,"isSuccess":1,"login":0,"msg":"发布成功"}
2019-08-29 10:44:06,524 - root - INFO - 请求传入数据：url:/api/community/publishNote,key:app接口,参数:{"images":"https://git-cdn.oss-cn-hangzhou.aliyuncs.com/shop/community/20190827/NCHPE3E5755S82V5A6J41566871150340-640x427.jpg","watermark":"false","noteType":"1","content":"哈哈哈哈哈","viewerType":"0"},请求方式：POST
2019-08-29 10:44:06,525 - root - INFO - 对【isSuccess】断言,断言结果--预期值1 == 实际值1
2019-08-29 10:44:06,526 - root - INFO - 对【发布结果】断言,断言结果--预期值发布成功 == 实际值发布成功
2019-08-29 10:44:06,526 - root - INFO - 测试用例执行完毕
2019-08-29 10:44:06,527 - root - INFO - ----------------------------------
2019-08-29 10:44:06,529 - root - INFO - 测试用例开始执行
2019-08-29 10:44:06,544 - root - INFO - 获取用例数据：{'id': 2.0, 'module': '达人圈', 'url': '/api/community/startLive', 'name': '推流成功', 'key': 'app接口', 'param': '{"noteId":{0}}', 'place': "sit;talent_circle;SELECT b.live_status from talent_circle.note_info a,talent_circle.note_live_info b where a.user_id='8887288'  ORDER BY b.gmt_create desc LIMIT 1;", 'way': 'POST', 'expect1': 'isSuccess=1', 'expect2': 'live_status=1', 'expect3': '', 'expect4': ''}
2019-08-29 10:44:06,614 - root - INFO - 成功发起POST请求(app接口)，请求结果code为：200, 请求结果字段为：{"count":0,"isRedirect":0,"isSuccess":1,"login":0}
2019-08-29 10:44:06,615 - root - INFO - 请求传入数据：url:/api/community/startLive,key:app接口,参数:{"noteId":{0}},请求方式：POST
2019-08-29 10:44:07,717 - root - INFO - 连接数据库成功
2019-08-29 10:44:07,728 - root - INFO - 成功登录sit环境数据库：talent_circle，版本为：5.7.25-log，执行SQL：SELECT b.live_status from talent_circle.note_info a,talent_circle.note_live_info b where a.user_id='8887288'  ORDER BY b.gmt_create desc LIMIT 1
2019-08-29 10:44:07,743 - root - INFO - 查询结果：1
2019-08-29 10:44:07,744 - root - INFO - 推流成功，对【isSuccess】断言,断言结果--预期值1 == 实际值1
2019-08-29 10:44:07,745 - root - INFO - 对【直播状态】断言,断言结果--预期值1 == 实际值1
2019-08-29 10:44:07,746 - root - INFO - 测试用例执行完毕
2019-08-29 10:44:07,747 - root - INFO - ----------------------------------
2019-08-29 10:44:07,748 - root - INFO - 测试用例开始执行
2019-08-29 10:44:07,758 - root - INFO - 获取用例数据：{'id': 3.0, 'module': '达人圈', 'url': '/api/community/getViewers?noteId={0}', 'name': '观看直播人数', 'key': 'app接口', 'param': 'not argument', 'place': "sit;talent_circle;SELECT live_status from talent_circle.note_live_info  where note_id = '{0}';", 'way': 'GET', 'expect1': 'isSuccess=1', 'expect2': 'live_status=1', 'expect3': '', 'expect4': ''}
2019-08-29 10:44:07,807 - root - INFO - 成功发起GET请求(http://shop.m.showjoy.com.cn/api/community/getViewers?noteId=1237)，请求url为：app接口，请求结果code为：200, 请求结果字段为：{"count":0,"data":0,"isRedirect":0,"isSuccess":1,"login":0}
2019-08-29 10:44:07,810 - root - INFO - 请求传入数据：url:/api/community/getViewers?noteId={0},key:app接口,参数:not argument,请求方式：GET
2019-08-29 10:44:08,918 - root - INFO - 连接数据库成功
2019-08-29 10:44:08,929 - root - INFO - 成功登录sit环境数据库：talent_circle，版本为：5.7.25-log，执行SQL：SELECT live_status from talent_circle.note_live_info  where note_id = '1237'
2019-08-29 10:44:08,943 - root - INFO - 查询结果：1
2019-08-29 10:44:08,945 - root - INFO - 有人数观看，对【isSuccess】断言,断言结果--预期值1 == 实际值1
2019-08-29 10:44:08,946 - root - INFO - 对观看人数断言,断言结果--预期值1 == 实际值1
2019-08-29 10:44:08,947 - root - INFO - 测试用例执行完毕
2019-08-29 10:44:08,947 - root - INFO - ----------------------------------
2019-08-29 10:44:08,949 - root - INFO - 测试用例开始执行
2019-08-29 10:44:08,959 - root - INFO - 获取用例数据：{'id': 4.0, 'module': '达人圈', 'url': '/api/community/viewLive?noteId={0}', 'name': '观众加入直播', 'key': '直播观众', 'param': 'not argument', 'place': "sit;talent_circle;SELECT pull_url from talent_circle.note_live_info  where note_id = '{0}';", 'way': 'GET', 'expect1': 'isSuccess=1', 'expect2': '【比较接口返回的pullUrl和数据库中的pullUrl】', 'expect3': '', 'expect4': ''}
2019-08-29 10:44:09,017 - root - INFO - 成功发起GET请求(http://shop.m.showjoy.com.cn/api/community/viewLive?noteId=1237)，请求url为：直播观众，请求结果code为：200, 请求结果字段为：{"count":0,"data":{"followStatus":2,"headImage":"https://cdn1.showjoy.com/images/8b/8b957c862d3249f6938e27d8e9a6c219.png","imageList":["https://git-cdn.oss-cn-hangzhou.aliyuncs.com/shop/community/20190827/NCHPE3E5755S82V5A6J41566871150340-640x427.jpg"],"likeNumber":0,"liveStatus":1,"needBuyVip":0,"pullUrl":"rtmp://playlive.showjoy.com/live/88872881567046646?txSecret=26d921e87fb56e3e105519be05d7fcbf&txTime=5D688D76","shopId":544655,"userId":8887288,"userName":"盛夏名字有点长哈哈哈哈","viewerUserName":"你说呢哈哈哈","viewers":1},"isRedirect":0,"isSuccess":1,"login":0}
2019-08-29 10:44:09,018 - root - INFO - 请求传入数据：url:/api/community/viewLive?noteId={0},key:直播观众,参数:not argument,请求方式：GET
2019-08-29 10:44:09,117 - root - INFO - 连接数据库成功
2019-08-29 10:44:09,126 - root - INFO - 成功登录sit环境数据库：talent_circle，版本为：5.7.25-log，执行SQL：SELECT pull_url from talent_circle.note_live_info  where note_id = '1237'
2019-08-29 10:44:09,140 - root - INFO - 查询结果：rtmp://playlive.showjoy.com/live/88872881567046646?txSecret=26d921e87fb56e3e105519be05d7fcbf&txTime=5D688D76
2019-08-29 10:44:10,147 - root - INFO - 加入成功，对【isSuccess】断言,断言结果--预期值1 == 实际值1
2019-08-29 10:44:10,149 - root - INFO - 测试用例执行完毕
2019-08-29 10:44:10,150 - root - INFO - ----------------------------------
2019-08-29 10:44:34,623 - root - INFO - 18768278576用户开始登录，返回登录信息b5f99e28-e29d-4bc6-9fb9-fa09eb935667
2019-08-29 10:44:34,928 - root - INFO - 18768278576登录成功，返回token<25b1b214-0b0f-4218-ad1a-ce37e2c91004>
2019-08-29 10:44:35,040 - root - INFO - 海妖后台登陆成功，返回token<eyJhbGciOiJIUzI1NiIsInR5cCI6IkpXVCJ9.eyJ1c2VySW5mbyI6eyJlbWFpbCI6IiIsImdtdENyZWF0ZSI6MTQ2MTA4MTE0MDAwMCwiZ210TW9kaWZpZWQiOjE1NDcwNzA4MDEwMDAsImlkIjo5MTQwMTM2LCJpbWFnZSI6Ii8vY2RuMS5zaG93am95LmNvbS9zaG9wL3VzZXJfaGVhZC8yMDE4MDUxNC9YUjhRRkFIOVlSQUVZVkRVVFozQjE1MjYyODM5MzExODAuanBnIiwiaXNFbmFibGUiOnRydWUsImlzRmFrZSI6MCwibmljayI6Iua1t-WmliIsInNleFR5cGUiOiJtIiwidGVsIjoiMTM1NjcxMzY2NTQiLCJ1c2VybmFtZSI6Iua1t-WmliIsImFjY291bnRfdHlwZSI6MSwiYnluYW1lIjoi5rW35aaWIiwicmVhbE5hbWUiOiLmtbflppYiLCJzdXBwbGllcklkIjpbMF19LCJpYXQiOjE1NjcwNDY2NzUsImV4cCI6MTU2NzY1MTQ3NX0.98xeIMVVm5K4OGrfvZv02nn--dwXYryePQWeOqIRR8A>
2019-08-29 10:44:35,109 - root - INFO - 18069425303用户开始登录，返回登录信息f809fa34-1ac1-45fd-881a-f0fa327cfc04
2019-08-29 10:44:35,400 - root - INFO - 18069425303登录成功，返回token<7cd3add9-bb0e-4ed6-bbc5-8836fc228c34>
2019-08-29 10:44:35,406 - root - INFO - 测试用例开始执行
2019-08-29 10:44:35,433 - root - INFO - 获取用例数据:{'id': 1.0, 'module': '达人圈', 'url': '/api/community/publishNote', 'name': '发起直播', 'key': 'app接口', 'param': '{"images":"https://git-cdn.oss-cn-hangzhou.aliyuncs.com/shop/community/20190827/NCHPE3E5755S82V5A6J41566871150340-640x427.jpg","watermark":"false","noteType":"1","content":"哈哈哈哈哈","viewerType":"0"}', 'place': '', 'way': 'POST', 'expect1': 'isSuccess=1', 'expect2': 'msg=发布成功', 'expect3': '', 'expect4': ''}
2019-08-29 10:44:35,765 - root - INFO - 成功发起POST请求(app接口)，请求结果code为：200, 请求结果字段为：{"count":0,"data":{"noteId":1238,"noteUserName":"店主盛夏","pushLiveUrl":"rtmp://pushlive.showjoy.com/live/88872881567046675?txSecret=84cfb5982d378386f556121dd99fe8d8&txTime=5D688D93"},"isRedirect":0,"isSuccess":1,"login":0,"msg":"发布成功"}
2019-08-29 10:44:35,766 - root - INFO - 请求传入数据：url:/api/community/publishNote,key:app接口,参数:{"images":"https://git-cdn.oss-cn-hangzhou.aliyuncs.com/shop/community/20190827/NCHPE3E5755S82V5A6J41566871150340-640x427.jpg","watermark":"false","noteType":"1","content":"哈哈哈哈哈","viewerType":"0"},请求方式：POST
2019-08-29 10:44:35,767 - root - INFO - 对【isSuccess】断言,断言结果--预期值1 == 实际值1
2019-08-29 10:44:35,768 - root - INFO - 对【发布结果】断言,断言结果--预期值发布成功 == 实际值发布成功
2019-08-29 10:44:35,769 - root - INFO - 测试用例执行完毕
2019-08-29 10:44:35,769 - root - INFO - ----------------------------------
2019-08-29 10:44:35,771 - root - INFO - 测试用例开始执行
2019-08-29 10:44:35,780 - root - INFO - 获取用例数据：{'id': 2.0, 'module': '达人圈', 'url': '/api/community/startLive', 'name': '推流成功', 'key': 'app接口', 'param': '{"noteId":{0}}', 'place': "sit;talent_circle;SELECT b.live_status from talent_circle.note_info a,talent_circle.note_live_info b where a.user_id='8887288'  ORDER BY b.gmt_create desc LIMIT 1;", 'way': 'POST', 'expect1': 'isSuccess=1', 'expect2': 'live_status=1', 'expect3': '', 'expect4': ''}
2019-08-29 10:44:35,829 - root - INFO - 成功发起POST请求(app接口)，请求结果code为：200, 请求结果字段为：{"count":0,"isRedirect":0,"isSuccess":1,"login":0}
2019-08-29 10:44:35,830 - root - INFO - 请求传入数据：url:/api/community/startLive,key:app接口,参数:{"noteId":{0}},请求方式：POST
2019-08-29 10:44:36,938 - root - INFO - 连接数据库成功
2019-08-29 10:44:36,946 - root - INFO - 成功登录sit环境数据库：talent_circle，版本为：5.7.25-log，执行SQL：SELECT b.live_status from talent_circle.note_info a,talent_circle.note_live_info b where a.user_id='8887288'  ORDER BY b.gmt_create desc LIMIT 1
2019-08-29 10:44:36,959 - root - INFO - 查询结果：1
2019-08-29 10:44:36,961 - root - INFO - 推流成功，对【isSuccess】断言,断言结果--预期值1 == 实际值1
2019-08-29 10:44:36,962 - root - INFO - 对【直播状态】断言,断言结果--预期值1 == 实际值1
2019-08-29 10:44:36,963 - root - INFO - 测试用例执行完毕
2019-08-29 10:44:36,963 - root - INFO - ----------------------------------
2019-08-29 10:44:36,965 - root - INFO - 测试用例开始执行
2019-08-29 10:44:36,975 - root - INFO - 获取用例数据：{'id': 3.0, 'module': '达人圈', 'url': '/api/community/getViewers?noteId={0}', 'name': '观看直播人数', 'key': 'app接口', 'param': 'not argument', 'place': "sit;talent_circle;SELECT live_status from talent_circle.note_live_info  where note_id = '{0}';", 'way': 'GET', 'expect1': 'isSuccess=1', 'expect2': 'live_status=1', 'expect3': '', 'expect4': ''}
2019-08-29 10:44:37,020 - root - INFO - 成功发起GET请求(http://shop.m.showjoy.com.cn/api/community/getViewers?noteId=1238)，请求url为：app接口，请求结果code为：200, 请求结果字段为：{"count":0,"data":0,"isRedirect":0,"isSuccess":1,"login":0}
2019-08-29 10:44:37,021 - root - INFO - 请求传入数据：url:/api/community/getViewers?noteId={0},key:app接口,参数:not argument,请求方式：GET
2019-08-29 10:44:38,122 - root - INFO - 连接数据库成功
2019-08-29 10:44:38,132 - root - INFO - 成功登录sit环境数据库：talent_circle，版本为：5.7.25-log，执行SQL：SELECT live_status from talent_circle.note_live_info  where note_id = '1238'
2019-08-29 10:44:38,145 - root - INFO - 查询结果：1
2019-08-29 10:44:38,148 - root - INFO - 有人数观看，对【isSuccess】断言,断言结果--预期值1 == 实际值1
2019-08-29 10:44:38,149 - root - INFO - 对观看人数断言,断言结果--预期值1 == 实际值1
2019-08-29 10:44:38,149 - root - INFO - 测试用例执行完毕
2019-08-29 10:44:38,150 - root - INFO - ----------------------------------
2019-08-29 10:44:38,151 - root - INFO - 测试用例开始执行
2019-08-29 10:44:38,161 - root - INFO - 获取用例数据：{'id': 4.0, 'module': '达人圈', 'url': '/api/community/viewLive?noteId={0}', 'name': '观众加入直播', 'key': '直播观众', 'param': 'not argument', 'place': "sit;talent_circle;SELECT pull_url from talent_circle.note_live_info  where note_id = '{0}';", 'way': 'GET', 'expect1': 'isSuccess=1', 'expect2': '【比较接口返回的pullUrl和数据库中的pullUrl】', 'expect3': '', 'expect4': ''}
2019-08-29 10:44:38,222 - root - INFO - 成功发起GET请求(http://shop.m.showjoy.com.cn/api/community/viewLive?noteId=1238)，请求url为：直播观众，请求结果code为：200, 请求结果字段为：{"count":0,"data":{"followStatus":2,"headImage":"https://cdn1.showjoy.com/images/8b/8b957c862d3249f6938e27d8e9a6c219.png","imageList":["https://git-cdn.oss-cn-hangzhou.aliyuncs.com/shop/community/20190827/NCHPE3E5755S82V5A6J41566871150340-640x427.jpg"],"likeNumber":0,"liveStatus":1,"needBuyVip":0,"pullUrl":"rtmp://playlive.showjoy.com/live/88872881567046675?txSecret=4ff101ca1a75da310839fbed9bf69a9c&txTime=5D688D93","shopId":544655,"userId":8887288,"userName":"盛夏名字有点长哈哈哈哈","viewerUserName":"你说呢哈哈哈","viewers":1},"isRedirect":0,"isSuccess":1,"login":0}
2019-08-29 10:44:38,224 - root - INFO - 请求传入数据：url:/api/community/viewLive?noteId={0},key:直播观众,参数:not argument,请求方式：GET
2019-08-29 10:44:38,318 - root - INFO - 连接数据库成功
2019-08-29 10:44:38,327 - root - INFO - 成功登录sit环境数据库：talent_circle，版本为：5.7.25-log，执行SQL：SELECT pull_url from talent_circle.note_live_info  where note_id = '1238'
2019-08-29 10:44:38,340 - root - INFO - 查询结果：rtmp://playlive.showjoy.com/live/88872881567046675?txSecret=4ff101ca1a75da310839fbed9bf69a9c&txTime=5D688D93
2019-08-29 10:44:39,344 - root - INFO - 加入成功，对【isSuccess】断言,断言结果--预期值1 == 实际值1
2019-08-29 10:44:39,345 - root - INFO - 测试用例执行完毕
2019-08-29 10:44:39,346 - root - INFO - ----------------------------------
