2019-08-27 15:55:24,842 - root - INFO - 18768278576用户开始登录，返回登录信息b5f99e28-e29d-4bc6-9fb9-fa09eb935667
2019-08-27 15:55:25,187 - root - INFO - 18768278576登录成功，返回token<492a9a79-faf9-4ccb-8a1b-9d0d3d588cfd>
2019-08-27 15:55:25,317 - root - INFO - 海妖后台登陆成功，返回token<eyJhbGciOiJIUzI1NiIsInR5cCI6IkpXVCJ9.eyJ1c2VySW5mbyI6eyJlbWFpbCI6IiIsImdtdENyZWF0ZSI6MTQ2MTA4MTE0MDAwMCwiZ210TW9kaWZpZWQiOjE1NDcwNzA4MDEwMDAsImlkIjo5MTQwMTM2LCJpbWFnZSI6Ii8vY2RuMS5zaG93am95LmNvbS9zaG9wL3VzZXJfaGVhZC8yMDE4MDUxNC9YUjhRRkFIOVlSQUVZVkRVVFozQjE1MjYyODM5MzExODAuanBnIiwiaXNFbmFibGUiOnRydWUsImlzRmFrZSI6MCwibmljayI6Iua1t-WmliIsInNleFR5cGUiOiJtIiwidGVsIjoiMTM1NjcxMzY2NTQiLCJ1c2VybmFtZSI6Iua1t-WmliIsImFjY291bnRfdHlwZSI6MSwiYnluYW1lIjoi5rW35aaWIiwicmVhbE5hbWUiOiLmtbflppYiLCJzdXBwbGllcklkIjpbMF19LCJpYXQiOjE1NjY4OTI1MjUsImV4cCI6MTU2NzQ5NzMyNX0.Li-ZXKGLyrXh7iu-jqGOhYWaEwJXa2cQdlJd40Db4L8>
2019-08-27 15:55:25,326 - root - INFO - 测试用例开始执行
2019-08-27 15:55:25,367 - root - INFO - 获取用例数据:{'id': 1.0, 'module': '达人圈', 'url': '/api/community/publishNote', 'name': '发起直播', 'key': 'app接口', 'param': '{"images":"https://git-cdn.oss-cn-hangzhou.aliyuncs.com/shop/community/20190827/NCHPE3E5755S82V5A6J41566871150340-640x427.jpg","watermark":"false","noteType":"1","content":"哈哈哈哈哈","viewerType":"0"}', 'place': '', 'way': 'POST', 'expect1': 'isSuccess=1', 'expect2': 'msg=发布成功', 'expect3': '', 'expect4': ''}
2019-08-27 15:55:25,714 - root - INFO - 成功发起POST请求(app接口)，请求结果code为：200, 请求结果字段为：{"count":0,"data":{"noteId":1207,"noteUserName":"店主盛夏","pushLiveUrl":"rtmp://pushlive.showjoy.com/live/88872881566892525?txSecret=baf5913d045d0dda6b91ed9c51747529&txTime=5D66336D"},"isRedirect":0,"isSuccess":1,"login":0,"msg":"发布成功"}
2019-08-27 15:55:25,716 - root - INFO - 请求传入数据：url:/api/community/publishNote,key:app接口,参数:{"images":"https://git-cdn.oss-cn-hangzhou.aliyuncs.com/shop/community/20190827/NCHPE3E5755S82V5A6J41566871150340-640x427.jpg","watermark":"false","noteType":"1","content":"哈哈哈哈哈","viewerType":"0"},请求方式：POST
2019-08-27 15:55:25,717 - root - INFO - 对【isSuccess】断言,断言结果--预期值1 == 实际值1
2019-08-27 15:55:25,719 - root - INFO - 对【发布结果】断言,断言结果--预期值发布成功 == 实际值发布成功
2019-08-27 15:55:25,720 - root - INFO - 测试用例执行完毕
2019-08-27 15:55:25,720 - root - INFO - ----------------------------------
2019-08-27 15:55:25,721 - root - INFO - 测试用例开始执行
2019-08-27 15:55:25,733 - root - INFO - 获取用例数据：{'id': 2.0, 'module': '达人圈', 'url': '/api/community/startLive', 'name': '推流成功', 'key': 'app接口', 'param': '{"noteId":"{0}"}', 'place': "sit;talent_circle;SELECT id  from note_info where user_id='8887288' and note_type= 1 ORDER BY gmt_create desc limit 1;", 'way': 'POST', 'expect1': 'isSuccess=1', 'expect2': '【noteid数据库和返回值做校验】', 'expect3': '', 'expect4': ''}
2019-08-27 15:55:25,786 - root - INFO - 成功发起POST请求(app接口)，请求结果code为：200, 请求结果字段为：{"count":0,"isRedirect":0,"isSuccess":1,"login":0}
2019-08-27 15:55:25,787 - root - INFO - 请求传入数据：url:/api/community/startLive,key:app接口,参数:{"noteId":"{0}"},请求方式：POST
2019-08-27 15:55:26,912 - root - INFO - 连接数据库成功
2019-08-27 15:55:26,923 - root - INFO - 成功登录sit环境数据库：talent_circle，版本为：5.7.25-log，执行SQL：SELECT id  from note_info where user_id='8887288' and note_type= 1 ORDER BY gmt_create desc limit 1
2019-08-27 15:55:26,941 - root - INFO - 查询结果：1207
2019-08-27 15:55:26,943 - root - INFO - 推流成功，对【isSuccess】断言,断言结果--预期值1 == 实际值1
2019-08-27 15:55:26,944 - root - INFO - 已推流成功【1207】
2019-08-27 15:55:26,945 - root - INFO - 测试用例执行完毕
2019-08-27 15:55:26,946 - root - INFO - ----------------------------------
