2019-08-28 10:35:50,358 - root - INFO - 18768278576用户开始登录，返回登录信息b5f99e28-e29d-4bc6-9fb9-fa09eb935667
2019-08-28 10:35:50,681 - root - INFO - 18768278576登录成功，返回token<35c846ff-d624-438d-a9ec-18095c0e9dba>
2019-08-28 10:35:50,801 - root - INFO - 海妖后台登陆成功，返回token<eyJhbGciOiJIUzI1NiIsInR5cCI6IkpXVCJ9.eyJ1c2VySW5mbyI6eyJlbWFpbCI6IiIsImdtdENyZWF0ZSI6MTQ2MTA4MTE0MDAwMCwiZ210TW9kaWZpZWQiOjE1NDcwNzA4MDEwMDAsImlkIjo5MTQwMTM2LCJpbWFnZSI6Ii8vY2RuMS5zaG93am95LmNvbS9zaG9wL3VzZXJfaGVhZC8yMDE4MDUxNC9YUjhRRkFIOVlSQUVZVkRVVFozQjE1MjYyODM5MzExODAuanBnIiwiaXNFbmFibGUiOnRydWUsImlzRmFrZSI6MCwibmljayI6Iua1t-WmliIsInNleFR5cGUiOiJtIiwidGVsIjoiMTM1NjcxMzY2NTQiLCJ1c2VybmFtZSI6Iua1t-WmliIsImFjY291bnRfdHlwZSI6MSwiYnluYW1lIjoi5rW35aaWIiwicmVhbE5hbWUiOiLmtbflppYiLCJzdXBwbGllcklkIjpbMF19LCJpYXQiOjE1NjY5NTk3NTAsImV4cCI6MTU2NzU2NDU1MH0.ZbWCH106JjyFg8NbvypkWQ2IzWoIjrjg0pHs97qTnw0>
2019-08-28 10:35:50,811 - root - INFO - 测试用例开始执行
2019-08-28 10:35:50,851 - root - INFO - 获取用例数据:{'id': 1.0, 'module': '达人圈', 'url': '/api/community/publishNote', 'name': '发起直播', 'key': 'app接口', 'param': '{"images":"https://git-cdn.oss-cn-hangzhou.aliyuncs.com/shop/community/20190827/NCHPE3E5755S82V5A6J41566871150340-640x427.jpg","watermark":"false","noteType":"1","content":"哈哈哈哈哈","viewerType":"0"}', 'place': '', 'way': 'POST', 'expect1': 'isSuccess=1', 'expect2': 'msg=发布成功', 'expect3': '', 'expect4': ''}
2019-08-28 10:35:51,350 - root - INFO - 成功发起POST请求(app接口)，请求结果code为：200, 请求结果字段为：{"count":0,"data":{"noteId":1214,"noteUserName":"店主盛夏","pushLiveUrl":"rtmp://pushlive.showjoy.com/live/88872881566959751?txSecret=905c7cb1ed74e4a5d474e2321aca5eca&txTime=5D673A07"},"isRedirect":0,"isSuccess":1,"login":0,"msg":"发布成功"}
2019-08-28 10:35:51,350 - root - INFO - 请求传入数据：url:/api/community/publishNote,key:app接口,参数:{"images":"https://git-cdn.oss-cn-hangzhou.aliyuncs.com/shop/community/20190827/NCHPE3E5755S82V5A6J41566871150340-640x427.jpg","watermark":"false","noteType":"1","content":"哈哈哈哈哈","viewerType":"0"},请求方式：POST
2019-08-28 10:35:51,351 - root - INFO - 对【isSuccess】断言,断言结果--预期值1 == 实际值1
2019-08-28 10:35:51,351 - root - INFO - 对【发布结果】断言,断言结果--预期值发布成功 == 实际值发布成功
2019-08-28 10:35:51,352 - root - INFO - 测试用例执行完毕
2019-08-28 10:35:51,352 - root - INFO - ----------------------------------
2019-08-28 10:35:51,353 - root - INFO - 测试用例开始执行
2019-08-28 10:35:51,357 - root - INFO - 获取用例数据：{'id': 2.0, 'module': '达人圈', 'url': '/api/community/startLive', 'name': '推流成功', 'key': 'app接口', 'param': '{"noteId":{0}}', 'place': "sit;talent_circle;SELECT b.live_status from talent_circle.note_info a,talent_circle.note_live_info b where a.user_id='8887288'  ORDER BY b.gmt_create desc LIMIT 1;", 'way': 'POST', 'expect1': 'isSuccess=1', 'expect2': 'live_status=1', 'expect3': '', 'expect4': ''}
2019-08-28 10:35:51,403 - root - INFO - 成功发起POST请求(app接口)，请求结果code为：200, 请求结果字段为：{"count":0,"isRedirect":0,"isSuccess":1,"login":0}
2019-08-28 10:35:51,404 - root - INFO - 请求传入数据：url:/api/community/startLive,key:app接口,参数:{"noteId":{0}},请求方式：POST
2019-08-28 10:35:52,571 - root - INFO - 连接数据库成功
2019-08-28 10:35:52,580 - root - INFO - 成功登录sit环境数据库：talent_circle，版本为：5.7.25-log，执行SQL：SELECT b.live_status from talent_circle.note_info a,talent_circle.note_live_info b where a.user_id='8887288'  ORDER BY b.gmt_create desc LIMIT 1
2019-08-28 10:35:52,594 - root - INFO - 查询结果：1
2019-08-28 10:35:52,595 - root - INFO - 推流成功，对【isSuccess】断言,断言结果--预期值1 == 实际值1
2019-08-28 10:35:52,596 - root - INFO - 对【直播状态】断言,断言结果--预期值1 == 实际值1
2019-08-28 10:35:52,597 - root - INFO - 测试用例执行完毕
2019-08-28 10:35:52,598 - root - INFO - ----------------------------------
2019-08-28 10:35:52,599 - root - INFO - 测试用例开始执行
2019-08-28 10:35:52,611 - root - INFO - 获取用例数据：{'id': 3.0, 'module': '达人圈', 'url': '/api/community/getViewers?noteId={0}', 'name': '观看直播人数', 'key': 'app接口', 'param': 'not argument', 'place': "sit;talent_circle;SELECT live_status from talent_circle.note_live_info  where note_id = '{0}';", 'way': 'GET', 'expect1': 'isSuccess=1', 'expect2': 'live_status=1', 'expect3': '', 'expect4': ''}
2019-08-28 10:35:52,649 - root - INFO - 成功发起GET请求(http://shop.m.showjoy.com.cn/api/community/getViewers?noteId=1214)，请求url为：app接口，请求结果code为：200, 请求结果字段为：{"count":0,"data":0,"isRedirect":0,"isSuccess":1,"login":0}
2019-08-28 10:35:52,650 - root - INFO - 请求传入数据：url:/api/community/getViewers?noteId={0},key:app接口,参数:not argument,请求方式：GET
2019-08-28 10:35:53,771 - root - INFO - 连接数据库成功
2019-08-28 10:35:53,780 - root - INFO - 成功登录sit环境数据库：talent_circle，版本为：5.7.25-log，执行SQL：SELECT live_status from talent_circle.note_live_info  where note_id = '1214'
2019-08-28 10:35:53,798 - root - INFO - 查询结果：1
2019-08-28 10:35:53,799 - root - INFO - 有人数观看，对【isSuccess】断言,断言结果--预期值1 == 实际值1
2019-08-28 10:35:53,800 - root - INFO - 对观看人数断言,断言结果--预期值1 == 实际值1
2019-08-28 10:35:53,801 - root - INFO - 测试用例执行完毕
2019-08-28 10:35:53,802 - root - INFO - ----------------------------------
2019-08-28 10:35:53,804 - root - INFO - 测试用例开始执行
2019-08-28 10:35:53,825 - root - INFO - 测试用例执行完毕
2019-08-28 10:35:53,826 - root - INFO - ----------------------------------
